<?xml version="1.0" encoding="UTF-8"?>
<coverage generated="1773584604171" clover="3.2.0">
  <project timestamp="1773584604171" name="All files">
    <metrics statements="2377" coveredstatements="1738" conditionals="2228" coveredconditionals="1329" methods="754" coveredmethods="499" elements="5359" coveredelements="3566" complexity="0" loc="2377" ncloc="2377" packages="18" files="86" classes="86"/>
    <package name="src">
      <metrics statements="41" coveredstatements="39" conditionals="7" coveredconditionals="3" methods="26" coveredmethods="8"/>
      <file name="App.tsx" path="/home/runner/work/node-pulse/node-pulse/frontend/src/App.tsx">
        <metrics statements="30" coveredstatements="30" conditionals="0" coveredconditionals="0" methods="25" coveredmethods="7"/>
        <line num="8" count="1" type="stmt"/>
        <line num="9" count="1" type="stmt"/>
        <line num="10" count="1" type="stmt"/>
        <line num="11" count="1" type="stmt"/>
        <line num="12" count="1" type="stmt"/>
        <line num="13" count="1" type="stmt"/>
        <line num="14" count="1" type="stmt"/>
        <line num="15" count="1" type="stmt"/>
        <line num="16" count="1" type="stmt"/>
        <line num="17" count="1" type="stmt"/>
        <line num="18" count="1" type="stmt"/>
        <line num="19" count="1" type="stmt"/>
        <line num="20" count="1" type="stmt"/>
        <line num="21" count="1" type="stmt"/>
        <line num="22" count="1" type="stmt"/>
        <line num="23" count="1" type="stmt"/>
        <line num="24" count="1" type="stmt"/>
        <line num="31" count="3" type="stmt"/>
        <line num="33" count="1" type="stmt"/>
        <line num="35" count="1" type="stmt"/>
        <line num="45" count="4" type="stmt"/>
        <line num="48" count="1" type="stmt"/>
        <line num="49" count="1" type="stmt"/>
        <line num="54" count="1" type="stmt"/>
        <line num="55" count="1" type="stmt"/>
        <line num="56" count="1" type="stmt"/>
        <line num="58" count="1" type="stmt"/>
        <line num="59" count="1" type="stmt"/>
        <line num="60" count="1" type="stmt"/>
        <line num="64" count="1" type="stmt"/>
      </file>
      <file name="i18n-config.ts" path="/home/runner/work/node-pulse/node-pulse/frontend/src/i18n-config.ts">
        <metrics statements="1" coveredstatements="1" conditionals="0" coveredconditionals="0" methods="0" coveredmethods="0"/>
        <line num="8" count="4" type="stmt"/>
      </file>
      <file name="i18n.ts" path="/home/runner/work/node-pulse/node-pulse/frontend/src/i18n.ts">
        <metrics statements="10" coveredstatements="8" conditionals="7" coveredconditionals="3" methods="1" coveredmethods="1"/>
        <line num="15" count="3" type="stmt"/>
        <line num="21" count="3" type="stmt"/>
        <line num="22" count="3" type="stmt"/>
        <line num="23" count="3" type="cond" truecount="2" falsecount="3"/>
        <line num="24" count="0" type="stmt"/>
        <line num="28" count="3" type="stmt"/>
        <line num="29" count="3" type="cond" truecount="1" falsecount="1"/>
        <line num="30" count="0" type="stmt"/>
        <line num="32" count="3" type="stmt"/>
        <line num="36" count="3" type="stmt"/>
      </file>
    </package>
    <package name="src.api">
      <metrics statements="205" coveredstatements="153" conditionals="145" coveredconditionals="103" methods="55" coveredmethods="40"/>
      <file name="alertRecords.ts" path="/home/runner/work/node-pulse/node-pulse/frontend/src/api/alertRecords.ts">
        <metrics statements="20" coveredstatements="14" conditionals="24" coveredconditionals="19" methods="5" coveredmethods="2"/>
        <line num="95" count="0" type="cond" truecount="0" falsecount="2"/>
        <line num="98" count="0" type="stmt"/>
        <line num="104" count="0" type="cond" truecount="0" falsecount="2"/>
        <line num="144" count="8" type="cond" truecount="4" falsecount="0"/>
        <line num="146" count="2" type="stmt"/>
        <line num="150" count="6" type="stmt"/>
        <line num="151" count="6" type="cond" truecount="2" falsecount="0"/>
        <line num="152" count="6" type="cond" truecount="2" falsecount="0"/>
        <line num="153" count="6" type="cond" truecount="2" falsecount="0"/>
        <line num="154" count="6" type="cond" truecount="2" falsecount="0"/>
        <line num="155" count="6" type="cond" truecount="2" falsecount="0"/>
        <line num="156" count="6" type="cond" truecount="2" falsecount="0"/>
        <line num="157" count="6" type="cond" truecount="2" falsecount="0"/>
        <line num="159" count="6" type="stmt"/>
        <line num="180" count="3" type="stmt"/>
        <line num="181" count="3" type="cond" truecount="1" falsecount="1"/>
        <line num="182" count="0" type="stmt"/>
        <line num="185" count="3" type="stmt"/>
        <line num="207" count="0" type="stmt"/>
        <line num="224" count="0" type="stmt"/>
      </file>
      <file name="alerts.ts" path="/home/runner/work/node-pulse/node-pulse/frontend/src/api/alerts.ts">
        <metrics statements="13" coveredstatements="0" conditionals="14" coveredconditionals="0" methods="5" coveredmethods="0"/>
        <line num="37" count="0" type="stmt"/>
        <line num="59" count="0" type="stmt"/>
        <line num="85" count="0" type="stmt"/>
        <line num="106" count="0" type="stmt"/>
        <line num="132" count="0" type="cond" truecount="0" falsecount="4"/>
        <line num="134" count="0" type="stmt"/>
        <line num="138" count="0" type="stmt"/>
        <line num="139" count="0" type="cond" truecount="0" falsecount="2"/>
        <line num="140" count="0" type="cond" truecount="0" falsecount="2"/>
        <line num="141" count="0" type="cond" truecount="0" falsecount="2"/>
        <line num="142" count="0" type="cond" truecount="0" falsecount="2"/>
        <line num="143" count="0" type="cond" truecount="0" falsecount="2"/>
        <line num="145" count="0" type="stmt"/>
      </file>
      <file name="auth.ts" path="/home/runner/work/node-pulse/node-pulse/frontend/src/api/auth.ts">
        <metrics statements="16" coveredstatements="13" conditionals="12" coveredconditionals="5" methods="4" coveredmethods="4"/>
        <line num="52" count="6" type="stmt"/>
        <line num="53" count="6" type="stmt"/>
        <line num="59" count="5" type="cond" truecount="2" falsecount="0"/>
        <line num="60" count="4" type="stmt"/>
        <line num="63" count="1" type="stmt"/>
        <line num="87" count="2" type="stmt"/>
        <line num="88" count="2" type="stmt"/>
        <line num="92" count="1" type="stmt"/>
        <line num="112" count="2" type="stmt"/>
        <line num="113" count="2" type="stmt"/>
        <line num="118" count="1" type="stmt"/>
        <line num="145" count="1" type="stmt"/>
        <line num="146" count="1" type="stmt"/>
        <line num="151" count="0" type="cond" truecount="0" falsecount="2"/>
        <line num="152" count="0" type="stmt"/>
        <line num="155" count="0" type="stmt"/>
      </file>
      <file name="client.ts" path="/home/runner/work/node-pulse/node-pulse/frontend/src/api/client.ts">
        <metrics statements="79" coveredstatements="67" conditionals="70" coveredconditionals="59" methods="9" coveredmethods="8"/>
        <line num="39" count="10" type="stmt"/>
        <line num="44" count="10" type="stmt"/>
        <line num="54" count="13" type="cond" truecount="2" falsecount="0"/>
        <line num="82" count="111" type="stmt"/>
        <line num="93" count="111" type="stmt"/>
        <line num="94" count="111" type="stmt"/>
        <line num="97" count="111" type="stmt"/>
        <line num="98" count="111" type="stmt"/>
        <line num="101" count="111" type="stmt"/>
        <line num="102" count="111" type="stmt"/>
        <line num="105" count="111" type="cond" truecount="2" falsecount="0"/>
        <line num="106" count="111" type="cond" truecount="4" falsecount="0"/>
        <line num="108" count="111" type="stmt"/>
        <line num="120" count="111" type="stmt"/>
        <line num="121" count="111" type="stmt"/>
        <line num="124" count="44" type="cond" truecount="2" falsecount="0"/>
        <line num="125" count="21" type="stmt"/>
        <line num="129" count="23" type="cond" truecount="5" falsecount="0"/>
        <line num="130" count="8" type="stmt"/>
        <line num="131" count="8" type="stmt"/>
        <line num="133" count="0" type="stmt"/>
        <line num="136" count="8" type="cond" truecount="4" falsecount="0"/>
        <line num="137" count="2" type="stmt"/>
        <line num="139" count="6" type="stmt"/>
        <line num="140" count="6" type="stmt"/>
        <line num="141" count="6" type="stmt"/>
        <line num="146" count="15" type="cond" truecount="2" falsecount="0"/>
        <line num="147" count="2" type="stmt"/>
        <line num="148" count="2" type="stmt"/>
        <line num="157" count="13" type="stmt"/>
        <line num="160" count="0" type="stmt"/>
        <line num="162" count="44" type="stmt"/>
        <line num="173" count="8" type="stmt"/>
        <line num="176" count="8" type="stmt"/>
        <line num="177" count="8" type="stmt"/>
        <line num="179" count="8" type="stmt"/>
        <line num="180" count="8" type="stmt"/>
        <line num="189" count="8" type="stmt"/>
        <line num="191" count="8" type="cond" truecount="1" falsecount="1"/>
        <line num="193" count="8" type="cond" truecount="1" falsecount="1"/>
        <line num="194" count="0" type="stmt"/>
        <line num="195" count="0" type="stmt"/>
        <line num="199" count="8" type="cond" truecount="2" falsecount="0"/>
        <line num="200" count="2" type="stmt"/>
        <line num="201" count="2" type="stmt"/>
        <line num="204" count="6" type="stmt"/>
        <line num="207" count="0" type="stmt"/>
        <line num="210" count="0" type="cond" truecount="0" falsecount="2"/>
        <line num="211" count="8" type="stmt"/>
        <line num="212" count="8" type="stmt"/>
        <line num="214" count="8" type="cond" truecount="1" falsecount="1"/>
        <line num="215" count="0" type="stmt"/>
        <line num="218" count="0" type="stmt"/>
        <line num="220" count="8" type="stmt"/>
        <line num="223" count="8" type="cond" truecount="3" falsecount="1"/>
        <line num="224" count="0" type="stmt"/>
        <line num="225" count="0" type="stmt"/>
        <line num="228" count="8" type="stmt"/>
        <line num="236" count="12" type="stmt"/>
        <line num="237" count="6" type="stmt"/>
        <line num="239" count="12" type="stmt"/>
        <line num="240" count="12" type="cond" truecount="1" falsecount="1"/>
        <line num="241" count="12" type="stmt"/>
        <line num="249" count="28" type="stmt"/>
        <line num="260" count="13" type="stmt"/>
        <line num="261" count="13" type="stmt"/>
        <line num="264" count="1" type="stmt"/>
        <line num="272" count="13" type="cond" truecount="4" falsecount="1"/>
        <line num="277" count="13" type="cond" truecount="4" falsecount="1"/>
        <line num="282" count="13" type="cond" truecount="5" falsecount="0"/>
        <line num="287" count="13" type="cond" truecount="4" falsecount="0"/>
        <line num="288" count="3" type="stmt"/>
        <line num="293" count="13" type="cond" truecount="4" falsecount="2"/>
        <line num="295" count="3" type="stmt"/>
        <line num="298" count="5" type="stmt"/>
        <line num="300" count="0" type="stmt"/>
        <line num="302" count="3" type="stmt"/>
        <line num="305" count="2" type="stmt"/>
        <line num="307" count="0" type="stmt"/>
      </file>
      <file name="data.ts" path="/home/runner/work/node-pulse/node-pulse/frontend/src/api/data.ts">
        <metrics statements="25" coveredstatements="8" conditionals="4" coveredconditionals="1" methods="8" coveredmethods="3"/>
        <line num="45" count="0" type="stmt"/>
        <line num="46" count="0" type="stmt"/>
        <line num="48" count="0" type="stmt"/>
        <line num="49" count="0" type="cond" truecount="0" falsecount="2"/>
        <line num="53" count="0" type="stmt"/>
        <line num="87" count="66" type="stmt"/>
        <line num="90" count="66" type="stmt"/>
        <line num="93" count="66" type="stmt"/>
        <line num="94" count="66" type="stmt"/>
        <line num="97" count="66" type="stmt"/>
        <line num="100" count="66" type="cond" truecount="1" falsecount="1"/>
        <line num="101" count="66" type="stmt"/>
        <line num="104" count="66" type="stmt"/>
        <line num="135" count="0" type="stmt"/>
        <line num="138" count="0" type="stmt"/>
        <line num="141" count="0" type="stmt"/>
        <line num="142" count="0" type="stmt"/>
        <line num="145" count="0" type="stmt"/>
        <line num="147" count="0" type="stmt"/>
        <line num="231" count="0" type="stmt"/>
        <line num="234" count="0" type="stmt"/>
        <line num="237" count="0" type="stmt"/>
        <line num="238" count="0" type="stmt"/>
        <line num="241" count="0" type="stmt"/>
        <line num="243" count="0" type="stmt"/>
      </file>
      <file name="errors.ts" path="/home/runner/work/node-pulse/node-pulse/frontend/src/api/errors.ts">
        <metrics statements="25" coveredstatements="25" conditionals="11" coveredconditionals="11" methods="10" coveredmethods="10"/>
        <line num="17" count="49" type="stmt"/>
        <line num="18" count="49" type="stmt"/>
        <line num="19" count="49" type="stmt"/>
        <line num="20" count="49" type="stmt"/>
        <line num="21" count="49" type="cond" truecount="2" falsecount="0"/>
        <line num="22" count="49" type="stmt"/>
        <line num="32" count="27" type="stmt"/>
        <line num="33" count="27" type="stmt"/>
        <line num="34" count="27" type="stmt"/>
        <line num="44" count="1" type="stmt"/>
        <line num="45" count="1" type="stmt"/>
        <line num="46" count="1" type="stmt"/>
        <line num="56" count="6" type="stmt"/>
        <line num="57" count="6" type="stmt"/>
        <line num="58" count="6" type="stmt"/>
        <line num="68" count="5" type="stmt"/>
        <line num="69" count="5" type="stmt"/>
        <line num="70" count="5" type="stmt"/>
        <line num="80" count="1" type="stmt"/>
        <line num="81" count="1" type="stmt"/>
        <line num="82" count="1" type="stmt"/>
        <line num="100" count="8" type="stmt"/>
        <line num="107" count="3" type="stmt"/>
        <line num="114" count="3" type="cond" truecount="2" falsecount="0"/>
        <line num="121" count="3" type="cond" truecount="2" falsecount="0"/>
      </file>
      <file name="export.ts" path="/home/runner/work/node-pulse/node-pulse/frontend/src/api/export.ts">
        <metrics statements="18" coveredstatements="18" conditionals="10" coveredconditionals="8" methods="5" coveredmethods="5"/>
        <line num="51" count="4" type="stmt"/>
        <line num="54" count="7" type="stmt"/>
        <line num="57" count="4" type="stmt"/>
        <line num="58" count="4" type="stmt"/>
        <line num="61" count="7" type="stmt"/>
        <line num="64" count="4" type="cond" truecount="2" falsecount="0"/>
        <line num="66" count="4" type="stmt"/>
        <line num="96" count="2" type="stmt"/>
        <line num="124" count="3" type="stmt"/>
        <line num="126" count="3" type="stmt"/>
        <line num="134" count="3" type="cond" truecount="2" falsecount="0"/>
        <line num="136" count="2" type="stmt"/>
        <line num="138" count="2" type="stmt"/>
        <line num="139" count="2" type="stmt"/>
        <line num="140" count="1" type="stmt"/>
        <line num="146" count="1" type="cond" truecount="1" falsecount="1"/>
        <line num="149" count="2" type="stmt"/>
        <line num="152" count="1" type="stmt"/>
      </file>
      <file name="index.ts" path="/home/runner/work/node-pulse/node-pulse/frontend/src/api/index.ts">
        <metrics statements="0" coveredstatements="0" conditionals="0" coveredconditionals="0" methods="0" coveredmethods="0"/>
      </file>
      <file name="nodes.ts" path="/home/runner/work/node-pulse/node-pulse/frontend/src/api/nodes.ts">
        <metrics statements="6" coveredstatements="5" conditionals="0" coveredconditionals="0" methods="6" coveredmethods="5"/>
        <line num="30" count="2" type="stmt"/>
        <line num="46" count="0" type="stmt"/>
        <line num="68" count="2" type="stmt"/>
        <line num="94" count="2" type="stmt"/>
        <line num="115" count="1" type="stmt"/>
        <line num="136" count="1" type="stmt"/>
      </file>
      <file name="sessions.ts" path="/home/runner/work/node-pulse/node-pulse/frontend/src/api/sessions.ts">
        <metrics statements="3" coveredstatements="3" conditionals="0" coveredconditionals="0" methods="3" coveredmethods="3"/>
        <line num="27" count="2" type="stmt"/>
        <line num="49" count="3" type="stmt"/>
        <line num="69" count="2" type="stmt"/>
      </file>
      <file name="types.ts" path="/home/runner/work/node-pulse/node-pulse/frontend/src/api/types.ts">
        <metrics statements="0" coveredstatements="0" conditionals="0" coveredconditionals="0" methods="0" coveredmethods="0"/>
      </file>
    </package>
    <package name="src.components">
      <metrics statements="7" coveredstatements="7" conditionals="2" coveredconditionals="2" methods="5" coveredmethods="5"/>
      <file name="ToastNotification.tsx" path="/home/runner/work/node-pulse/node-pulse/frontend/src/components/ToastNotification.tsx">
        <metrics statements="7" coveredstatements="7" conditionals="2" coveredconditionals="2" methods="5" coveredmethods="5"/>
        <line num="13" count="3" type="stmt"/>
        <line num="21" count="8" type="stmt"/>
        <line num="22" count="8" type="stmt"/>
        <line num="23" count="1" type="stmt"/>
        <line num="26" count="8" type="stmt"/>
        <line num="29" count="8" type="stmt"/>
        <line num="41" count="1" type="stmt"/>
      </file>
    </package>
    <package name="src.components.alerts">
      <metrics statements="179" coveredstatements="146" conditionals="145" coveredconditionals="115" methods="60" coveredmethods="45"/>
      <file name="AlertRecordDetailModal.tsx" path="/home/runner/work/node-pulse/node-pulse/frontend/src/components/alerts/AlertRecordDetailModal.tsx">
        <metrics statements="46" coveredstatements="37" conditionals="31" coveredconditionals="21" methods="12" coveredmethods="11"/>
        <line num="21" count="18" type="stmt"/>
        <line num="22" count="18" type="stmt"/>
        <line num="23" count="18" type="stmt"/>
        <line num="26" count="18" type="stmt"/>
        <line num="29" count="18" type="stmt"/>
        <line num="30" count="18" type="cond" truecount="3" falsecount="1"/>
        <line num="32" count="16" type="stmt"/>
        <line num="34" count="1" type="stmt"/>
        <line num="36" count="1" type="stmt"/>
        <line num="38" count="0" type="stmt"/>
        <line num="43" count="18" type="stmt"/>
        <line num="44" count="18" type="cond" truecount="3" falsecount="1"/>
        <line num="46" count="16" type="stmt"/>
        <line num="48" count="1" type="stmt"/>
        <line num="50" count="1" type="stmt"/>
        <line num="52" count="0" type="stmt"/>
        <line num="57" count="18" type="stmt"/>
        <line num="58" count="18" type="cond" truecount="1" falsecount="3"/>
        <line num="60" count="0" type="stmt"/>
        <line num="62" count="18" type="stmt"/>
        <line num="64" count="0" type="stmt"/>
        <line num="66" count="0" type="stmt"/>
        <line num="71" count="18" type="stmt"/>
        <line num="72" count="18" type="cond" truecount="1" falsecount="3"/>
        <line num="74" count="18" type="stmt"/>
        <line num="76" count="0" type="stmt"/>
        <line num="78" count="0" type="stmt"/>
        <line num="80" count="0" type="stmt"/>
        <line num="85" count="18" type="stmt"/>
        <line num="86" count="19" type="stmt"/>
        <line num="87" count="19" type="stmt"/>
        <line num="97" count="18" type="stmt"/>
        <line num="98" count="2" type="stmt"/>
        <line num="99" count="2" type="stmt"/>
        <line num="100" count="2" type="stmt"/>
        <line num="101" count="2" type="stmt"/>
        <line num="102" count="1" type="stmt"/>
        <line num="104" count="1" type="cond" truecount="1" falsecount="1"/>
        <line num="106" count="2" type="stmt"/>
        <line num="110" count="18" type="stmt"/>
        <line num="111" count="1" type="stmt"/>
        <line num="112" count="1" type="stmt"/>
        <line num="115" count="18" type="stmt"/>
        <line num="122" count="5" type="stmt"/>
        <line num="218" count="0" type="stmt"/>
        <line num="227" count="2" type="stmt"/>
      </file>
      <file name="AlertRecordsFilter.tsx" path="/home/runner/work/node-pulse/node-pulse/frontend/src/components/alerts/AlertRecordsFilter.tsx">
        <metrics statements="31" coveredstatements="31" conditionals="20" coveredconditionals="20" methods="10" coveredmethods="10"/>
        <line num="23" count="21" type="cond" truecount="2" falsecount="0"/>
        <line num="24" count="21" type="cond" truecount="2" falsecount="0"/>
        <line num="25" count="21" type="cond" truecount="2" falsecount="0"/>
        <line num="26" count="21" type="cond" truecount="2" falsecount="0"/>
        <line num="27" count="21" type="cond" truecount="2" falsecount="0"/>
        <line num="28" count="21" type="stmt"/>
        <line num="30" count="21" type="stmt"/>
        <line num="31" count="6" type="stmt"/>
        <line num="33" count="6" type="cond" truecount="2" falsecount="0"/>
        <line num="34" count="6" type="cond" truecount="2" falsecount="0"/>
        <line num="35" count="6" type="cond" truecount="2" falsecount="0"/>
        <line num="36" count="6" type="cond" truecount="2" falsecount="0"/>
        <line num="37" count="6" type="cond" truecount="2" falsecount="0"/>
        <line num="39" count="6" type="stmt"/>
        <line num="40" count="6" type="stmt"/>
        <line num="43" count="21" type="stmt"/>
        <line num="44" count="2" type="stmt"/>
        <line num="45" count="2" type="stmt"/>
        <line num="46" count="2" type="stmt"/>
        <line num="47" count="2" type="stmt"/>
        <line num="48" count="2" type="stmt"/>
        <line num="49" count="2" type="stmt"/>
        <line num="50" count="2" type="stmt"/>
        <line num="53" count="21" type="stmt"/>
        <line num="65" count="1" type="stmt"/>
        <line num="79" count="2" type="stmt"/>
        <line num="84" count="42" type="stmt"/>
        <line num="100" count="1" type="stmt"/>
        <line num="114" count="1" type="stmt"/>
        <line num="127" count="2" type="stmt"/>
        <line num="145" count="1" type="stmt"/>
      </file>
      <file name="AlertRecordsTable.tsx" path="/home/runner/work/node-pulse/node-pulse/frontend/src/components/alerts/AlertRecordsTable.tsx">
        <metrics statements="46" coveredstatements="34" conditionals="36" coveredconditionals="23" methods="19" coveredmethods="11"/>
        <line num="33" count="12" type="stmt"/>
        <line num="35" count="12" type="stmt"/>
        <line num="36" count="42" type="stmt"/>
        <line num="37" count="31" type="cond" truecount="2" falsecount="0"/>
        <line num="41" count="12" type="stmt"/>
        <line num="42" count="31" type="cond" truecount="3" falsecount="1"/>
        <line num="44" count="11" type="stmt"/>
        <line num="46" count="10" type="stmt"/>
        <line num="48" count="10" type="stmt"/>
        <line num="50" count="0" type="stmt"/>
        <line num="55" count="12" type="stmt"/>
        <line num="56" count="31" type="cond" truecount="3" falsecount="1"/>
        <line num="58" count="11" type="stmt"/>
        <line num="60" count="10" type="stmt"/>
        <line num="62" count="10" type="stmt"/>
        <line num="64" count="0" type="stmt"/>
        <line num="69" count="12" type="stmt"/>
        <line num="70" count="31" type="cond" truecount="3" falsecount="1"/>
        <line num="72" count="10" type="stmt"/>
        <line num="74" count="11" type="stmt"/>
        <line num="76" count="10" type="stmt"/>
        <line num="78" count="0" type="stmt"/>
        <line num="83" count="12" type="stmt"/>
        <line num="84" count="31" type="cond" truecount="3" falsecount="1"/>
        <line num="86" count="11" type="stmt"/>
        <line num="88" count="10" type="stmt"/>
        <line num="90" count="10" type="stmt"/>
        <line num="92" count="0" type="stmt"/>
        <line num="97" count="12" type="stmt"/>
        <line num="98" count="31" type="stmt"/>
        <line num="99" count="31" type="stmt"/>
        <line num="110" count="12" type="stmt"/>
        <line num="113" count="12" type="cond" truecount="2" falsecount="0"/>
        <line num="114" count="1" type="stmt"/>
        <line num="138" count="11" type="stmt"/>
        <line num="153" count="0" type="stmt"/>
        <line num="165" count="0" type="stmt"/>
        <line num="177" count="0" type="stmt"/>
        <line num="193" count="31" type="stmt"/>
        <line num="216" count="1" type="stmt"/>
        <line num="234" count="0" type="stmt"/>
        <line num="241" count="0" type="stmt"/>
        <line num="259" count="0" type="stmt"/>
        <line num="266" count="25" type="stmt"/>
        <line num="268" count="0" type="stmt"/>
        <line num="279" count="0" type="stmt"/>
      </file>
      <file name="AlertRuleForm.tsx" path="/home/runner/work/node-pulse/node-pulse/frontend/src/components/alerts/AlertRuleForm.tsx">
        <metrics statements="31" coveredstatements="25" conditionals="30" coveredconditionals="28" methods="9" coveredmethods="5"/>
        <line num="15" count="9" type="stmt"/>
        <line num="16" count="9" type="cond" truecount="2" falsecount="0"/>
        <line num="17" count="9" type="cond" truecount="2" falsecount="0"/>
        <line num="18" count="9" type="cond" truecount="2" falsecount="0"/>
        <line num="19" count="9" type="cond" truecount="2" falsecount="0"/>
        <line num="20" count="9" type="cond" truecount="2" falsecount="0"/>
        <line num="22" count="9" type="stmt"/>
        <line num="23" count="9" type="stmt"/>
        <line num="25" count="9" type="stmt"/>
        <line num="26" count="2" type="stmt"/>
        <line num="28" count="2" type="cond" truecount="4" falsecount="0"/>
        <line num="29" count="1" type="stmt"/>
        <line num="32" count="2" type="stmt"/>
        <line num="33" count="2" type="stmt"/>
        <line num="36" count="9" type="stmt"/>
        <line num="37" count="2" type="stmt"/>
        <line num="39" count="2" type="cond" truecount="2" falsecount="0"/>
        <line num="41" count="1" type="stmt"/>
        <line num="42" count="1" type="stmt"/>
        <line num="43" count="1" type="stmt"/>
        <line num="51" count="2" type="stmt"/>
        <line num="53" count="0" type="stmt"/>
        <line num="54" count="0" type="stmt"/>
        <line num="56" count="1" type="stmt"/>
        <line num="60" count="9" type="stmt"/>
        <line num="70" count="0" type="stmt"/>
        <line num="88" count="1" type="stmt"/>
        <line num="106" count="0" type="stmt"/>
        <line num="123" count="0" type="cond" truecount="0" falsecount="2"/>
        <line num="128" count="18" type="stmt"/>
        <line num="145" count="0" type="stmt"/>
      </file>
      <file name="AlertRulesTable.tsx" path="/home/runner/work/node-pulse/node-pulse/frontend/src/components/alerts/AlertRulesTable.tsx">
        <metrics statements="25" coveredstatements="19" conditionals="28" coveredconditionals="23" methods="10" coveredmethods="8"/>
        <line num="22" count="6" type="stmt"/>
        <line num="24" count="6" type="stmt"/>
        <line num="25" count="10" type="cond" truecount="2" falsecount="0"/>
        <line num="26" count="5" type="stmt"/>
        <line num="27" count="5" type="cond" truecount="1" falsecount="1"/>
        <line num="31" count="6" type="stmt"/>
        <line num="32" count="10" type="cond" truecount="2" falsecount="2"/>
        <line num="34" count="5" type="stmt"/>
        <line num="36" count="5" type="stmt"/>
        <line num="38" count="0" type="stmt"/>
        <line num="40" count="0" type="stmt"/>
        <line num="45" count="6" type="stmt"/>
        <line num="46" count="10" type="cond" truecount="2" falsecount="2"/>
        <line num="48" count="5" type="stmt"/>
        <line num="50" count="5" type="stmt"/>
        <line num="52" count="0" type="stmt"/>
        <line num="54" count="0" type="stmt"/>
        <line num="59" count="6" type="cond" truecount="2" falsecount="0"/>
        <line num="60" count="1" type="stmt"/>
        <line num="84" count="0" type="stmt"/>
        <line num="95" count="5" type="stmt"/>
        <line num="125" count="10" type="stmt"/>
        <line num="151" count="0" type="stmt"/>
        <line num="159" count="1" type="stmt"/>
        <line num="166" count="1" type="stmt"/>
      </file>
    </package>
    <package name="src.components.charts">
      <metrics statements="109" coveredstatements="87" conditionals="102" coveredconditionals="54" methods="34" coveredmethods="28"/>
      <file name="LatencyTrendChart.tsx" path="/home/runner/work/node-pulse/node-pulse/frontend/src/components/charts/LatencyTrendChart.tsx">
        <metrics statements="42" coveredstatements="32" conditionals="40" coveredconditionals="22" methods="13" coveredmethods="10"/>
        <line num="25" count="1" type="stmt"/>
        <line num="50" count="7" type="stmt"/>
        <line num="51" count="7" type="stmt"/>
        <line num="52" count="7" type="stmt"/>
        <line num="53" count="7" type="stmt"/>
        <line num="55" count="7" type="stmt"/>
        <line num="56" count="7" type="cond" truecount="1" falsecount="1"/>
        <line num="57" count="7" type="cond" truecount="1" falsecount="1"/>
        <line num="58" count="7" type="cond" truecount="1" falsecount="1"/>
        <line num="60" count="7" type="stmt"/>
        <line num="64" count="168" type="stmt"/>
        <line num="84" count="7" type="cond" truecount="3" falsecount="1"/>
        <line num="85" count="7" type="stmt"/>
        <line num="101" count="7" type="stmt"/>
        <line num="117" count="0" type="stmt"/>
        <line num="118" count="0" type="cond" truecount="0" falsecount="4"/>
        <line num="119" count="0" type="stmt"/>
        <line num="120" count="0" type="stmt"/>
        <line num="121" count="0" type="stmt"/>
        <line num="122" count="0" type="stmt"/>
        <line num="123" count="0" type="stmt"/>
        <line num="125" count="0" type="stmt"/>
        <line num="130" count="168" type="stmt"/>
        <line num="151" count="42" type="stmt"/>
        <line num="169" count="7" type="stmt"/>
        <line num="170" count="7" type="cond" truecount="1" falsecount="1"/>
        <line num="172" count="7" type="stmt"/>
        <line num="174" count="7" type="stmt"/>
        <line num="175" count="7" type="cond" truecount="1" falsecount="1"/>
        <line num="176" count="7" type="stmt"/>
        <line num="177" count="7" type="stmt"/>
        <line num="183" count="7" type="stmt"/>
        <line num="184" count="7" type="cond" truecount="4" falsecount="1"/>
        <line num="186" count="7" type="stmt"/>
        <line num="190" count="7" type="stmt"/>
        <line num="191" count="7" type="stmt"/>
        <line num="192" count="0" type="cond" truecount="0" falsecount="2"/>
        <line num="193" count="0" type="stmt"/>
        <line num="197" count="7" type="stmt"/>
        <line num="199" count="7" type="stmt"/>
        <line num="200" count="7" type="stmt"/>
        <line num="204" count="7" type="stmt"/>
      </file>
      <file name="PacketLossChart.tsx" path="/home/runner/work/node-pulse/node-pulse/frontend/src/components/charts/PacketLossChart.tsx">
        <metrics statements="36" coveredstatements="29" conditionals="37" coveredconditionals="20" methods="12" coveredmethods="10"/>
        <line num="25" count="1" type="stmt"/>
        <line num="51" count="7" type="stmt"/>
        <line num="52" count="7" type="stmt"/>
        <line num="53" count="7" type="stmt"/>
        <line num="54" count="7" type="stmt"/>
        <line num="56" count="7" type="stmt"/>
        <line num="57" count="7" type="cond" truecount="1" falsecount="1"/>
        <line num="58" count="7" type="cond" truecount="1" falsecount="1"/>
        <line num="59" count="7" type="cond" truecount="1" falsecount="1"/>
        <line num="61" count="7" type="stmt"/>
        <line num="77" count="0" type="stmt"/>
        <line num="78" count="0" type="cond" truecount="0" falsecount="4"/>
        <line num="79" count="0" type="stmt"/>
        <line num="80" count="0" type="stmt"/>
        <line num="81" count="0" type="stmt"/>
        <line num="86" count="168" type="stmt"/>
        <line num="107" count="42" type="stmt"/>
        <line num="125" count="168" type="stmt"/>
        <line num="175" count="7" type="stmt"/>
        <line num="176" count="7" type="cond" truecount="1" falsecount="1"/>
        <line num="178" count="7" type="stmt"/>
        <line num="180" count="7" type="stmt"/>
        <line num="181" count="7" type="cond" truecount="1" falsecount="1"/>
        <line num="182" count="7" type="stmt"/>
        <line num="183" count="7" type="stmt"/>
        <line num="189" count="7" type="stmt"/>
        <line num="190" count="7" type="cond" truecount="4" falsecount="1"/>
        <line num="192" count="7" type="stmt"/>
        <line num="196" count="7" type="stmt"/>
        <line num="197" count="7" type="stmt"/>
        <line num="198" count="0" type="cond" truecount="0" falsecount="2"/>
        <line num="199" count="0" type="stmt"/>
        <line num="203" count="7" type="stmt"/>
        <line num="205" count="7" type="stmt"/>
        <line num="206" count="7" type="stmt"/>
        <line num="210" count="7" type="stmt"/>
      </file>
      <file name="ProbeSuccessGauge.tsx" path="/home/runner/work/node-pulse/node-pulse/frontend/src/components/charts/ProbeSuccessGauge.tsx">
        <metrics statements="31" coveredstatements="26" conditionals="25" coveredconditionals="12" methods="9" coveredmethods="8"/>
        <line num="22" count="1" type="stmt"/>
        <line num="33" count="7" type="cond" truecount="1" falsecount="1"/>
        <line num="34" count="0" type="cond" truecount="0" falsecount="2"/>
        <line num="35" count="0" type="cond" truecount="0" falsecount="2"/>
        <line num="36" count="0" type="stmt"/>
        <line num="53" count="7" type="stmt"/>
        <line num="54" count="7" type="stmt"/>
        <line num="55" count="7" type="stmt"/>
        <line num="56" count="7" type="stmt"/>
        <line num="58" count="7" type="stmt"/>
        <line num="59" count="7" type="cond" truecount="1" falsecount="1"/>
        <line num="60" count="7" type="stmt"/>
        <line num="62" count="7" type="stmt"/>
        <line num="131" count="7" type="stmt"/>
        <line num="132" count="7" type="cond" truecount="1" falsecount="1"/>
        <line num="134" count="7" type="stmt"/>
        <line num="136" count="7" type="stmt"/>
        <line num="137" count="7" type="cond" truecount="1" falsecount="1"/>
        <line num="138" count="7" type="stmt"/>
        <line num="139" count="7" type="stmt"/>
        <line num="145" count="7" type="stmt"/>
        <line num="146" count="7" type="cond" truecount="3" falsecount="1"/>
        <line num="148" count="7" type="stmt"/>
        <line num="152" count="7" type="stmt"/>
        <line num="153" count="7" type="stmt"/>
        <line num="154" count="0" type="cond" truecount="0" falsecount="2"/>
        <line num="155" count="0" type="stmt"/>
        <line num="159" count="7" type="stmt"/>
        <line num="161" count="7" type="stmt"/>
        <line num="162" count="7" type="stmt"/>
        <line num="166" count="7" type="stmt"/>
      </file>
      <file name="index.ts" path="/home/runner/work/node-pulse/node-pulse/frontend/src/components/charts/index.ts">
        <metrics statements="0" coveredstatements="0" conditionals="0" coveredconditionals="0" methods="0" coveredmethods="0"/>
      </file>
    </package>
    <package name="src.components.common">
      <metrics statements="99" coveredstatements="41" conditionals="132" coveredconditionals="32" methods="44" coveredmethods="11"/>
      <file name="ActionButton.tsx" path="/home/runner/work/node-pulse/node-pulse/frontend/src/components/common/ActionButton.tsx">
        <metrics statements="4" coveredstatements="4" conditionals="19" coveredconditionals="11" methods="1" coveredmethods="1"/>
        <line num="46" count="14" type="stmt"/>
        <line num="49" count="14" type="stmt"/>
        <line num="55" count="14" type="stmt"/>
        <line num="57" count="14" type="stmt"/>
      </file>
      <file name="ConfirmDialog.tsx" path="/home/runner/work/node-pulse/node-pulse/frontend/src/components/common/ConfirmDialog.tsx">
        <metrics statements="10" coveredstatements="0" conditionals="32" coveredconditionals="0" methods="4" coveredmethods="0"/>
        <line num="44" count="0" type="stmt"/>
        <line num="47" count="0" type="stmt"/>
        <line num="48" count="0" type="cond" truecount="0" falsecount="2"/>
        <line num="50" count="0" type="stmt"/>
        <line num="51" count="0" type="cond" truecount="0" falsecount="2"/>
        <line num="52" count="0" type="stmt"/>
        <line num="56" count="0" type="stmt"/>
        <line num="57" count="0" type="stmt"/>
        <line num="60" count="0" type="cond" truecount="0" falsecount="2"/>
        <line num="62" count="0" type="stmt"/>
      </file>
      <file name="ErrorBanner.tsx" path="/home/runner/work/node-pulse/node-pulse/frontend/src/components/common/ErrorBanner.tsx">
        <metrics statements="3" coveredstatements="3" conditionals="8" coveredconditionals="6" methods="1" coveredmethods="1"/>
        <line num="28" count="2" type="stmt"/>
        <line num="30" count="2" type="cond" truecount="1" falsecount="1"/>
        <line num="32" count="2" type="stmt"/>
      </file>
      <file name="LanguageSwitcher.tsx" path="/home/runner/work/node-pulse/node-pulse/frontend/src/components/common/LanguageSwitcher.tsx">
        <metrics statements="13" coveredstatements="1" conditionals="7" coveredconditionals="0" methods="8" coveredmethods="0"/>
        <line num="21" count="3" type="stmt"/>
        <line num="35" count="0" type="stmt"/>
        <line num="36" count="0" type="stmt"/>
        <line num="37" count="0" type="stmt"/>
        <line num="39" count="0" type="stmt"/>
        <line num="40" count="0" type="stmt"/>
        <line num="43" count="0" type="cond" truecount="0" falsecount="2"/>
        <line num="44" count="0" type="stmt"/>
        <line num="47" count="0" type="stmt"/>
        <line num="50" count="0" type="stmt"/>
        <line num="68" count="0" type="stmt"/>
        <line num="71" count="0" type="stmt"/>
        <line num="79" count="0" type="stmt"/>
      </file>
      <file name="LoadingSpinner.tsx" path="/home/runner/work/node-pulse/node-pulse/frontend/src/components/common/LoadingSpinner.tsx">
        <metrics statements="2" coveredstatements="0" conditionals="3" coveredconditionals="0" methods="1" coveredmethods="0"/>
        <line num="21" count="0" type="stmt"/>
        <line num="27" count="0" type="stmt"/>
      </file>
      <file name="PageContainer.tsx" path="/home/runner/work/node-pulse/node-pulse/frontend/src/components/common/PageContainer.tsx">
        <metrics statements="3" coveredstatements="3" conditionals="6" coveredconditionals="4" methods="1" coveredmethods="1"/>
        <line num="26" count="18" type="stmt"/>
        <line num="29" count="18" type="stmt"/>
        <line num="35" count="18" type="stmt"/>
      </file>
      <file name="PerformanceMetricCard.tsx" path="/home/runner/work/node-pulse/node-pulse/frontend/src/components/common/PerformanceMetricCard.tsx">
        <metrics statements="2" coveredstatements="0" conditionals="13" coveredconditionals="0" methods="1" coveredmethods="0"/>
        <line num="12" count="0" type="stmt"/>
        <line num="14" count="0" type="stmt"/>
      </file>
      <file name="ProtectedRoute.tsx" path="/home/runner/work/node-pulse/node-pulse/frontend/src/components/common/ProtectedRoute.tsx">
        <metrics statements="35" coveredstatements="26" conditionals="14" coveredconditionals="11" methods="11" coveredmethods="8"/>
        <line num="10" count="5" type="stmt"/>
        <line num="11" count="5" type="stmt"/>
        <line num="18" count="3" type="cond" truecount="2" falsecount="0"/>
        <line num="19" count="3" type="stmt"/>
        <line num="26" count="5" type="stmt"/>
        <line num="33" count="5" type="stmt"/>
        <line num="41" count="3" type="cond" truecount="2" falsecount="0"/>
        <line num="42" count="3" type="stmt"/>
        <line num="44" count="3" type="cond" truecount="1" falsecount="1"/>
        <line num="45" count="3" type="stmt"/>
        <line num="46" count="3" type="stmt"/>
        <line num="48" count="3" type="stmt"/>
        <line num="62" count="5" type="stmt"/>
        <line num="63" count="5" type="stmt"/>
        <line num="67" count="0" type="stmt"/>
        <line num="71" count="0" type="stmt"/>
        <line num="77" count="5" type="cond" truecount="1" falsecount="1"/>
        <line num="78" count="0" type="stmt"/>
        <line num="86" count="0" type="stmt"/>
        <line num="96" count="5" type="stmt"/>
        <line num="116" count="10" type="stmt"/>
        <line num="117" count="10" type="stmt"/>
        <line num="121" count="10" type="cond" truecount="2" falsecount="0"/>
        <line num="122" count="2" type="stmt"/>
        <line num="137" count="8" type="cond" truecount="2" falsecount="0"/>
        <line num="139" count="3" type="cond" truecount="1" falsecount="1"/>
        <line num="140" count="0" type="stmt"/>
        <line num="141" count="0" type="stmt"/>
        <line num="143" count="0" type="stmt"/>
        <line num="151" count="0" type="stmt"/>
        <line num="152" count="0" type="stmt"/>
        <line num="163" count="3" type="stmt"/>
        <line num="165" count="3" type="stmt"/>
        <line num="172" count="5" type="stmt"/>
        <line num="174" count="5" type="stmt"/>
      </file>
      <file name="SystemHealthIndicator.tsx" path="/home/runner/work/node-pulse/node-pulse/frontend/src/components/common/SystemHealthIndicator.tsx">
        <metrics statements="2" coveredstatements="0" conditionals="9" coveredconditionals="0" methods="1" coveredmethods="0"/>
        <line num="14" count="0" type="stmt"/>
        <line num="16" count="0" type="stmt"/>
      </file>
      <file name="ThemeToggle.tsx" path="/home/runner/work/node-pulse/node-pulse/frontend/src/components/common/ThemeToggle.tsx">
        <metrics statements="13" coveredstatements="2" conditionals="16" coveredconditionals="0" methods="6" coveredmethods="0"/>
        <line num="25" count="0" type="stmt"/>
        <line num="43" count="0" type="stmt"/>
        <line num="61" count="0" type="stmt"/>
        <line num="78" count="3" type="stmt"/>
        <line num="84" count="3" type="stmt"/>
        <line num="98" count="0" type="stmt"/>
        <line num="99" count="0" type="stmt"/>
        <line num="101" count="0" type="cond" truecount="0" falsecount="2"/>
        <line num="102" count="0" type="stmt"/>
        <line num="121" count="0" type="stmt"/>
        <line num="127" count="0" type="stmt"/>
        <line num="131" count="0" type="stmt"/>
        <line num="134" count="0" type="stmt"/>
      </file>
      <file name="TimezoneSelector.tsx" path="/home/runner/work/node-pulse/node-pulse/frontend/src/components/common/TimezoneSelector.tsx">
        <metrics statements="12" coveredstatements="2" conditionals="5" coveredconditionals="0" methods="9" coveredmethods="0"/>
        <line num="24" count="3" type="stmt"/>
        <line num="30" count="3" type="stmt"/>
        <line num="45" count="0" type="stmt"/>
        <line num="46" count="0" type="stmt"/>
        <line num="47" count="0" type="stmt"/>
        <line num="48" count="0" type="stmt"/>
        <line num="49" count="0" type="stmt"/>
        <line num="51" count="0" type="stmt"/>
        <line num="64" count="0" type="stmt"/>
        <line num="71" count="0" type="stmt"/>
        <line num="90" count="0" type="stmt"/>
        <line num="97" count="0" type="stmt"/>
      </file>
      <file name="index.ts" path="/home/runner/work/node-pulse/node-pulse/frontend/src/components/common/index.ts">
        <metrics statements="0" coveredstatements="0" conditionals="0" coveredconditionals="0" methods="0" coveredmethods="0"/>
      </file>
    </package>
    <package name="src.components.dashboard">
      <metrics statements="458" coveredstatements="303" conditionals="520" coveredconditionals="264" methods="141" coveredmethods="99"/>
      <file name="ComparisonChart.tsx" path="/home/runner/work/node-pulse/node-pulse/frontend/src/components/dashboard/ComparisonChart.tsx">
        <metrics statements="219" coveredstatements="121" conditionals="291" coveredconditionals="121" methods="70" coveredmethods="40"/>
        <line num="5" count="1" type="stmt"/>
        <line num="13" count="1" type="stmt"/>
        <line num="14" count="0" type="cond" truecount="0" falsecount="2"/>
        <line num="15" count="0" type="stmt"/>
        <line num="16" count="0" type="stmt"/>
        <line num="17" count="0" type="stmt"/>
        <line num="18" count="0" type="cond" truecount="0" falsecount="2"/>
        <line num="19" count="0" type="stmt"/>
        <line num="20" count="0" type="stmt"/>
        <line num="23" count="1" type="stmt"/>
        <line num="24" count="0" type="cond" truecount="0" falsecount="4"/>
        <line num="26" count="0" type="stmt"/>
        <line num="27" count="0" type="stmt"/>
        <line num="29" count="0" type="stmt"/>
        <line num="30" count="0" type="stmt"/>
        <line num="31" count="0" type="stmt"/>
        <line num="32" count="0" type="stmt"/>
        <line num="33" count="0" type="stmt"/>
        <line num="34" count="0" type="stmt"/>
        <line num="35" count="0" type="stmt"/>
        <line num="36" count="0" type="stmt"/>
        <line num="38" count="0" type="stmt"/>
        <line num="41" count="1" type="stmt"/>
        <line num="42" count="0" type="cond" truecount="0" falsecount="4"/>
        <line num="43" count="0" type="stmt"/>
        <line num="54" count="0" type="cond" truecount="0" falsecount="2"/>
        <line num="55" count="0" type="stmt"/>
        <line num="58" count="0" type="stmt"/>
        <line num="59" count="0" type="cond" truecount="0" falsecount="6"/>
        <line num="191" count="34" type="stmt"/>
        <line num="192" count="34" type="stmt"/>
        <line num="193" count="34" type="cond" truecount="1" falsecount="1"/>
        <line num="194" count="34" type="stmt"/>
        <line num="197" count="34" type="stmt"/>
        <line num="198" count="34" type="stmt"/>
        <line num="199" count="34" type="stmt"/>
        <line num="200" count="34" type="stmt"/>
        <line num="201" count="34" type="stmt"/>
        <line num="202" count="34" type="stmt"/>
        <line num="205" count="34" type="stmt"/>
        <line num="232" count="34" type="stmt"/>
        <line num="235" count="34" type="stmt"/>
        <line num="236" count="0" type="stmt"/>
        <line num="237" count="0" type="stmt"/>
        <line num="240" count="0" type="cond" truecount="0" falsecount="5"/>
        <line num="242" count="0" type="stmt"/>
        <line num="243" count="0" type="stmt"/>
        <line num="245" count="0" type="stmt"/>
        <line num="246" count="0" type="stmt"/>
        <line num="248" count="0" type="stmt"/>
        <line num="249" count="0" type="stmt"/>
        <line num="251" count="0" type="cond" truecount="0" falsecount="2"/>
        <line num="252" count="0" type="stmt"/>
        <line num="254" count="0" type="stmt"/>
        <line num="257" count="0" type="stmt"/>
        <line num="265" count="34" type="stmt"/>
        <line num="273" count="34" type="stmt"/>
        <line num="274" count="0" type="stmt"/>
        <line num="275" count="0" type="cond" truecount="0" falsecount="2"/>
        <line num="276" count="0" type="cond" truecount="0" falsecount="2"/>
        <line num="281" count="34" type="stmt"/>
        <line num="282" count="0" type="cond" truecount="0" falsecount="2"/>
        <line num="283" count="0" type="stmt"/>
        <line num="286" count="0" type="stmt"/>
        <line num="291" count="34" type="stmt"/>
        <line num="292" count="0" type="stmt"/>
        <line num="293" count="0" type="cond" truecount="0" falsecount="2"/>
        <line num="294" count="0" type="stmt"/>
        <line num="295" count="0" type="stmt"/>
        <line num="296" count="0" type="stmt"/>
        <line num="301" count="34" type="stmt"/>
        <line num="302" count="0" type="stmt"/>
        <line num="303" count="0" type="cond" truecount="0" falsecount="2"/>
        <line num="304" count="0" type="stmt"/>
        <line num="305" count="0" type="stmt"/>
        <line num="306" count="0" type="stmt"/>
        <line num="310" count="34" type="stmt"/>
        <line num="311" count="1" type="stmt"/>
        <line num="312" count="1" type="cond" truecount="1" falsecount="1"/>
        <line num="313" count="1" type="stmt"/>
        <line num="318" count="34" type="stmt"/>
        <line num="319" count="31" type="cond" truecount="2" falsecount="2"/>
        <line num="321" count="30" type="stmt"/>
        <line num="323" count="1" type="stmt"/>
        <line num="325" count="0" type="stmt"/>
        <line num="327" count="0" type="stmt"/>
        <line num="332" count="34" type="stmt"/>
        <line num="333" count="33" type="cond" truecount="5" falsecount="0"/>
        <line num="336" count="32" type="stmt"/>
        <line num="337" count="177" type="stmt"/>
        <line num="340" count="32" type="stmt"/>
        <line num="342" count="32" type="stmt"/>
        <line num="343" count="87" type="stmt"/>
        <line num="344" count="180" type="stmt"/>
        <line num="346" count="341" type="stmt"/>
        <line num="348" count="180" type="stmt"/>
        <line num="350" count="87" type="cond" truecount="1" falsecount="1"/>
        <line num="351" count="0" type="stmt"/>
        <line num="358" count="0" type="stmt"/>
        <line num="361" count="177" type="stmt"/>
        <line num="362" count="177" type="stmt"/>
        <line num="363" count="87" type="stmt"/>
        <line num="364" count="87" type="stmt"/>
        <line num="365" count="87" type="stmt"/>
        <line num="366" count="87" type="cond" truecount="1" falsecount="1"/>
        <line num="369" count="87" type="stmt"/>
        <line num="370" count="167" type="stmt"/>
        <line num="372" count="87" type="stmt"/>
        <line num="375" count="32" type="stmt"/>
        <line num="379" count="34" type="stmt"/>
        <line num="380" count="33" type="cond" truecount="2" falsecount="2"/>
        <line num="382" count="0" type="stmt"/>
        <line num="383" count="0" type="stmt"/>
        <line num="385" count="0" type="cond" truecount="0" falsecount="4"/>
        <line num="387" count="0" type="stmt"/>
        <line num="402" count="34" type="stmt"/>
        <line num="403" count="0" type="cond" truecount="0" falsecount="2"/>
        <line num="407" count="34" type="stmt"/>
        <line num="408" count="33" type="cond" truecount="5" falsecount="0"/>
        <line num="410" count="31" type="stmt"/>
        <line num="412" count="31" type="stmt"/>
        <line num="413" count="84" type="cond" truecount="1" falsecount="1"/>
        <line num="416" count="84" type="cond" truecount="2" falsecount="0"/>
        <line num="417" count="1" type="stmt"/>
        <line num="418" count="2" type="stmt"/>
        <line num="419" count="2" type="cond" truecount="1" falsecount="1"/>
        <line num="422" count="2" type="cond" truecount="4" falsecount="0"/>
        <line num="423" count="1" type="cond" truecount="1" falsecount="1"/>
        <line num="424" count="1" type="stmt"/>
        <line num="425" count="1" type="cond" truecount="3" falsecount="1"/>
        <line num="426" count="1" type="cond" truecount="1" falsecount="1"/>
        <line num="427" count="1" type="stmt"/>
        <line num="433" count="31" type="stmt"/>
        <line num="437" count="34" type="stmt"/>
        <line num="438" count="33" type="cond" truecount="1" falsecount="1"/>
        <line num="441" count="33" type="stmt"/>
        <line num="444" count="33" type="stmt"/>
        <line num="445" count="33" type="stmt"/>
        <line num="446" count="33" type="cond" truecount="1" falsecount="1"/>
        <line num="447" count="33" type="stmt"/>
        <line num="448" count="33" type="stmt"/>
        <line num="451" count="0" type="stmt"/>
        <line num="457" count="34" type="stmt"/>
        <line num="458" count="34" type="cond" truecount="5" falsecount="0"/>
        <line num="461" count="33" type="cond" truecount="4" falsecount="0"/>
        <line num="462" count="2" type="stmt"/>
        <line num="463" count="2" type="stmt"/>
        <line num="467" count="31" type="stmt"/>
        <line num="469" count="176" type="stmt"/>
        <line num="474" count="31" type="stmt"/>
        <line num="475" count="65" type="cond" truecount="2" falsecount="0"/>
        <line num="477" count="65" type="stmt"/>
        <line num="481" count="346" type="stmt"/>
        <line num="482" count="179" type="cond" truecount="2" falsecount="0"/>
        <line num="498" count="2" type="stmt"/>
        <line num="523" count="31" type="stmt"/>
        <line num="524" count="65" type="cond" truecount="4" falsecount="0"/>
        <line num="525" count="63" type="cond" truecount="4" falsecount="0"/>
        <line num="526" count="61" type="stmt"/>
        <line num="529" count="65" type="stmt"/>
        <line num="531" count="31" type="stmt"/>
        <line num="543" count="0" type="stmt"/>
        <line num="544" count="0" type="cond" truecount="0" falsecount="2"/>
        <line num="546" count="0" type="stmt"/>
        <line num="547" count="0" type="stmt"/>
        <line num="548" count="0" type="stmt"/>
        <line num="550" count="0" type="stmt"/>
        <line num="553" count="0" type="stmt"/>
        <line num="554" count="0" type="stmt"/>
        <line num="558" count="0" type="cond" truecount="0" falsecount="2"/>
        <line num="559" count="0" type="stmt"/>
        <line num="560" count="0" type="cond" truecount="0" falsecount="2"/>
        <line num="561" count="0" type="stmt"/>
        <line num="562" count="0" type="stmt"/>
        <line num="563" count="0" type="cond" truecount="0" falsecount="2"/>
        <line num="564" count="0" type="cond" truecount="0" falsecount="2"/>
        <line num="565" count="0" type="stmt"/>
        <line num="569" count="0" type="stmt"/>
        <line num="609" count="0" type="stmt"/>
        <line num="628" count="34" type="stmt"/>
        <line num="632" count="34" type="stmt"/>
        <line num="633" count="33" type="stmt"/>
        <line num="635" count="33" type="stmt"/>
        <line num="636" count="0" type="cond" truecount="0" falsecount="2"/>
        <line num="637" count="0" type="stmt"/>
        <line num="639" count="0" type="stmt"/>
        <line num="640" count="0" type="cond" truecount="0" falsecount="2"/>
        <line num="641" count="0" type="stmt"/>
        <line num="646" count="33" type="stmt"/>
        <line num="648" count="33" type="stmt"/>
        <line num="649" count="33" type="cond" truecount="1" falsecount="1"/>
        <line num="650" count="0" type="stmt"/>
        <line num="652" count="33" type="stmt"/>
        <line num="657" count="34" type="stmt"/>
        <line num="658" count="34" type="cond" truecount="5" falsecount="0"/>
        <line num="660" count="177" type="stmt"/>
        <line num="661" count="32" type="cond" truecount="1" falsecount="1"/>
        <line num="663" count="177" type="stmt"/>
        <line num="664" count="32" type="stmt"/>
        <line num="665" count="32" type="stmt"/>
        <line num="666" count="32" type="stmt"/>
        <line num="667" count="32" type="cond" truecount="1" falsecount="1"/>
        <line num="669" count="34" type="stmt"/>
        <line num="672" count="34" type="stmt"/>
        <line num="674" count="34" type="stmt"/>
        <line num="687" count="0" type="stmt"/>
        <line num="699" count="0" type="stmt"/>
        <line num="740" count="0" type="stmt"/>
        <line num="742" count="0" type="stmt"/>
        <line num="763" count="0" type="cond" truecount="0" falsecount="2"/>
        <line num="775" count="0" type="cond" truecount="0" falsecount="2"/>
        <line num="795" count="0" type="stmt"/>
        <line num="797" count="0" type="stmt"/>
        <line num="818" count="0" type="cond" truecount="0" falsecount="2"/>
        <line num="830" count="0" type="cond" truecount="0" falsecount="2"/>
        <line num="849" count="136" type="stmt"/>
        <line num="850" count="102" type="stmt"/>
        <line num="852" count="1" type="stmt"/>
        <line num="1102" count="72" type="stmt"/>
      </file>
      <file name="HealthStatusBadge.tsx" path="/home/runner/work/node-pulse/node-pulse/frontend/src/components/dashboard/HealthStatusBadge.tsx">
        <metrics statements="3" coveredstatements="3" conditionals="0" coveredconditionals="0" methods="1" coveredmethods="1"/>
        <line num="7" count="5" type="stmt"/>
        <line num="46" count="60" type="stmt"/>
        <line num="48" count="60" type="stmt"/>
      </file>
      <file name="MetricCard.tsx" path="/home/runner/work/node-pulse/node-pulse/frontend/src/components/dashboard/MetricCard.tsx">
        <metrics statements="3" coveredstatements="3" conditionals="15" coveredconditionals="15" methods="1" coveredmethods="1"/>
        <line num="43" count="59" type="stmt"/>
        <line num="50" count="59" type="stmt"/>
        <line num="57" count="59" type="stmt"/>
      </file>
      <file name="MetricsSummaryCards.tsx" path="/home/runner/work/node-pulse/node-pulse/frontend/src/components/dashboard/MetricsSummaryCards.tsx">
        <metrics statements="21" coveredstatements="21" conditionals="16" coveredconditionals="15" methods="7" coveredmethods="7"/>
        <line num="23" count="24" type="cond" truecount="2" falsecount="0"/>
        <line num="24" count="10" type="stmt"/>
        <line num="34" count="23" type="stmt"/>
        <line num="35" count="23" type="stmt"/>
        <line num="36" count="23" type="stmt"/>
        <line num="38" count="14" type="stmt"/>
        <line num="56" count="72" type="cond" truecount="2" falsecount="0"/>
        <line num="57" count="3" type="stmt"/>
        <line num="63" count="69" type="cond" truecount="2" falsecount="0"/>
        <line num="64" count="3" type="stmt"/>
        <line num="70" count="66" type="stmt"/>
        <line num="91" count="3" type="stmt"/>
        <line num="96" count="24" type="cond" truecount="1" falsecount="1"/>
        <line num="98" count="24" type="stmt"/>
        <line num="100" count="24" type="stmt"/>
        <line num="101" count="24" type="stmt"/>
        <line num="102" count="24" type="stmt"/>
        <line num="104" count="24" type="cond" truecount="2" falsecount="0"/>
        <line num="105" count="2" type="stmt"/>
        <line num="108" count="6" type="stmt"/>
        <line num="119" count="22" type="stmt"/>
      </file>
      <file name="NodeListTable.tsx" path="/home/runner/work/node-pulse/node-pulse/frontend/src/components/dashboard/NodeListTable.tsx">
        <metrics statements="17" coveredstatements="17" conditionals="14" coveredconditionals="12" methods="6" coveredmethods="6"/>
        <line num="28" count="3" type="stmt"/>
        <line num="29" count="21" type="stmt"/>
        <line num="32" count="21" type="cond" truecount="1" falsecount="1"/>
        <line num="33" count="21" type="cond" truecount="1" falsecount="1"/>
        <line num="36" count="21" type="stmt"/>
        <line num="38" count="21" type="stmt"/>
        <line num="39" count="1" type="stmt"/>
        <line num="42" count="21" type="cond" truecount="2" falsecount="0"/>
        <line num="43" count="1" type="stmt"/>
        <line num="49" count="5" type="stmt"/>
        <line num="57" count="20" type="cond" truecount="2" falsecount="0"/>
        <line num="58" count="8" type="stmt"/>
        <line num="85" count="12" type="stmt"/>
        <line num="131" count="23" type="stmt"/>
        <line num="132" count="23" type="cond" truecount="2" falsecount="0"/>
        <line num="141" count="23" type="stmt"/>
        <line num="144" count="1" type="stmt"/>
      </file>
      <file name="NodeSummaryCard.tsx" path="/home/runner/work/node-pulse/node-pulse/frontend/src/components/dashboard/NodeSummaryCard.tsx">
        <metrics statements="24" coveredstatements="2" conditionals="27" coveredconditionals="0" methods="5" coveredmethods="0"/>
        <line num="16" count="1" type="stmt"/>
        <line num="62" count="1" type="stmt"/>
        <line num="70" count="0" type="stmt"/>
        <line num="71" count="0" type="stmt"/>
        <line num="74" count="0" type="cond" truecount="0" falsecount="2"/>
        <line num="76" count="0" type="stmt"/>
        <line num="77" count="0" type="stmt"/>
        <line num="80" count="0" type="stmt"/>
        <line num="81" count="0" type="cond" truecount="0" falsecount="2"/>
        <line num="83" count="0" type="stmt"/>
        <line num="84" count="0" type="stmt"/>
        <line num="85" count="0" type="stmt"/>
        <line num="86" count="0" type="stmt"/>
        <line num="88" count="0" type="cond" truecount="0" falsecount="2"/>
        <line num="89" count="0" type="cond" truecount="0" falsecount="2"/>
        <line num="91" count="0" type="stmt"/>
        <line num="92" count="0" type="cond" truecount="0" falsecount="2"/>
        <line num="94" count="0" type="stmt"/>
        <line num="95" count="0" type="stmt"/>
        <line num="98" count="0" type="stmt"/>
        <line num="114" count="0" type="cond" truecount="0" falsecount="4"/>
        <line num="115" count="0" type="stmt"/>
        <line num="116" count="0" type="stmt"/>
        <line num="204" count="0" type="stmt"/>
      </file>
      <file name="ProblemDiagnosis.tsx" path="/home/runner/work/node-pulse/node-pulse/frontend/src/components/dashboard/ProblemDiagnosis.tsx">
        <metrics statements="10" coveredstatements="10" conditionals="15" coveredconditionals="14" methods="3" coveredmethods="3"/>
        <line num="38" count="33" type="stmt"/>
        <line num="40" count="33" type="stmt"/>
        <line num="75" count="33" type="stmt"/>
        <line num="77" count="33" type="stmt"/>
        <line num="83" count="33" type="stmt"/>
        <line num="85" count="33" type="stmt"/>
        <line num="94" count="2" type="stmt"/>
        <line num="96" count="2" type="cond" truecount="3" falsecount="1"/>
        <line num="97" count="2" type="stmt"/>
        <line num="98" count="2" type="stmt"/>
      </file>
      <file name="TopAnomaliesList.tsx" path="/home/runner/work/node-pulse/node-pulse/frontend/src/components/dashboard/TopAnomaliesList.tsx">
        <metrics statements="39" coveredstatements="36" conditionals="30" coveredconditionals="23" methods="11" coveredmethods="11"/>
        <line num="27" count="41" type="cond" truecount="4" falsecount="0"/>
        <line num="29" count="19" type="stmt"/>
        <line num="31" count="9" type="stmt"/>
        <line num="33" count="12" type="stmt"/>
        <line num="35" count="1" type="stmt"/>
        <line num="44" count="23" type="cond" truecount="1" falsecount="1"/>
        <line num="45" count="0" type="stmt"/>
        <line num="48" count="23" type="stmt"/>
        <line num="55" count="23" type="cond" truecount="3" falsecount="1"/>
        <line num="57" count="23" type="cond" truecount="2" falsecount="0"/>
        <line num="58" count="14" type="stmt"/>
        <line num="60" count="9" type="cond" truecount="1" falsecount="1"/>
        <line num="61" count="0" type="stmt"/>
        <line num="63" count="9" type="cond" truecount="1" falsecount="1"/>
        <line num="64" count="0" type="stmt"/>
        <line num="68" count="9" type="stmt"/>
        <line num="84" count="3" type="stmt"/>
        <line num="85" count="21" type="stmt"/>
        <line num="88" count="21" type="cond" truecount="1" falsecount="1"/>
        <line num="89" count="21" type="cond" truecount="1" falsecount="1"/>
        <line num="92" count="40" type="stmt"/>
        <line num="95" count="21" type="stmt"/>
        <line num="96" count="41" type="stmt"/>
        <line num="97" count="41" type="cond" truecount="2" falsecount="0"/>
        <line num="106" count="41" type="stmt"/>
        <line num="115" count="21" type="stmt"/>
        <line num="116" count="28" type="stmt"/>
        <line num="119" count="21" type="stmt"/>
        <line num="120" count="1" type="stmt"/>
        <line num="123" count="21" type="cond" truecount="2" falsecount="0"/>
        <line num="124" count="1" type="stmt"/>
        <line num="130" count="5" type="stmt"/>
        <line num="139" count="20" type="stmt"/>
        <line num="140" count="36" type="cond" truecount="2" falsecount="0"/>
        <line num="143" count="20" type="cond" truecount="2" falsecount="0"/>
        <line num="144" count="10" type="stmt"/>
        <line num="176" count="10" type="stmt"/>
        <line num="186" count="23" type="stmt"/>
        <line num="188" count="1" type="stmt"/>
      </file>
      <file name="TrendChart.tsx" path="/home/runner/work/node-pulse/node-pulse/frontend/src/components/dashboard/TrendChart.tsx">
        <metrics statements="59" coveredstatements="44" conditionals="55" coveredconditionals="39" methods="17" coveredmethods="13"/>
        <line num="11" count="0" type="cond" truecount="0" falsecount="2"/>
        <line num="12" count="0" type="stmt"/>
        <line num="15" count="0" type="stmt"/>
        <line num="16" count="0" type="cond" truecount="0" falsecount="4"/>
        <line num="74" count="71" type="stmt"/>
        <line num="75" count="71" type="stmt"/>
        <line num="76" count="71" type="stmt"/>
        <line num="79" count="71" type="stmt"/>
        <line num="100" count="71" type="stmt"/>
        <line num="103" count="71" type="stmt"/>
        <line num="110" count="71" type="stmt"/>
        <line num="111" count="1" type="stmt"/>
        <line num="112" count="1" type="cond" truecount="1" falsecount="1"/>
        <line num="113" count="1" type="stmt"/>
        <line num="118" count="71" type="stmt"/>
        <line num="119" count="20" type="cond" truecount="3" falsecount="1"/>
        <line num="121" count="16" type="stmt"/>
        <line num="123" count="2" type="stmt"/>
        <line num="125" count="2" type="stmt"/>
        <line num="127" count="0" type="stmt"/>
        <line num="132" count="71" type="stmt"/>
        <line num="133" count="68" type="cond" truecount="1" falsecount="1"/>
        <line num="136" count="68" type="cond" truecount="5" falsecount="0"/>
        <line num="138" count="51" type="cond" truecount="1" falsecount="1"/>
        <line num="139" count="0" type="stmt"/>
        <line num="140" count="0" type="stmt"/>
        <line num="142" count="51" type="stmt"/>
        <line num="146" count="17" type="cond" truecount="1" falsecount="1"/>
        <line num="147" count="17" type="stmt"/>
        <line num="151" count="17" type="stmt"/>
        <line num="152" count="17" type="cond" truecount="1" falsecount="1"/>
        <line num="153" count="17" type="stmt"/>
        <line num="154" count="17" type="stmt"/>
        <line num="160" count="71" type="stmt"/>
        <line num="161" count="71" type="cond" truecount="5" falsecount="0"/>
        <line num="163" count="20" type="stmt"/>
        <line num="167" count="60" type="stmt"/>
        <line num="185" count="20" type="stmt"/>
        <line num="197" count="0" type="stmt"/>
        <line num="198" count="0" type="cond" truecount="0" falsecount="2"/>
        <line num="200" count="0" type="stmt"/>
        <line num="201" count="0" type="stmt"/>
        <line num="202" count="0" type="stmt"/>
        <line num="203" count="0" type="stmt"/>
        <line num="226" count="60" type="stmt"/>
        <line num="238" count="140" type="stmt"/>
        <line num="258" count="71" type="cond" truecount="4" falsecount="0"/>
        <line num="259" count="1" type="stmt"/>
        <line num="275" count="20" type="stmt"/>
        <line num="279" count="71" type="stmt"/>
        <line num="280" count="44" type="stmt"/>
        <line num="281" count="0" type="cond" truecount="0" falsecount="2"/>
        <line num="282" count="0" type="stmt"/>
        <line num="286" count="44" type="stmt"/>
        <line num="288" count="44" type="stmt"/>
        <line num="289" count="44" type="stmt"/>
        <line num="293" count="71" type="stmt"/>
        <line num="304" count="213" type="stmt"/>
        <line num="306" count="1" type="stmt"/>
      </file>
      <file name="WorldMap.tsx" path="/home/runner/work/node-pulse/node-pulse/frontend/src/components/dashboard/WorldMap.tsx">
        <metrics statements="63" coveredstatements="46" conditionals="57" coveredconditionals="25" methods="20" coveredmethods="17"/>
        <line num="29" count="1" type="stmt"/>
        <line num="76" count="17" type="stmt"/>
        <line num="77" count="17" type="stmt"/>
        <line num="78" count="17" type="stmt"/>
        <line num="81" count="17" type="stmt"/>
        <line num="82" count="89" type="cond" truecount="1" falsecount="1"/>
        <line num="86" count="17" type="stmt"/>
        <line num="88" count="48" type="cond" truecount="1" falsecount="1"/>
        <line num="89" count="48" type="stmt"/>
        <line num="95" count="17" type="stmt"/>
        <line num="96" count="17" type="cond" truecount="2" falsecount="0"/>
        <line num="99" count="12" type="cond" truecount="4" falsecount="1"/>
        <line num="101" count="0" type="cond" truecount="0" falsecount="2"/>
        <line num="102" count="0" type="stmt"/>
        <line num="103" count="0" type="stmt"/>
        <line num="105" count="0" type="stmt"/>
        <line num="109" count="12" type="cond" truecount="1" falsecount="1"/>
        <line num="110" count="12" type="stmt"/>
        <line num="114" count="12" type="stmt"/>
        <line num="115" count="12" type="cond" truecount="1" falsecount="1"/>
        <line num="116" count="12" type="stmt"/>
        <line num="117" count="12" type="stmt"/>
        <line num="123" count="17" type="stmt"/>
        <line num="124" count="17" type="cond" truecount="5" falsecount="0"/>
        <line num="127" count="41" type="stmt"/>
        <line num="128" count="41" type="stmt"/>
        <line num="131" count="41" type="stmt"/>
        <line num="142" count="12" type="stmt"/>
        <line num="147" count="0" type="stmt"/>
        <line num="152" count="0" type="cond" truecount="0" falsecount="4"/>
        <line num="154" count="0" type="stmt"/>
        <line num="155" count="0" type="cond" truecount="0" falsecount="2"/>
        <line num="156" count="0" type="cond" truecount="0" falsecount="2"/>
        <line num="158" count="0" type="stmt"/>
        <line num="247" count="12" type="stmt"/>
        <line num="250" count="12" type="stmt"/>
        <line num="251" count="0" type="stmt"/>
        <line num="252" count="0" type="cond" truecount="0" falsecount="4"/>
        <line num="253" count="0" type="stmt"/>
        <line num="254" count="0" type="cond" truecount="0" falsecount="4"/>
        <line num="255" count="0" type="stmt"/>
        <line num="262" count="17" type="stmt"/>
        <line num="263" count="17" type="stmt"/>
        <line num="264" count="0" type="cond" truecount="0" falsecount="2"/>
        <line num="265" count="0" type="stmt"/>
        <line num="269" count="17" type="stmt"/>
        <line num="271" count="17" type="stmt"/>
        <line num="272" count="17" type="stmt"/>
        <line num="277" count="17" type="stmt"/>
        <line num="279" count="17" type="cond" truecount="1" falsecount="1"/>
        <line num="281" count="17" type="stmt"/>
        <line num="305" count="17" type="stmt"/>
        <line num="310" count="17" type="cond" truecount="2" falsecount="0"/>
        <line num="311" count="2" type="stmt"/>
        <line num="338" count="15" type="cond" truecount="4" falsecount="0"/>
        <line num="339" count="3" type="stmt"/>
        <line num="380" count="12" type="stmt"/>
        <line num="381" count="41" type="stmt"/>
        <line num="382" count="41" type="stmt"/>
        <line num="383" count="41" type="stmt"/>
        <line num="384" count="41" type="stmt"/>
        <line num="387" count="12" type="stmt"/>
        <line num="416" count="48" type="stmt"/>
      </file>
    </package>
    <package name="src.components.export">
      <metrics statements="139" coveredstatements="126" conditionals="109" coveredconditionals="94" methods="49" coveredmethods="39"/>
      <file name="ExportForm.tsx" path="/home/runner/work/node-pulse/node-pulse/frontend/src/components/export/ExportForm.tsx">
        <metrics statements="63" coveredstatements="56" conditionals="43" coveredconditionals="35" methods="24" coveredmethods="18"/>
        <line num="26" count="101" type="stmt"/>
        <line num="28" count="101" type="stmt"/>
        <line num="29" count="101" type="stmt"/>
        <line num="30" count="101" type="stmt"/>
        <line num="31" count="101" type="stmt"/>
        <line num="32" count="101" type="stmt"/>
        <line num="33" count="101" type="stmt"/>
        <line num="34" count="101" type="stmt"/>
        <line num="39" count="101" type="stmt"/>
        <line num="40" count="9" type="stmt"/>
        <line num="41" count="9" type="stmt"/>
        <line num="44" count="9" type="cond" truecount="2" falsecount="0"/>
        <line num="45" count="7" type="stmt"/>
        <line num="46" count="2" type="cond" truecount="2" falsecount="0"/>
        <line num="47" count="1" type="stmt"/>
        <line num="50" count="1" type="stmt"/>
        <line num="53" count="9" type="stmt"/>
        <line num="62" count="101" type="stmt"/>
        <line num="63" count="13" type="stmt"/>
        <line num="66" count="13" type="cond" truecount="2" falsecount="0"/>
        <line num="67" count="3" type="stmt"/>
        <line num="68" count="10" type="cond" truecount="2" falsecount="0"/>
        <line num="69" count="1" type="stmt"/>
        <line num="73" count="13" type="cond" truecount="2" falsecount="0"/>
        <line num="74" count="1" type="cond" truecount="3" falsecount="1"/>
        <line num="75" count="0" type="stmt"/>
        <line num="77" count="1" type="stmt"/>
        <line num="78" count="1" type="stmt"/>
        <line num="79" count="1" type="cond" truecount="1" falsecount="1"/>
        <line num="80" count="0" type="stmt"/>
        <line num="86" count="13" type="cond" truecount="1" falsecount="1"/>
        <line num="87" count="0" type="stmt"/>
        <line num="90" count="13" type="stmt"/>
        <line num="91" count="13" type="stmt"/>
        <line num="97" count="101" type="stmt"/>
        <line num="98" count="13" type="stmt"/>
        <line num="100" count="13" type="cond" truecount="2" falsecount="0"/>
        <line num="101" count="4" type="stmt"/>
        <line num="104" count="9" type="stmt"/>
        <line num="107" count="9" type="stmt"/>
        <line num="119" count="101" type="stmt"/>
        <line num="120" count="61" type="stmt"/>
        <line num="121" count="61" type="cond" truecount="1" falsecount="1"/>
        <line num="124" count="61" type="cond" truecount="2" falsecount="0"/>
        <line num="125" count="1" type="stmt"/>
        <line num="132" count="101" type="stmt"/>
        <line num="133" count="2" type="stmt"/>
        <line num="134" count="2" type="cond" truecount="1" falsecount="1"/>
        <line num="137" count="2" type="cond" truecount="1" falsecount="1"/>
        <line num="138" count="0" type="stmt"/>
        <line num="142" count="101" type="stmt"/>
        <line num="154" count="2847" type="stmt"/>
        <line num="161" count="61" type="stmt"/>
        <line num="190" count="0" type="stmt"/>
        <line num="202" count="1" type="stmt"/>
        <line num="214" count="1" type="stmt"/>
        <line num="233" count="1" type="stmt"/>
        <line num="247" count="1" type="stmt"/>
        <line num="271" count="0" type="stmt"/>
        <line num="281" count="1" type="stmt"/>
        <line num="291" count="1" type="stmt"/>
        <line num="315" count="0" type="stmt"/>
        <line num="327" count="1" type="stmt"/>
      </file>
      <file name="ExportHistoryTable.tsx" path="/home/runner/work/node-pulse/node-pulse/frontend/src/components/export/ExportHistoryTable.tsx">
        <metrics statements="39" coveredstatements="36" conditionals="27" coveredconditionals="23" methods="17" coveredmethods="13"/>
        <line num="27" count="17" type="stmt"/>
        <line num="28" count="17" type="stmt"/>
        <line num="31" count="17" type="stmt"/>
        <line num="36" count="17" type="stmt"/>
        <line num="37" count="368" type="cond" truecount="2" falsecount="0"/>
        <line num="38" count="25" type="stmt"/>
        <line num="44" count="17" type="stmt"/>
        <line num="45" count="17" type="stmt"/>
        <line num="46" count="17" type="stmt"/>
        <line num="51" count="17" type="stmt"/>
        <line num="52" count="1" type="stmt"/>
        <line num="53" count="1" type="stmt"/>
        <line num="59" count="17" type="stmt"/>
        <line num="60" count="252" type="stmt"/>
        <line num="61" count="252" type="stmt"/>
        <line num="72" count="17" type="stmt"/>
        <line num="73" count="252" type="cond" truecount="2" falsecount="0"/>
        <line num="74" count="92" type="stmt"/>
        <line num="75" count="92" type="stmt"/>
        <line num="76" count="92" type="stmt"/>
        <line num="77" count="92" type="stmt"/>
        <line num="83" count="17" type="stmt"/>
        <line num="84" count="252" type="stmt"/>
        <line num="91" count="252" type="stmt"/>
        <line num="98" count="252" type="stmt"/>
        <line num="108" count="17" type="cond" truecount="2" falsecount="0"/>
        <line num="109" count="1" type="stmt"/>
        <line num="118" count="16" type="cond" truecount="2" falsecount="0"/>
        <line num="119" count="1" type="stmt"/>
        <line num="139" count="15" type="stmt"/>
        <line num="147" count="0" type="stmt"/>
        <line num="158" count="1" type="stmt"/>
        <line num="169" count="0" type="stmt"/>
        <line num="208" count="252" type="stmt"/>
        <line num="218" count="252" type="stmt"/>
        <line num="237" count="1" type="stmt"/>
        <line num="246" count="1" type="stmt"/>
        <line num="272" count="0" type="stmt"/>
        <line num="283" count="1" type="stmt"/>
      </file>
      <file name="ExportStatusCard.tsx" path="/home/runner/work/node-pulse/node-pulse/frontend/src/components/export/ExportStatusCard.tsx">
        <metrics statements="37" coveredstatements="34" conditionals="39" coveredconditionals="36" methods="8" coveredmethods="8"/>
[...]
        <line num="153" count="0" type="stmt"/>
        <line num="154" count="0" type="cond" truecount="0" falsecount="2"/>
        <line num="157" count="0" type="stmt"/>
        <line num="158" count="0" type="stmt"/>
        <line num="161" count="0" type="stmt"/>
        <line num="168" count="0" type="stmt"/>
        <line num="171" count="0" type="stmt"/>
        <line num="172" count="0" type="stmt"/>
        <line num="174" count="0" type="stmt"/>
        <line num="178" count="22" type="stmt"/>
        <line num="182" count="33" type="stmt"/>
        <line num="183" count="0" type="stmt"/>
        <line num="187" count="33" type="stmt"/>
        <line num="188" count="24" type="cond" truecount="4" falsecount="0"/>
        <line num="190" count="9" type="stmt"/>
        <line num="193" count="9" type="cond" truecount="3" falsecount="1"/>
        <line num="194" count="0" type="stmt"/>
        <line num="198" count="9" type="cond" truecount="1" falsecount="1"/>
        <line num="199" count="0" type="stmt"/>
        <line num="203" count="9" type="cond" truecount="1" falsecount="1"/>
        <line num="204" count="0" type="stmt"/>
        <line num="208" count="9" type="cond" truecount="4" falsecount="1"/>
        <line num="209" count="0" type="stmt"/>
        <line num="213" count="9" type="cond" truecount="4" falsecount="1"/>
        <line num="214" count="0" type="stmt"/>
        <line num="217" count="9" type="stmt"/>
        <line num="220" count="33" type="stmt"/>
        <line num="221" count="24" type="cond" truecount="4" falsecount="0"/>
        <line num="223" count="9" type="stmt"/>
        <line num="224" count="9" type="stmt"/>
        <line num="230" count="9" type="cond" truecount="1" falsecount="1"/>
        <line num="235" count="0" type="stmt"/>
        <line num="238" count="9" type="cond" truecount="1" falsecount="1"/>
        <line num="239" count="0" type="stmt"/>
        <line num="242" count="9" type="cond" truecount="1" falsecount="1"/>
        <line num="243" count="0" type="stmt"/>
        <line num="246" count="9" type="stmt"/>
        <line num="250" count="33" type="stmt"/>
        <line num="251" count="24" type="cond" truecount="1" falsecount="1"/>
        <line num="253" count="24" type="stmt"/>
        <line num="254" count="24" type="stmt"/>
        <line num="255" count="24" type="stmt"/>
        <line num="256" count="24" type="stmt"/>
        <line num="257" count="24" type="stmt"/>
        <line num="259" count="24" type="cond" truecount="1" falsecount="1"/>
        <line num="260" count="24" type="cond" truecount="2" falsecount="0"/>
        <line num="262" count="21" type="stmt"/>
        <line num="263" count="21" type="cond" truecount="1" falsecount="1"/>
        <line num="265" count="21" type="stmt"/>
        <line num="267" count="0" type="stmt"/>
        <line num="271" count="33" type="cond" truecount="2" falsecount="0"/>
        <line num="272" count="3" type="stmt"/>
        <line num="288" count="30" type="cond" truecount="2" falsecount="0"/>
        <line num="289" count="3" type="stmt"/>
        <line num="310" count="27" type="cond" truecount="2" falsecount="0"/>
        <line num="311" count="3" type="stmt"/>
        <line num="329" count="24" type="stmt"/>
        <line num="453" count="6" type="stmt"/>
        <line num="565" count="0" type="stmt"/>
        <line num="566" count="0" type="stmt"/>
      </file>
    </package>
    <package name="src.stores">
      <metrics statements="225" coveredstatements="149" conditionals="65" coveredconditionals="27" methods="98" coveredmethods="69"/>
      <file name="alertsStore.ts" path="/home/runner/work/node-pulse/node-pulse/frontend/src/stores/alertsStore.ts">
        <metrics statements="27" coveredstatements="27" conditionals="4" coveredconditionals="2" methods="16" coveredmethods="16"/>
        <line num="27" count="2" type="stmt"/>
        <line num="35" count="2" type="stmt"/>
        <line num="43" count="3" type="stmt"/>
        <line num="47" count="1" type="stmt"/>
        <line num="51" count="1" type="stmt"/>
        <line num="52" count="1" type="stmt"/>
        <line num="60" count="1" type="stmt"/>
        <line num="66" count="1" type="stmt"/>
        <line num="67" count="1" type="stmt"/>
        <line num="75" count="1" type="stmt"/>
        <line num="77" count="1" type="cond" truecount="1" falsecount="1"/>
        <line num="83" count="1" type="stmt"/>
        <line num="84" count="1" type="stmt"/>
        <line num="85" count="2" type="stmt"/>
        <line num="90" count="1" type="stmt"/>
        <line num="94" count="2" type="stmt"/>
        <line num="95" count="2" type="stmt"/>
        <line num="97" count="1" type="cond" truecount="1" falsecount="1"/>
        <line num="106" count="2" type="stmt"/>
        <line num="108" count="1" type="stmt"/>
        <line num="109" count="1" type="stmt"/>
        <line num="114" count="2" type="stmt"/>
        <line num="115" count="2" type="stmt"/>
        <line num="117" count="1" type="stmt"/>
        <line num="126" count="1" type="stmt"/>
        <line num="128" count="1" type="stmt"/>
        <line num="129" count="1" type="stmt"/>
      </file>
      <file name="authStore.ts" path="/home/runner/work/node-pulse/node-pulse/frontend/src/stores/authStore.ts">
        <metrics statements="54" coveredstatements="42" conditionals="19" coveredconditionals="6" methods="16" coveredmethods="14"/>
        <line num="47" count="10" type="stmt"/>
        <line num="48" count="10" type="stmt"/>
        <line num="52" count="10" type="stmt"/>
        <line num="65" count="3" type="stmt"/>
        <line num="66" count="3" type="stmt"/>
        <line num="68" count="3" type="stmt"/>
        <line num="74" count="3" type="stmt"/>
        <line num="86" count="3" type="stmt"/>
        <line num="87" count="3" type="stmt"/>
        <line num="89" count="1" type="stmt"/>
        <line num="93" count="3" type="stmt"/>
        <line num="96" count="3" type="stmt"/>
        <line num="98" count="3" type="stmt"/>
        <line num="111" count="1" type="stmt"/>
        <line num="120" count="8" type="stmt"/>
        <line num="123" count="8" type="stmt"/>
        <line num="125" count="8" type="stmt"/>
        <line num="137" count="1" type="stmt"/>
        <line num="141" count="1" type="stmt"/>
        <line num="142" count="1" type="stmt"/>
        <line num="150" count="4" type="stmt"/>
        <line num="151" count="4" type="stmt"/>
        <line num="152" count="4" type="stmt"/>
        <line num="153" count="2" type="stmt"/>
        <line num="159" count="2" type="stmt"/>
        <line num="168" count="1" type="stmt"/>
        <line num="187" count="11" type="stmt"/>
        <line num="188" count="11" type="stmt"/>
        <line num="190" count="11" type="stmt"/>
        <line num="191" count="0" type="stmt"/>
        <line num="194" count="0" type="stmt"/>
        <line num="204" count="3" type="stmt"/>
        <line num="205" count="1" type="cond" truecount="3" falsecount="1"/>
        <line num="206" count="1" type="cond" truecount="1" falsecount="1"/>
        <line num="207" count="1" type="stmt"/>
        <line num="211" count="1" type="stmt"/>
        <line num="214" count="1" type="stmt"/>
        <line num="225" count="3" type="stmt"/>
        <line num="228" count="3" type="stmt"/>
        <line num="229" count="2" type="stmt"/>
        <line num="239" count="2" type="stmt"/>
        <line num="240" count="0" type="cond" truecount="0" falsecount="2"/>
        <line num="241" count="0" type="stmt"/>
        <line num="244" count="0" type="cond" truecount="0" falsecount="5"/>
        <line num="245" count="0" type="stmt"/>
        <line num="248" count="0" type="cond" truecount="0" falsecount="2"/>
        <line num="249" count="0" type="cond" truecount="0" falsecount="2"/>
        <line num="250" count="0" type="stmt"/>
        <line num="252" count="0" type="stmt"/>
        <line num="253" count="0" type="stmt"/>
        <line num="255" count="0" type="stmt"/>
        <line num="262" count="2" type="stmt"/>
        <line num="265" count="2" type="stmt"/>
        <line num="266" count="2" type="stmt"/>
      </file>
      <file name="dashboardStore.ts" path="/home/runner/work/node-pulse/node-pulse/frontend/src/stores/dashboardStore.ts">
        <metrics statements="14" coveredstatements="8" conditionals="2" coveredconditionals="0" methods="18" coveredmethods="7"/>
        <line num="41" count="1" type="stmt"/>
        <line num="47" count="1" type="stmt"/>
        <line num="55" count="1" type="stmt"/>
        <line num="66" count="4" type="stmt"/>
        <line num="70" count="4" type="stmt"/>
        <line num="74" count="1" type="stmt"/>
        <line num="78" count="2" type="stmt"/>
        <line num="82" count="1" type="stmt"/>
        <line num="87" count="0" type="stmt"/>
        <line num="93" count="0" type="stmt"/>
        <line num="99" count="0" type="stmt"/>
        <line num="109" count="0" type="stmt"/>
        <line num="115" count="0" type="stmt"/>
        <line num="121" count="0" type="stmt"/>
      </file>
      <file name="exportStore.ts" path="/home/runner/work/node-pulse/node-pulse/frontend/src/stores/exportStore.ts">
        <metrics statements="82" coveredstatements="47" conditionals="18" coveredconditionals="9" methods="21" coveredmethods="14"/>
        <line num="34" count="2" type="stmt"/>
        <line num="35" count="2" type="stmt"/>
        <line num="36" count="2" type="stmt"/>
        <line num="37" count="2" type="cond" truecount="1" falsecount="1"/>
        <line num="39" count="0" type="stmt"/>
        <line num="44" count="2" type="stmt"/>
        <line num="45" count="0" type="stmt"/>
        <line num="46" count="0" type="stmt"/>
        <line num="48" count="0" type="stmt"/>
        <line num="52" count="2" type="stmt"/>
        <line num="65" count="2" type="stmt"/>
        <line num="67" count="2" type="stmt"/>
        <line num="68" count="2" type="stmt"/>
        <line num="69" count="1" type="stmt"/>
        <line num="72" count="1" type="stmt"/>
        <line num="78" count="1" type="stmt"/>
        <line num="80" count="1" type="stmt"/>
        <line num="83" count="1" type="cond" truecount="1" falsecount="1"/>
        <line num="84" count="1" type="stmt"/>
        <line num="85" count="1" type="stmt"/>
        <line num="94" count="3" type="stmt"/>
        <line num="97" count="3" type="cond" truecount="2" falsecount="0"/>
        <line num="98" count="2" type="stmt"/>
        <line num="102" count="1" type="stmt"/>
        <line num="106" count="1" type="stmt"/>
        <line num="107" count="1" type="stmt"/>
        <line num="108" count="1" type="stmt"/>
        <line num="111" count="1" type="stmt"/>
        <line num="113" count="1" type="cond" truecount="1" falsecount="1"/>
        <line num="118" count="1" type="cond" truecount="1" falsecount="1"/>
        <line num="122" count="0" type="stmt"/>
        <line num="125" count="0" type="stmt"/>
        <line num="126" count="0" type="stmt"/>
        <line num="127" count="0" type="stmt"/>
        <line num="128" count="0" type="stmt"/>
        <line num="130" count="0" type="stmt"/>
        <line num="131" count="0" type="stmt"/>
        <line num="133" count="0" type="stmt"/>
        <line num="141" count="1" type="stmt"/>
        <line num="142" count="0" type="stmt"/>
        <line num="146" count="1" type="stmt"/>
        <line num="147" count="1" type="stmt"/>
        <line num="148" count="1" type="stmt"/>
        <line num="149" count="1" type="stmt"/>
        <line num="154" count="0" type="cond" truecount="0" falsecount="2"/>
        <line num="155" count="0" type="stmt"/>
        <line num="158" count="0" type="stmt"/>
        <line num="166" count="0" type="stmt"/>
        <line num="168" count="0" type="stmt"/>
        <line num="169" count="0" type="stmt"/>
        <line num="172" count="0" type="stmt"/>
        <line num="173" count="0" type="stmt"/>
        <line num="174" count="0" type="stmt"/>
        <line num="175" count="0" type="stmt"/>
        <line num="176" count="0" type="stmt"/>
        <line num="177" count="0" type="stmt"/>
        <line num="178" count="0" type="stmt"/>
        <line num="179" count="0" type="stmt"/>
        <line num="181" count="0" type="stmt"/>
        <line num="184" count="0" type="cond" truecount="0" falsecount="2"/>
        <line num="185" count="0" type="stmt"/>
        <line num="186" count="0" type="stmt"/>
        <line num="197" count="5" type="stmt"/>
        <line num="204" count="1" type="stmt"/>
        <line num="211" count="1" type="stmt"/>
        <line num="212" count="1" type="stmt"/>
        <line num="214" count="1" type="cond" truecount="1" falsecount="1"/>
        <line num="215" count="1" type="stmt"/>
        <line num="217" count="1" type="stmt"/>
        <line num="218" count="1" type="stmt"/>
        <line num="219" count="1" type="stmt"/>
        <line num="223" count="1" type="stmt"/>
        <line num="224" count="1" type="stmt"/>
        <line num="225" count="1" type="stmt"/>
        <line num="232" count="6" type="stmt"/>
        <line num="234" count="6" type="stmt"/>
        <line num="235" count="2" type="stmt"/>
        <line num="238" count="6" type="stmt"/>
        <line num="248" count="0" type="stmt"/>
        <line num="249" count="0" type="stmt"/>
        <line num="256" count="0" type="stmt"/>
        <line num="257" count="0" type="stmt"/>
      </file>
      <file name="nodesStore.ts" path="/home/runner/work/node-pulse/node-pulse/frontend/src/stores/nodesStore.ts">
        <metrics statements="15" coveredstatements="15" conditionals="10" coveredconditionals="5" methods="15" coveredmethods="15"/>
        <line num="25" count="1" type="stmt"/>
        <line num="33" count="3" type="stmt"/>
        <line num="37" count="2" type="stmt"/>
        <line num="41" count="1" type="stmt"/>
        <line num="47" count="1" type="stmt"/>
        <line num="49" count="1" type="cond" truecount="1" falsecount="1"/>
        <line num="55" count="1" type="stmt"/>
        <line num="56" count="2" type="stmt"/>
        <line num="63" count="1" type="stmt"/>
        <line num="72" count="2" type="stmt"/>
        <line num="73" count="2" type="stmt"/>
        <line num="75" count="1" type="cond" truecount="1" falsecount="1"/>
        <line num="84" count="2" type="stmt"/>
        <line num="86" count="1" type="stmt"/>
        <line num="87" count="1" type="stmt"/>
      </file>
      <file name="settingsStore.ts" path="/home/runner/work/node-pulse/node-pulse/frontend/src/stores/settingsStore.ts">
        <metrics statements="33" coveredstatements="10" conditionals="12" coveredconditionals="5" methods="12" coveredmethods="3"/>
        <line num="43" count="4" type="stmt"/>
        <line num="70" count="4" type="stmt"/>
        <line num="79" count="4" type="stmt"/>
        <line num="81" count="4" type="stmt"/>
        <line num="85" count="0" type="stmt"/>
        <line num="86" count="0" type="stmt"/>
        <line num="87" count="0" type="stmt"/>
        <line num="91" count="0" type="stmt"/>
        <line num="92" count="0" type="stmt"/>
        <line num="96" count="0" type="stmt"/>
        <line num="100" count="0" type="stmt"/>
        <line num="104" count="0" type="stmt"/>
        <line num="105" count="0" type="stmt"/>
        <line num="110" count="0" type="stmt"/>
        <line num="126" count="35" type="stmt"/>
        <line num="128" count="35" type="cond" truecount="1" falsecount="1"/>
        <line num="129" count="35" type="stmt"/>
        <line num="130" count="35" type="stmt"/>
        <line num="132" count="0" type="stmt"/>
        <line num="140" count="41" type="cond" truecount="1" falsecount="1"/>
        <line num="141" count="41" type="cond" truecount="1" falsecount="1"/>
        <line num="143" count="0" type="stmt"/>
        <line num="150" count="0" type="stmt"/>
        <line num="151" count="0" type="stmt"/>
        <line num="154" count="0" type="stmt"/>
        <line num="155" count="0" type="stmt"/>
        <line num="156" count="0" type="stmt"/>
        <line num="157" count="0" type="cond" truecount="0" falsecount="2"/>
        <line num="158" count="0" type="stmt"/>
        <line num="162" count="0" type="stmt"/>
        <line num="169" count="0" type="stmt"/>
        <line num="170" count="0" type="stmt"/>
        <line num="171" count="0" type="stmt"/>
      </file>
    </package>
    <package name="src.utils">
      <metrics statements="45" coveredstatements="45" conditionals="49" coveredconditionals="46" methods="6" coveredmethods="6"/>
      <file name="deepEqual.ts" path="/home/runner/work/node-pulse/node-pulse/frontend/src/utils/deepEqual.ts">
        <metrics statements="19" coveredstatements="19" conditionals="22" coveredconditionals="19" methods="4" coveredmethods="4"/>
        <line num="11" count="57" type="cond" truecount="2" falsecount="0"/>
        <line num="14" count="22" type="cond" truecount="4" falsecount="0"/>
        <line num="17" count="20" type="cond" truecount="1" falsecount="1"/>
        <line num="20" count="20" type="cond" truecount="4" falsecount="0"/>
        <line num="21" count="6" type="cond" truecount="1" falsecount="1"/>
        <line num="22" count="7" type="stmt"/>
        <line num="26" count="14" type="cond" truecount="4" falsecount="0"/>
        <line num="27" count="11" type="stmt"/>
        <line num="28" count="11" type="stmt"/>
        <line num="29" count="11" type="stmt"/>
        <line num="30" count="11" type="stmt"/>
        <line num="32" count="11" type="cond" truecount="1" falsecount="1"/>
        <line num="34" count="22" type="stmt"/>
        <line num="37" count="3" type="stmt"/>
        <line num="48" count="2" type="stmt"/>
        <line num="50" count="2" type="stmt"/>
        <line num="51" count="5" type="cond" truecount="2" falsecount="0"/>
        <line num="52" count="1" type="stmt"/>
        <line num="56" count="1" type="stmt"/>
      </file>
      <file name="healthStatus.ts" path="/home/runner/work/node-pulse/node-pulse/frontend/src/utils/healthStatus.ts">
        <metrics statements="26" coveredstatements="26" conditionals="27" coveredconditionals="27" methods="2" coveredmethods="2"/>
        <line num="26" count="5" type="stmt"/>
        <line num="45" count="97" type="cond" truecount="4" falsecount="0"/>
        <line num="46" count="2" type="stmt"/>
        <line num="49" count="95" type="stmt"/>
        <line num="50" count="95" type="stmt"/>
        <line num="51" count="95" type="stmt"/>
        <line num="53" count="95" type="stmt"/>
        <line num="82" count="93" type="cond" truecount="2" falsecount="0"/>
        <line num="83" count="2" type="stmt"/>
        <line num="87" count="91" type="cond" truecount="2" falsecount="0"/>
        <line num="88" count="93" type="cond" truecount="2" falsecount="0"/>
        <line num="89" count="93" type="cond" truecount="2" falsecount="0"/>
        <line num="92" count="93" type="cond" truecount="2" falsecount="0"/>
        <line num="93" count="2" type="stmt"/>
        <line num="97" count="89" type="cond" truecount="2" falsecount="0"/>
        <line num="102" count="38" type="stmt"/>
        <line num="106" count="51" type="stmt"/>
        <line num="107" count="51" type="stmt"/>
        <line num="108" count="51" type="stmt"/>
        <line num="109" count="51" type="stmt"/>
        <line num="111" count="51" type="cond" truecount="2" falsecount="0"/>
        <line num="112" count="1" type="stmt"/>
        <line num="116" count="50" type="stmt"/>
        <line num="118" count="50" type="cond" truecount="2" falsecount="0"/>
        <line num="123" count="22" type="stmt"/>
        <line num="127" count="28" type="stmt"/>
      </file>
    </package>
  </project>
</coverage>
