{"/home/runner/work/node-pulse/node-pulse/frontend/src/App.tsx": {"path":"/home/runner/work/node-pulse/node-pulse/frontend/src/App.tsx","statementMap":{"0":{"start":{"line":8,"column":6},"end":{"line":8,"column":null}},"1":{"start":{"line":8,"column":29},"end":{"line":8,"column":null}},"2":{"start":{"line":9,"column":6},"end":{"line":9,"column":null}},"3":{"start":{"line":9,"column":33},"end":{"line":9,"column":null}},"4":{"start":{"line":10,"column":6},"end":{"line":10,"column":null}},"5":{"start":{"line":10,"column":34},"end":{"line":10,"column":null}},"6":{"start":{"line":11,"column":6},"end":{"line":11,"column":null}},"7":{"start":{"line":11,"column":38},"end":{"line":11,"column":null}},"8":{"start":{"line":12,"column":6},"end":{"line":12,"column":null}},"9":{"start":{"line":12,"column":38},"end":{"line":12,"column":null}},"10":{"start":{"line":13,"column":6},"end":{"line":13,"column":null}},"11":{"start":{"line":13,"column":34},"end":{"line":13,"column":null}},"12":{"start":{"line":14,"column":6},"end":{"line":14,"column":null}},"13":{"start":{"line":14,"column":36},"end":{"line":14,"column":null}},"14":{"start":{"line":15,"column":6},"end":{"line":15,"column":null}},"15":{"start":{"line":15,"column":36},"end":{"line":15,"column":null}},"16":{"start":{"line":16,"column":6},"end":{"line":16,"column":null}},"17":{"start":{"line":16,"column":32},"end":{"line":16,"column":null}},"18":{"start":{"line":17,"column":6},"end":{"line":17,"column":null}},"19":{"start":{"line":17,"column":34},"end":{"line":17,"column":null}},"20":{"start":{"line":18,"column":6},"end":{"line":18,"column":null}},"21":{"start":{"line":18,"column":32},"end":{"line":18,"column":null}},"22":{"start":{"line":19,"column":6},"end":{"line":19,"column":null}},"23":{"start":{"line":19,"column":31},"end":{"line":19,"column":null}},"24":{"start":{"line":20,"column":6},"end":{"line":20,"column":null}},"25":{"start":{"line":20,"column":35},"end":{"line":20,"column":null}},"26":{"start":{"line":21,"column":6},"end":{"line":21,"column":null}},"27":{"start":{"line":21,"column":29},"end":{"line":21,"column":null}},"28":{"start":{"line":22,"column":6},"end":{"line":22,"column":null}},"29":{"start":{"line":22,"column":36},"end":{"line":22,"column":null}},"30":{"start":{"line":23,"column":6},"end":{"line":23,"column":null}},"31":{"start":{"line":23,"column":40},"end":{"line":23,"column":null}},"32":{"start":{"line":24,"column":6},"end":{"line":24,"column":null}},"33":{"start":{"line":24,"column":32},"end":{"line":24,"column":null}},"34":{"start":{"line":31,"column":8},"end":{"line":31,"column":null}},"35":{"start":{"line":31,"column":49},"end":{"line":31,"column":67}},"36":{"start":{"line":33,"column":21},"end":{"line":33,"column":null}},"37":{"start":{"line":33,"column":48},"end":{"line":33,"column":71}},"38":{"start":{"line":35,"column":2},"end":{"line":40,"column":null}},"39":{"start":{"line":45,"column":8},"end":{"line":45,"column":null}},"40":{"start":{"line":45,"column":49},"end":{"line":45,"column":69}},"41":{"start":{"line":48,"column":2},"end":{"line":51,"column":null}},"42":{"start":{"line":49,"column":4},"end":{"line":49,"column":null}},"43":{"start":{"line":54,"column":2},"end":{"line":62,"column":null}},"44":{"start":{"line":55,"column":10},"end":{"line":55,"column":null}},"45":{"start":{"line":56,"column":10},"end":{"line":56,"column":null}},"46":{"start":{"line":58,"column":4},"end":{"line":61,"column":null}},"47":{"start":{"line":59,"column":6},"end":{"line":59,"column":null}},"48":{"start":{"line":60,"column":6},"end":{"line":60,"column":null}},"49":{"start":{"line":64,"column":2},"end":{"line":116,"column":null}}},"fnMap":{"0":{"name":"(anonymous_0)","decl":{"start":{"line":8,"column":23},"end":{"line":8,"column":29}},"loc":{"start":{"line":8,"column":29},"end":{"line":8,"column":null}},"line":8},"1":{"name":"(anonymous_1)","decl":{"start":{"line":9,"column":27},"end":{"line":9,"column":33}},"loc":{"start":{"line":9,"column":33},"end":{"line":9,"column":null}},"line":9},"2":{"name":"(anonymous_2)","decl":{"start":{"line":10,"column":28},"end":{"line":10,"column":34}},"loc":{"start":{"line":10,"column":34},"end":{"line":10,"column":null}},"line":10},"3":{"name":"(anonymous_3)","decl":{"start":{"line":11,"column":32},"end":{"line":11,"column":38}},"loc":{"start":{"line":11,"column":38},"end":{"line":11,"column":null}},"line":11},"4":{"name":"(anonymous_4)","decl":{"start":{"line":12,"column":32},"end":{"line":12,"column":38}},"loc":{"start":{"line":12,"column":38},"end":{"line":12,"column":null}},"line":12},"5":{"name":"(anonymous_5)","decl":{"start":{"line":13,"column":28},"end":{"line":13,"column":34}},"loc":{"start":{"line":13,"column":34},"end":{"line":13,"column":null}},"line":13},"6":{"name":"(anonymous_6)","decl":{"start":{"line":14,"column":30},"end":{"line":14,"column":36}},"loc":{"start":{"line":14,"column":36},"end":{"line":14,"column":null}},"line":14},"7":{"name":"(anonymous_7)","decl":{"start":{"line":15,"column":30},"end":{"line":15,"column":36}},"loc":{"start":{"line":15,"column":36},"end":{"line":15,"column":null}},"line":15},"8":{"name":"(anonymous_8)","decl":{"start":{"line":16,"column":26},"end":{"line":16,"column":32}},"loc":{"start":{"line":16,"column":32},"end":{"line":16,"column":null}},"line":16},"9":{"name":"(anonymous_9)","decl":{"start":{"line":17,"column":28},"end":{"line":17,"column":34}},"loc":{"start":{"line":17,"column":34},"end":{"line":17,"column":null}},"line":17},"10":{"name":"(anonymous_10)","decl":{"start":{"line":18,"column":26},"end":{"line":18,"column":32}},"loc":{"start":{"line":18,"column":32},"end":{"line":18,"column":null}},"line":18},"11":{"name":"(anonymous_11)","decl":{"start":{"line":19,"column":25},"end":{"line":19,"column":31}},"loc":{"start":{"line":19,"column":31},"end":{"line":19,"column":null}},"line":19},"12":{"name":"(anonymous_12)","decl":{"start":{"line":20,"column":29},"end":{"line":20,"column":35}},"loc":{"start":{"line":20,"column":35},"end":{"line":20,"column":null}},"line":20},"13":{"name":"(anonymous_13)","decl":{"start":{"line":21,"column":23},"end":{"line":21,"column":29}},"loc":{"start":{"line":21,"column":29},"end":{"line":21,"column":null}},"line":21},"14":{"name":"(anonymous_14)","decl":{"start":{"line":22,"column":30},"end":{"line":22,"column":36}},"loc":{"start":{"line":22,"column":36},"end":{"line":22,"column":null}},"line":22},"15":{"name":"(anonymous_15)","decl":{"start":{"line":23,"column":34},"end":{"line":23,"column":40}},"loc":{"start":{"line":23,"column":40},"end":{"line":23,"column":null}},"line":23},"16":{"name":"(anonymous_16)","decl":{"start":{"line":24,"column":26},"end":{"line":24,"column":32}},"loc":{"start":{"line":24,"column":32},"end":{"line":24,"column":null}},"line":24},"17":{"name":"ProtectedLayout","decl":{"start":{"line":30,"column":9},"end":{"line":30,"column":27}},"loc":{"start":{"line":30,"column":27},"end":{"line":42,"column":null}},"line":30},"18":{"name":"(anonymous_18)","decl":{"start":{"line":31,"column":38},"end":{"line":31,"column":39}},"loc":{"start":{"line":31,"column":49},"end":{"line":31,"column":67}},"line":31},"19":{"name":"(anonymous_19)","decl":{"start":{"line":33,"column":41},"end":{"line":33,"column":42}},"loc":{"start":{"line":33,"column":48},"end":{"line":33,"column":71}},"line":33},"20":{"name":"App","decl":{"start":{"line":44,"column":9},"end":{"line":44,"column":15}},"loc":{"start":{"line":44,"column":15},"end":{"line":118,"column":null}},"line":44},"21":{"name":"(anonymous_21)","decl":{"start":{"line":45,"column":38},"end":{"line":45,"column":39}},"loc":{"start":{"line":45,"column":49},"end":{"line":45,"column":69}},"line":45},"22":{"name":"(anonymous_22)","decl":{"start":{"line":48,"column":12},"end":{"line":48,"column":18}},"loc":{"start":{"line":48,"column":18},"end":{"line":51,"column":5}},"line":48},"23":{"name":"(anonymous_23)","decl":{"start":{"line":54,"column":12},"end":{"line":54,"column":18}},"loc":{"start":{"line":54,"column":18},"end":{"line":62,"column":5}},"line":54},"24":{"name":"(anonymous_24)","decl":{"start":{"line":58,"column":11},"end":{"line":58,"column":17}},"loc":{"start":{"line":58,"column":17},"end":{"line":61,"column":null}},"line":58}},"branchMap":{},"s":{"0":1,"1":0,"2":1,"3":0,"4":1,"5":0,"6":1,"7":0,"8":1,"9":0,"10":1,"11":0,"12":1,"13":0,"14":1,"15":0,"16":1,"17":0,"18":1,"19":0,"20":1,"21":0,"22":1,"23":0,"24":1,"25":0,"26":1,"27":0,"28":1,"29":0,"30":1,"31":0,"32":1,"33":0,"34":1,"35":3,"36":1,"37":0,"38":1,"39":1,"40":4,"41":1,"42":1,"43":1,"44":1,"45":1,"46":1,"47":1,"48":1,"49":1},"f":{"0":0,"1":0,"2":0,"3":0,"4":0,"5":0,"6":0,"7":0,"8":0,"9":0,"10":0,"11":0,"12":0,"13":0,"14":0,"15":0,"16":0,"17":1,"18":3,"19":0,"20":1,"21":4,"22":1,"23":1,"24":1},"b":{},"meta":{"lastBranch":0,"lastFunction":25,"lastStatement":50,"seen":{"s:8:6:8:Infinity":0,"f:8:23:8:29":0,"s:8:29:8:Infinity":1,"s:9:6:9:Infinity":2,"f:9:27:9:33":1,"s:9:33:9:Infinity":3,"s:10:6:10:Infinity":4,"f:10:28:10:34":2,"s:10:34:10:Infinity":5,"s:11:6:11:Infinity":6,"f:11:32:11:38":3,"s:11:38:11:Infinity":7,"s:12:6:12:Infinity":8,"f:12:32:12:38":4,"s:12:38:12:Infinity":9,"s:13:6:13:Infinity":10,"f:13:28:13:34":5,"s:13:34:13:Infinity":11,"s:14:6:14:Infinity":12,"f:14:30:14:36":6,"s:14:36:14:Infinity":13,"s:15:6:15:Infinity":14,"f:15:30:15:36":7,"s:15:36:15:Infinity":15,"s:16:6:16:Infinity":16,"f:16:26:16:32":8,"s:16:32:16:Infinity":17,"s:17:6:17:Infinity":18,"f:17:28:17:34":9,"s:17:34:17:Infinity":19,"s:18:6:18:Infinity":20,"f:18:26:18:32":10,"s:18:32:18:Infinity":21,"s:19:6:19:Infinity":22,"f:19:25:19:31":11,"s:19:31:19:Infinity":23,"s:20:6:20:Infinity":24,"f:20:29:20:35":12,"s:20:35:20:Infinity":25,"s:21:6:21:Infinity":26,"f:21:23:21:29":13,"s:21:29:21:Infinity":27,"s:22:6:22:Infinity":28,"f:22:30:22:36":14,"s:22:36:22:Infinity":29,"s:23:6:23:Infinity":30,"f:23:34:23:40":15,"s:23:40:23:Infinity":31,"s:24:6:24:Infinity":32,"f:24:26:24:32":16,"s:24:32:24:Infinity":33,"f:30:9:30:27":17,"s:31:8:31:Infinity":34,"f:31:38:31:39":18,"s:31:49:31:67":35,"s:33:21:33:Infinity":36,"f:33:41:33:42":19,"s:33:48:33:71":37,"s:35:2:40:Infinity":38,"f:44:9:44:15":20,"s:45:8:45:Infinity":39,"f:45:38:45:39":21,"s:45:49:45:69":40,"s:48:2:51:Infinity":41,"f:48:12:48:18":22,"s:49:4:49:Infinity":42,"s:54:2:62:Infinity":43,"f:54:12:54:18":23,"s:55:10:55:Infinity":44,"s:56:10:56:Infinity":45,"s:58:4:61:Infinity":46,"f:58:11:58:17":24,"s:59:6:59:Infinity":47,"s:60:6:60:Infinity":48,"s:64:2:116:Infinity":49}}}
,"/home/runner/work/node-pulse/node-pulse/frontend/src/i18n-config.ts": {"path":"/home/runner/work/node-pulse/node-pulse/frontend/src/i18n-config.ts","statementMap":{"0":{"start":{"line":8,"column":34},"end":{"line":11,"column":null}}},"fnMap":{},"branchMap":{},"s":{"0":4},"f":{},"b":{},"meta":{"lastBranch":0,"lastFunction":0,"lastStatement":1,"seen":{"s:8:34:11:Infinity":0}}}
,"/home/runner/work/node-pulse/node-pulse/frontend/src/i18n.ts": {"path":"/home/runner/work/node-pulse/node-pulse/frontend/src/i18n.ts","statementMap":{"0":{"start":{"line":15,"column":18},"end":{"line":18,"column":null}},"1":{"start":{"line":21,"column":25},"end":{"line":33,"column":null}},"2":{"start":{"line":22,"column":16},"end":{"line":22,"column":null}},"3":{"start":{"line":23,"column":2},"end":{"line":25,"column":null}},"4":{"start":{"line":24,"column":4},"end":{"line":24,"column":null}},"5":{"start":{"line":28,"column":22},"end":{"line":28,"column":null}},"6":{"start":{"line":29,"column":2},"end":{"line":31,"column":null}},"7":{"start":{"line":30,"column":4},"end":{"line":30,"column":null}},"8":{"start":{"line":32,"column":2},"end":{"line":32,"column":null}},"9":{"start":{"line":36,"column":24},"end":{"line":46,"column":null}}},"fnMap":{"0":{"name":"(anonymous_0)","decl":{"start":{"line":21,"column":25},"end":{"line":21,"column":39}},"loc":{"start":{"line":21,"column":39},"end":{"line":33,"column":null}},"line":21}},"branchMap":{"0":{"loc":{"start":{"line":23,"column":2},"end":{"line":25,"column":null}},"type":"if","locations":[{"start":{"line":23,"column":2},"end":{"line":25,"column":null}},{"start":{},"end":{}}],"line":23},"1":{"loc":{"start":{"line":23,"column":6},"end":{"line":23,"column":54}},"type":"binary-expr","locations":[{"start":{"line":23,"column":6},"end":{"line":23,"column":16}},{"start":{"line":23,"column":16},"end":{"line":23,"column":34}},{"start":{"line":23,"column":34},"end":{"line":23,"column":54}}],"line":23},"2":{"loc":{"start":{"line":29,"column":2},"end":{"line":31,"column":null}},"type":"if","locations":[{"start":{"line":29,"column":2},"end":{"line":31,"column":null}},{"start":{},"end":{}}],"line":29}},"s":{"0":3,"1":3,"2":3,"3":3,"4":0,"5":3,"6":3,"7":0,"8":3,"9":3},"f":{"0":3},"b":{"0":[0,3],"1":[3,0,0],"2":[0,3]},"meta":{"lastBranch":3,"lastFunction":1,"lastStatement":10,"seen":{"s:15:18:18:Infinity":0,"s:21:25:33:Infinity":1,"f:21:25:21:39":0,"s:22:16:22:Infinity":2,"b:23:2:25:Infinity:undefined:undefined:undefined:undefined":0,"s:23:2:25:Infinity":3,"b:23:6:23:16:23:16:23:34:23:34:23:54":1,"s:24:4:24:Infinity":4,"s:28:22:28:Infinity":5,"b:29:2:31:Infinity:undefined:undefined:undefined:undefined":2,"s:29:2:31:Infinity":6,"s:30:4:30:Infinity":7,"s:32:2:32:Infinity":8,"s:36:24:46:Infinity":9}}}
,"/home/runner/work/node-pulse/node-pulse/frontend/src/api/alertRecords.ts": {"path":"/home/runner/work/node-pulse/node-pulse/frontend/src/api/alertRecords.ts","statementMap":{"0":{"start":{"line":95,"column":2},"end":{"line":95,"column":null}},"1":{"start":{"line":95,"column":35},"end":{"line":95,"column":null}},"2":{"start":{"line":98,"column":70},"end":{"line":102,"column":null}},"3":{"start":{"line":104,"column":2},"end":{"line":104,"column":null}},"4":{"start":{"line":144,"column":2},"end":{"line":147,"column":null}},"5":{"start":{"line":146,"column":4},"end":{"line":146,"column":null}},"6":{"start":{"line":150,"column":17},"end":{"line":150,"column":null}},"7":{"start":{"line":151,"column":2},"end":{"line":151,"column":null}},"8":{"start":{"line":151,"column":23},"end":{"line":151,"column":null}},"9":{"start":{"line":152,"column":2},"end":{"line":152,"column":null}},"10":{"start":{"line":152,"column":26},"end":{"line":152,"column":null}},"11":{"start":{"line":153,"column":2},"end":{"line":153,"column":null}},"12":{"start":{"line":153,"column":24},"end":{"line":153,"column":null}},"13":{"start":{"line":154,"column":2},"end":{"line":154,"column":null}},"14":{"start":{"line":154,"column":21},"end":{"line":154,"column":null}},"15":{"start":{"line":155,"column":2},"end":{"line":155,"column":null}},"16":{"start":{"line":155,"column":22},"end":{"line":155,"column":null}},"17":{"start":{"line":156,"column":2},"end":{"line":156,"column":null}},"18":{"start":{"line":156,"column":21},"end":{"line":156,"column":null}},"19":{"start":{"line":157,"column":2},"end":{"line":157,"column":null}},"20":{"start":{"line":157,"column":22},"end":{"line":157,"column":null}},"21":{"start":{"line":159,"column":2},"end":{"line":159,"column":null}},"22":{"start":{"line":180,"column":47},"end":{"line":180,"column":null}},"23":{"start":{"line":181,"column":2},"end":{"line":183,"column":null}},"24":{"start":{"line":182,"column":4},"end":{"line":182,"column":null}},"25":{"start":{"line":185,"column":2},"end":{"line":188,"column":null}},"26":{"start":{"line":207,"column":2},"end":{"line":210,"column":null}},"27":{"start":{"line":224,"column":2},"end":{"line":224,"column":null}}},"fnMap":{"0":{"name":"isValidStatusTransition","decl":{"start":{"line":90,"column":16},"end":{"line":90,"column":null}},"loc":{"start":{"line":93,"column":11},"end":{"line":105,"column":null}},"line":93},"1":{"name":"getAlertRecords","decl":{"start":{"line":141,"column":22},"end":{"line":141,"column":null}},"loc":{"start":{"line":143,"column":42},"end":{"line":160,"column":null}},"line":143},"2":{"name":"updateAlertRecordStatus","decl":{"start":{"line":175,"column":22},"end":{"line":175,"column":null}},"loc":{"start":{"line":179,"column":73},"end":{"line":189,"column":null}},"line":179},"3":{"name":"addAlertNote","decl":{"start":{"line":203,"column":22},"end":{"line":203,"column":null}},"loc":{"start":{"line":206,"column":73},"end":{"line":211,"column":null}},"line":206},"4":{"name":"getAlertNotes","decl":{"start":{"line":221,"column":22},"end":{"line":221,"column":null}},"loc":{"start":{"line":223,"column":73},"end":{"line":225,"column":null}},"line":223}},"branchMap":{"0":{"loc":{"start":{"line":95,"column":2},"end":{"line":95,"column":null}},"type":"if","locations":[{"start":{"line":95,"column":2},"end":{"line":95,"column":null}},{"start":{},"end":{}}],"line":95},"1":{"loc":{"start":{"line":104,"column":9},"end":{"line":104,"column":null}},"type":"binary-expr","locations":[{"start":{"line":104,"column":9},"end":{"line":104,"column":60}},{"start":{"line":104,"column":60},"end":{"line":104,"column":null}}],"line":104},"2":{"loc":{"start":{"line":144,"column":2},"end":{"line":147,"column":null}},"type":"if","locations":[{"start":{"line":144,"column":2},"end":{"line":147,"column":null}},{"start":{},"end":{}}],"line":144},"3":{"loc":{"start":{"line":144,"column":6},"end":{"line":144,"column":53}},"type":"binary-expr","locations":[{"start":{"line":144,"column":6},"end":{"line":144,"column":18}},{"start":{"line":144,"column":18},"end":{"line":144,"column":53}}],"line":144},"4":{"loc":{"start":{"line":151,"column":2},"end":{"line":151,"column":null}},"type":"if","locations":[{"start":{"line":151,"column":2},"end":{"line":151,"column":null}},{"start":{},"end":{}}],"line":151},"5":{"loc":{"start":{"line":152,"column":2},"end":{"line":152,"column":null}},"type":"if","locations":[{"start":{"line":152,"column":2},"end":{"line":152,"column":null}},{"start":{},"end":{}}],"line":152},"6":{"loc":{"start":{"line":153,"column":2},"end":{"line":153,"column":null}},"type":"if","locations":[{"start":{"line":153,"column":2},"end":{"line":153,"column":null}},{"start":{},"end":{}}],"line":153},"7":{"loc":{"start":{"line":154,"column":2},"end":{"line":154,"column":null}},"type":"if","locations":[{"start":{"line":154,"column":2},"end":{"line":154,"column":null}},{"start":{},"end":{}}],"line":154},"8":{"loc":{"start":{"line":155,"column":2},"end":{"line":155,"column":null}},"type":"if","locations":[{"start":{"line":155,"column":2},"end":{"line":155,"column":null}},{"start":{},"end":{}}],"line":155},"9":{"loc":{"start":{"line":156,"column":2},"end":{"line":156,"column":null}},"type":"if","locations":[{"start":{"line":156,"column":2},"end":{"line":156,"column":null}},{"start":{},"end":{}}],"line":156},"10":{"loc":{"start":{"line":157,"column":2},"end":{"line":157,"column":null}},"type":"if","locations":[{"start":{"line":157,"column":2},"end":{"line":157,"column":null}},{"start":{},"end":{}}],"line":157},"11":{"loc":{"start":{"line":181,"column":2},"end":{"line":183,"column":null}},"type":"if","locations":[{"start":{"line":181,"column":2},"end":{"line":183,"column":null}},{"start":{},"end":{}}],"line":181}},"s":{"0":0,"1":0,"2":0,"3":0,"4":8,"5":2,"6":6,"7":6,"8":2,"9":6,"10":6,"11":6,"12":6,"13":6,"14":6,"15":6,"16":6,"17":6,"18":6,"19":6,"20":6,"21":6,"22":3,"23":3,"24":0,"25":3,"26":0,"27":0},"f":{"0":0,"1":8,"2":3,"3":0,"4":0},"b":{"0":[0,0],"1":[0,0],"2":[2,6],"3":[8,7],"4":[2,4],"5":[1,5],"6":[1,5],"7":[2,4],"8":[2,4],"9":[2,4],"10":[1,5],"11":[0,3]},"meta":{"lastBranch":12,"lastFunction":5,"lastStatement":28,"seen":{"f:90:16:90:Infinity":0,"b:95:2:95:Infinity:undefined:undefined:undefined:undefined":0,"s:95:2:95:Infinity":0,"s:95:35:95:Infinity":1,"s:98:70:102:Infinity":2,"s:104:2:104:Infinity":3,"b:104:9:104:60:104:60:104:Infinity":1,"f:141:22:141:Infinity":1,"b:144:2:147:Infinity:undefined:undefined:undefined:undefined":2,"s:144:2:147:Infinity":4,"b:144:6:144:18:144:18:144:53":3,"s:146:4:146:Infinity":5,"s:150:17:150:Infinity":6,"b:151:2:151:Infinity:undefined:undefined:undefined:undefined":4,"s:151:2:151:Infinity":7,"s:151:23:151:Infinity":8,"b:152:2:152:Infinity:undefined:undefined:undefined:undefined":5,"s:152:2:152:Infinity":9,"s:152:26:152:Infinity":10,"b:153:2:153:Infinity:undefined:undefined:undefined:undefined":6,"s:153:2:153:Infinity":11,"s:153:24:153:Infinity":12,"b:154:2:154:Infinity:undefined:undefined:undefined:undefined":7,"s:154:2:154:Infinity":13,"s:154:21:154:Infinity":14,"b:155:2:155:Infinity:undefined:undefined:undefined:undefined":8,"s:155:2:155:Infinity":15,"s:155:22:155:Infinity":16,"b:156:2:156:Infinity:undefined:undefined:undefined:undefined":9,"s:156:2:156:Infinity":17,"s:156:21:156:Infinity":18,"b:157:2:157:Infinity:undefined:undefined:undefined:undefined":10,"s:157:2:157:Infinity":19,"s:157:22:157:Infinity":20,"s:159:2:159:Infinity":21,"f:175:22:175:Infinity":2,"s:180:47:180:Infinity":22,"b:181:2:183:Infinity:undefined:undefined:undefined:undefined":11,"s:181:2:183:Infinity":23,"s:182:4:182:Infinity":24,"s:185:2:188:Infinity":25,"f:203:22:203:Infinity":3,"s:207:2:210:Infinity":26,"f:221:22:221:Infinity":4,"s:224:2:224:Infinity":27}}}
,"/home/runner/work/node-pulse/node-pulse/frontend/src/api/alerts.ts": {"path":"/home/runner/work/node-pulse/node-pulse/frontend/src/api/alerts.ts","statementMap":{"0":{"start":{"line":37,"column":2},"end":{"line":37,"column":null}},"1":{"start":{"line":59,"column":2},"end":{"line":62,"column":null}},"2":{"start":{"line":85,"column":2},"end":{"line":88,"column":null}},"3":{"start":{"line":106,"column":2},"end":{"line":108,"column":null}},"4":{"start":{"line":132,"column":2},"end":{"line":135,"column":null}},"5":{"start":{"line":134,"column":4},"end":{"line":134,"column":null}},"6":{"start":{"line":138,"column":17},"end":{"line":138,"column":null}},"7":{"start":{"line":139,"column":2},"end":{"line":139,"column":null}},"8":{"start":{"line":139,"column":23},"end":{"line":139,"column":null}},"9":{"start":{"line":140,"column":2},"end":{"line":140,"column":null}},"10":{"start":{"line":140,"column":26},"end":{"line":140,"column":null}},"11":{"start":{"line":141,"column":2},"end":{"line":141,"column":null}},"12":{"start":{"line":141,"column":24},"end":{"line":141,"column":null}},"13":{"start":{"line":142,"column":2},"end":{"line":142,"column":null}},"14":{"start":{"line":142,"column":21},"end":{"line":142,"column":null}},"15":{"start":{"line":143,"column":2},"end":{"line":143,"column":null}},"16":{"start":{"line":143,"column":22},"end":{"line":143,"column":null}},"17":{"start":{"line":145,"column":2},"end":{"line":147,"column":null}}},"fnMap":{"0":{"name":"fetchAlertRules","decl":{"start":{"line":36,"column":22},"end":{"line":36,"column":87}},"loc":{"start":{"line":36,"column":87},"end":{"line":38,"column":null}},"line":36},"1":{"name":"createAlertRule","decl":{"start":{"line":56,"column":22},"end":{"line":56,"column":null}},"loc":{"start":{"line":58,"column":35},"end":{"line":63,"column":null}},"line":58},"2":{"name":"updateAlertRule","decl":{"start":{"line":81,"column":22},"end":{"line":81,"column":null}},"loc":{"start":{"line":84,"column":35},"end":{"line":89,"column":null}},"line":84},"3":{"name":"deleteAlertRule","decl":{"start":{"line":103,"column":22},"end":{"line":103,"column":null}},"loc":{"start":{"line":105,"column":32},"end":{"line":109,"column":null}},"line":105},"4":{"name":"fetchAlertRecords","decl":{"start":{"line":129,"column":22},"end":{"line":129,"column":null}},"loc":{"start":{"line":131,"column":39},"end":{"line":148,"column":null}},"line":131}},"branchMap":{"0":{"loc":{"start":{"line":132,"column":2},"end":{"line":135,"column":null}},"type":"if","locations":[{"start":{"line":132,"column":2},"end":{"line":135,"column":null}},{"start":{},"end":{}}],"line":132},"1":{"loc":{"start":{"line":132,"column":6},"end":{"line":132,"column":53}},"type":"binary-expr","locations":[{"start":{"line":132,"column":6},"end":{"line":132,"column":18}},{"start":{"line":132,"column":18},"end":{"line":132,"column":53}}],"line":132},"2":{"loc":{"start":{"line":139,"column":2},"end":{"line":139,"column":null}},"type":"if","locations":[{"start":{"line":139,"column":2},"end":{"line":139,"column":null}},{"start":{},"end":{}}],"line":139},"3":{"loc":{"start":{"line":140,"column":2},"end":{"line":140,"column":null}},"type":"if","locations":[{"start":{"line":140,"column":2},"end":{"line":140,"column":null}},{"start":{},"end":{}}],"line":140},"4":{"loc":{"start":{"line":141,"column":2},"end":{"line":141,"column":null}},"type":"if","locations":[{"start":{"line":141,"column":2},"end":{"line":141,"column":null}},{"start":{},"end":{}}],"line":141},"5":{"loc":{"start":{"line":142,"column":2},"end":{"line":142,"column":null}},"type":"if","locations":[{"start":{"line":142,"column":2},"end":{"line":142,"column":null}},{"start":{},"end":{}}],"line":142},"6":{"loc":{"start":{"line":143,"column":2},"end":{"line":143,"column":null}},"type":"if","locations":[{"start":{"line":143,"column":2},"end":{"line":143,"column":null}},{"start":{},"end":{}}],"line":143}},"s":{"0":0,"1":0,"2":0,"3":0,"4":0,"5":0,"6":0,"7":0,"8":0,"9":0,"10":0,"11":0,"12":0,"13":0,"14":0,"15":0,"16":0,"17":0},"f":{"0":0,"1":0,"2":0,"3":0,"4":0},"b":{"0":[0,0],"1":[0,0],"2":[0,0],"3":[0,0],"4":[0,0],"5":[0,0],"6":[0,0]},"meta":{"lastBranch":7,"lastFunction":5,"lastStatement":18,"seen":{"f:36:22:36:87":0,"s:37:2:37:Infinity":0,"f:56:22:56:Infinity":1,"s:59:2:62:Infinity":1,"f:81:22:81:Infinity":2,"s:85:2:88:Infinity":2,"f:103:22:103:Infinity":3,"s:106:2:108:Infinity":3,"f:129:22:129:Infinity":4,"b:132:2:135:Infinity:undefined:undefined:undefined:undefined":0,"s:132:2:135:Infinity":4,"b:132:6:132:18:132:18:132:53":1,"s:134:4:134:Infinity":5,"s:138:17:138:Infinity":6,"b:139:2:139:Infinity:undefined:undefined:undefined:undefined":2,"s:139:2:139:Infinity":7,"s:139:23:139:Infinity":8,"b:140:2:140:Infinity:undefined:undefined:undefined:undefined":3,"s:140:2:140:Infinity":9,"s:140:26:140:Infinity":10,"b:141:2:141:Infinity:undefined:undefined:undefined:undefined":4,"s:141:2:141:Infinity":11,"s:141:24:141:Infinity":12,"b:142:2:142:Infinity:undefined:undefined:undefined:undefined":5,"s:142:2:142:Infinity":13,"s:142:21:142:Infinity":14,"b:143:2:143:Infinity:undefined:undefined:undefined:undefined":6,"s:143:2:143:Infinity":15,"s:143:22:143:Infinity":16,"s:145:2:147:Infinity":17}}}
,"/home/runner/work/node-pulse/node-pulse/frontend/src/api/auth.ts": {"path":"/home/runner/work/node-pulse/node-pulse/frontend/src/api/auth.ts","statementMap":{"0":{"start":{"line":52,"column":2},"end":{"line":66,"column":null}},"1":{"start":{"line":53,"column":4},"end":{"line":56,"column":null}},"2":{"start":{"line":59,"column":4},"end":{"line":61,"column":null}},"3":{"start":{"line":60,"column":6},"end":{"line":60,"column":null}},"4":{"start":{"line":63,"column":4},"end":{"line":65,"column":null}},"5":{"start":{"line":87,"column":2},"end":{"line":95,"column":null}},"6":{"start":{"line":88,"column":4},"end":{"line":90,"column":null}},"7":{"start":{"line":92,"column":4},"end":{"line":94,"column":null}},"8":{"start":{"line":112,"column":2},"end":{"line":121,"column":null}},"9":{"start":{"line":113,"column":4},"end":{"line":115,"column":null}},"10":{"start":{"line":118,"column":4},"end":{"line":120,"column":null}},"11":{"start":{"line":145,"column":2},"end":{"line":158,"column":null}},"12":{"start":{"line":146,"column":4},"end":{"line":148,"column":null}},"13":{"start":{"line":151,"column":4},"end":{"line":153,"column":null}},"14":{"start":{"line":152,"column":6},"end":{"line":152,"column":null}},"15":{"start":{"line":155,"column":4},"end":{"line":157,"column":null}}},"fnMap":{"0":{"name":"login","decl":{"start":{"line":51,"column":22},"end":{"line":51,"column":28}},"loc":{"start":{"line":51,"column":79},"end":{"line":67,"column":null}},"line":51},"1":{"name":"refreshToken","decl":{"start":{"line":86,"column":22},"end":{"line":86,"column":63}},"loc":{"start":{"line":86,"column":63},"end":{"line":96,"column":null}},"line":86},"2":{"name":"logout","decl":{"start":{"line":111,"column":22},"end":{"line":111,"column":56}},"loc":{"start":{"line":111,"column":56},"end":{"line":122,"column":null}},"line":111},"3":{"name":"getMe","decl":{"start":{"line":144,"column":22},"end":{"line":144,"column":54}},"loc":{"start":{"line":144,"column":54},"end":{"line":159,"column":null}},"line":144}},"branchMap":{"0":{"loc":{"start":{"line":59,"column":4},"end":{"line":61,"column":null}},"type":"if","locations":[{"start":{"line":59,"column":4},"end":{"line":61,"column":null}},{"start":{},"end":{}}],"line":59},"1":{"loc":{"start":{"line":64,"column":6},"end":{"line":64,"column":null}},"type":"cond-expr","locations":[{"start":{"line":64,"column":31},"end":{"line":64,"column":47}},{"start":{"line":64,"column":47},"end":{"line":64,"column":null}}],"line":64},"2":{"loc":{"start":{"line":93,"column":6},"end":{"line":93,"column":null}},"type":"cond-expr","locations":[{"start":{"line":93,"column":31},"end":{"line":93,"column":47}},{"start":{"line":93,"column":47},"end":{"line":93,"column":null}}],"line":93},"3":{"loc":{"start":{"line":119,"column":6},"end":{"line":119,"column":null}},"type":"cond-expr","locations":[{"start":{"line":119,"column":31},"end":{"line":119,"column":47}},{"start":{"line":119,"column":47},"end":{"line":119,"column":null}}],"line":119},"4":{"loc":{"start":{"line":151,"column":4},"end":{"line":153,"column":null}},"type":"if","locations":[{"start":{"line":151,"column":4},"end":{"line":153,"column":null}},{"start":{},"end":{}}],"line":151},"5":{"loc":{"start":{"line":156,"column":6},"end":{"line":156,"column":null}},"type":"cond-expr","locations":[{"start":{"line":156,"column":31},"end":{"line":156,"column":47}},{"start":{"line":156,"column":47},"end":{"line":156,"column":null}}],"line":156}},"s":{"0":6,"1":6,"2":5,"3":4,"4":1,"5":2,"6":2,"7":1,"8":2,"9":2,"10":1,"11":1,"12":1,"13":0,"14":0,"15":0},"f":{"0":6,"1":2,"2":2,"3":1},"b":{"0":[4,1],"1":[1,0],"2":[1,0],"3":[1,0],"4":[0,0],"5":[0,0]},"meta":{"lastBranch":6,"lastFunction":4,"lastStatement":16,"seen":{"f:51:22:51:28":0,"s:52:2:66:Infinity":0,"s:53:4:56:Infinity":1,"b:59:4:61:Infinity:undefined:undefined:undefined:undefined":0,"s:59:4:61:Infinity":2,"s:60:6:60:Infinity":3,"s:63:4:65:Infinity":4,"b:64:31:64:47:64:47:64:Infinity":1,"f:86:22:86:63":1,"s:87:2:95:Infinity":5,"s:88:4:90:Infinity":6,"s:92:4:94:Infinity":7,"b:93:31:93:47:93:47:93:Infinity":2,"f:111:22:111:56":2,"s:112:2:121:Infinity":8,"s:113:4:115:Infinity":9,"s:118:4:120:Infinity":10,"b:119:31:119:47:119:47:119:Infinity":3,"f:144:22:144:54":3,"s:145:2:158:Infinity":11,"s:146:4:148:Infinity":12,"b:151:4:153:Infinity:undefined:undefined:undefined:undefined":4,"s:151:4:153:Infinity":13,"s:152:6:152:Infinity":14,"s:155:4:157:Infinity":15,"b:156:31:156:47:156:47:156:Infinity":5}}}
,"/home/runner/work/node-pulse/node-pulse/frontend/src/api/client.ts": {"path":"/home/runner/work/node-pulse/node-pulse/frontend/src/api/client.ts","statementMap":{"0":{"start":{"line":39,"column":27},"end":{"line":39,"column":null}},"1":{"start":{"line":44,"column":24},"end":{"line":44,"column":null}},"2":{"start":{"line":54,"column":2},"end":{"line":54,"column":null}},"3":{"start":{"line":82,"column":2},"end":{"line":82,"column":null}},"4":{"start":{"line":93,"column":14},"end":{"line":93,"column":null}},"5":{"start":{"line":94,"column":20},"end":{"line":94,"column":null}},"6":{"start":{"line":97,"column":26},"end":{"line":97,"column":null}},"7":{"start":{"line":98,"column":2},"end":{"line":98,"column":null}},"8":{"start":{"line":101,"column":26},"end":{"line":101,"column":null}},"9":{"start":{"line":102,"column":24},"end":{"line":102,"column":null}},"10":{"start":{"line":105,"column":8},"end":{"line":105,"column":null}},"11":{"start":{"line":106,"column":21},"end":{"line":106,"column":null}},"12":{"start":{"line":108,"column":30},"end":{"line":118,"column":null}},"13":{"start":{"line":120,"column":2},"end":{"line":163,"column":null}},"14":{"start":{"line":121,"column":21},"end":{"line":121,"column":null}},"15":{"start":{"line":124,"column":4},"end":{"line":126,"column":null}},"16":{"start":{"line":125,"column":6},"end":{"line":125,"column":null}},"17":{"start":{"line":129,"column":4},"end":{"line":143,"column":null}},"18":{"start":{"line":130,"column":6},"end":{"line":142,"column":null}},"19":{"start":{"line":131,"column":8},"end":{"line":131,"column":null}},"20":{"start":{"line":133,"column":8},"end":{"line":133,"column":null}},"21":{"start":{"line":136,"column":8},"end":{"line":138,"column":null}},"22":{"start":{"line":137,"column":10},"end":{"line":137,"column":null}},"23":{"start":{"line":139,"column":8},"end":{"line":139,"column":null}},"24":{"start":{"line":140,"column":8},"end":{"line":140,"column":null}},"25":{"start":{"line":141,"column":8},"end":{"line":141,"column":null}},"26":{"start":{"line":146,"column":4},"end":{"line":154,"column":null}},"27":{"start":{"line":147,"column":6},"end":{"line":147,"column":null}},"28":{"start":{"line":148,"column":6},"end":{"line":153,"column":null}},"29":{"start":{"line":157,"column":4},"end":{"line":157,"column":null}},"30":{"start":{"line":160,"column":4},"end":{"line":160,"column":null}},"31":{"start":{"line":162,"column":4},"end":{"line":162,"column":null}},"32":{"start":{"line":173,"column":20},"end":{"line":173,"column":null}},"33":{"start":{"line":176,"column":26},"end":{"line":176,"column":null}},"34":{"start":{"line":177,"column":20},"end":{"line":177,"column":null}},"35":{"start":{"line":177,"column":37},"end":{"line":177,"column":62}},"36":{"start":{"line":179,"column":2},"end":{"line":229,"column":null}},"37":{"start":{"line":180,"column":21},"end":{"line":187,"column":null}},"38":{"start":{"line":189,"column":4},"end":{"line":189,"column":null}},"39":{"start":{"line":191,"column":4},"end":{"line":205,"column":null}},"40":{"start":{"line":193,"column":6},"end":{"line":196,"column":null}},"41":{"start":{"line":194,"column":8},"end":{"line":194,"column":null}},"42":{"start":{"line":195,"column":8},"end":{"line":195,"column":null}},"43":{"start":{"line":199,"column":6},"end":{"line":202,"column":null}},"44":{"start":{"line":200,"column":8},"end":{"line":200,"column":null}},"45":{"start":{"line":201,"column":8},"end":{"line":201,"column":null}},"46":{"start":{"line":204,"column":6},"end":{"line":204,"column":null}},"47":{"start":{"line":207,"column":17},"end":{"line":207,"column":null}},"48":{"start":{"line":210,"column":22},"end":{"line":210,"column":null}},"49":{"start":{"line":211,"column":19},"end":{"line":211,"column":null}},"50":{"start":{"line":212,"column":4},"end":{"line":212,"column":null}},"51":{"start":{"line":214,"column":4},"end":{"line":216,"column":null}},"52":{"start":{"line":215,"column":6},"end":{"line":215,"column":null}},"53":{"start":{"line":218,"column":4},"end":{"line":218,"column":null}},"54":{"start":{"line":220,"column":4},"end":{"line":220,"column":null}},"55":{"start":{"line":223,"column":4},"end":{"line":226,"column":null}},"56":{"start":{"line":224,"column":6},"end":{"line":224,"column":null}},"57":{"start":{"line":225,"column":6},"end":{"line":225,"column":null}},"58":{"start":{"line":228,"column":4},"end":{"line":228,"column":null}},"59":{"start":{"line":236,"column":2},"end":{"line":238,"column":null}},"60":{"start":{"line":237,"column":4},"end":{"line":237,"column":null}},"61":{"start":{"line":239,"column":2},"end":{"line":239,"column":null}},"62":{"start":{"line":240,"column":2},"end":{"line":242,"column":null}},"63":{"start":{"line":241,"column":4},"end":{"line":241,"column":null}},"64":{"start":{"line":249,"column":2},"end":{"line":249,"column":null}},"65":{"start":{"line":260,"column":2},"end":{"line":268,"column":null}},"66":{"start":{"line":261,"column":4},"end":{"line":261,"column":null}},"67":{"start":{"line":264,"column":4},"end":{"line":267,"column":null}},"68":{"start":{"line":272,"column":4},"end":{"line":274,"column":null}},"69":{"start":{"line":277,"column":4},"end":{"line":279,"column":null}},"70":{"start":{"line":282,"column":4},"end":{"line":284,"column":null}},"71":{"start":{"line":287,"column":2},"end":{"line":289,"column":null}},"72":{"start":{"line":288,"column":4},"end":{"line":288,"column":null}},"73":{"start":{"line":293,"column":2},"end":{"line":308,"column":null}},"74":{"start":{"line":295,"column":6},"end":{"line":295,"column":null}},"75":{"start":{"line":298,"column":6},"end":{"line":298,"column":null}},"76":{"start":{"line":300,"column":6},"end":{"line":300,"column":null}},"77":{"start":{"line":302,"column":6},"end":{"line":302,"column":null}},"78":{"start":{"line":305,"column":6},"end":{"line":305,"column":null}},"79":{"start":{"line":307,"column":6},"end":{"line":307,"column":null}}},"fnMap":{"0":{"name":"shouldBypassRefresh","decl":{"start":{"line":53,"column":9},"end":{"line":53,"column":29}},"loc":{"start":{"line":53,"column":56},"end":{"line":55,"column":null}},"line":53},"1":{"name":"apiClient","decl":{"start":{"line":78,"column":22},"end":{"line":78,"column":null}},"loc":{"start":{"line":81,"column":14},"end":{"line":83,"column":null}},"line":81},"2":{"name":"makeRequest","decl":{"start":{"line":88,"column":15},"end":{"line":88,"column":null}},"loc":{"start":{"line":92,"column":14},"end":{"line":164,"column":null}},"line":92},"3":{"name":"performRefresh","decl":{"start":{"line":172,"column":15},"end":{"line":172,"column":49}},"loc":{"start":{"line":172,"column":49},"end":{"line":230,"column":null}},"line":172},"4":{"name":"(anonymous_4)","decl":{"start":{"line":177,"column":31},"end":{"line":177,"column":37}},"loc":{"start":{"line":177,"column":37},"end":{"line":177,"column":62}},"line":177},"5":{"name":"cancelPendingRequests","decl":{"start":{"line":235,"column":16},"end":{"line":235,"column":46}},"loc":{"start":{"line":235,"column":46},"end":{"line":243,"column":null}},"line":235},"6":{"name":"(anonymous_6)","decl":{"start":{"line":236,"column":26},"end":{"line":236,"column":27}},"loc":{"start":{"line":236,"column":42},"end":{"line":238,"column":3}},"line":236},"7":{"name":"resetModuleState","decl":{"start":{"line":248,"column":16},"end":{"line":248,"column":41}},"loc":{"start":{"line":248,"column":41},"end":{"line":250,"column":null}},"line":248},"8":{"name":"handleError","decl":{"start":{"line":257,"column":15},"end":{"line":257,"column":27}},"loc":{"start":{"line":257,"column":63},"end":{"line":309,"column":null}},"line":257}},"branchMap":{"0":{"loc":{"start":{"line":54,"column":9},"end":{"line":54,"column":null}},"type":"binary-expr","locations":[{"start":{"line":54,"column":9},"end":{"line":54,"column":45}},{"start":{"line":54,"column":45},"end":{"line":54,"column":null}}],"line":54},"1":{"loc":{"start":{"line":80,"column":2},"end":{"line":80,"column":null}},"type":"default-arg","locations":[{"start":{"line":80,"column":25},"end":{"line":80,"column":null}}],"line":80},"2":{"loc":{"start":{"line":105,"column":18},"end":{"line":105,"column":43}},"type":"binary-expr","locations":[{"start":{"line":105,"column":18},"end":{"line":105,"column":36}},{"start":{"line":105,"column":36},"end":{"line":105,"column":43}}],"line":105},"3":{"loc":{"start":{"line":106,"column":21},"end":{"line":106,"column":null}},"type":"binary-expr","locations":[{"start":{"line":106,"column":21},"end":{"line":106,"column":42}},{"start":{"line":106,"column":42},"end":{"line":106,"column":62}},{"start":{"line":106,"column":62},"end":{"line":106,"column":84}},{"start":{"line":106,"column":84},"end":{"line":106,"column":null}}],"line":106},"4":{"loc":{"start":{"line":113,"column":10},"end":{"line":113,"column":null}},"type":"binary-expr","locations":[{"start":{"line":113,"column":10},"end":{"line":113,"column":25}},{"start":{"line":113,"column":25},"end":{"line":113,"column":null}}],"line":113},"5":{"loc":{"start":{"line":114,"column":10},"end":{"line":114,"column":null}},"type":"binary-expr","locations":[{"start":{"line":114,"column":10},"end":{"line":114,"column":24}},{"start":{"line":114,"column":24},"end":{"line":114,"column":37}},{"start":{"line":114,"column":37},"end":{"line":114,"column":null}}],"line":114},"6":{"loc":{"start":{"line":124,"column":4},"end":{"line":126,"column":null}},"type":"if","locations":[{"start":{"line":124,"column":4},"end":{"line":126,"column":null}},{"start":{},"end":{}}],"line":124},"7":{"loc":{"start":{"line":129,"column":4},"end":{"line":143,"column":null}},"type":"if","locations":[{"start":{"line":129,"column":4},"end":{"line":143,"column":null}},{"start":{},"end":{}}],"line":129},"8":{"loc":{"start":{"line":129,"column":8},"end":{"line":129,"column":79}},"type":"binary-expr","locations":[{"start":{"line":129,"column":8},"end":{"line":129,"column":35}},{"start":{"line":129,"column":35},"end":{"line":129,"column":47}},{"start":{"line":129,"column":47},"end":{"line":129,"column":79}}],"line":129},"9":{"loc":{"start":{"line":136,"column":8},"end":{"line":138,"column":null}},"type":"if","locations":[{"start":{"line":136,"column":8},"end":{"line":138,"column":null}},{"start":{},"end":{}}],"line":136},"10":{"loc":{"start":{"line":136,"column":12},"end":{"line":136,"column":77}},"type":"binary-expr","locations":[{"start":{"line":136,"column":12},"end":{"line":136,"column":48}},{"start":{"line":136,"column":48},"end":{"line":136,"column":77}}],"line":136},"11":{"loc":{"start":{"line":146,"column":4},"end":{"line":154,"column":null}},"type":"if","locations":[{"start":{"line":146,"column":4},"end":{"line":154,"column":null}},{"start":{},"end":{}}],"line":146},"12":{"loc":{"start":{"line":191,"column":4},"end":{"line":205,"column":null}},"type":"if","locations":[{"start":{"line":191,"column":4},"end":{"line":205,"column":null}},{"start":{},"end":{}}],"line":191},"13":{"loc":{"start":{"line":193,"column":6},"end":{"line":196,"column":null}},"type":"if","locations":[{"start":{"line":193,"column":6},"end":{"line":196,"column":null}},{"start":{},"end":{}}],"line":193},"14":{"loc":{"start":{"line":199,"column":6},"end":{"line":202,"column":null}},"type":"if","locations":[{"start":{"line":199,"column":6},"end":{"line":202,"column":null}},{"start":{},"end":{}}],"line":199},"15":{"loc":{"start":{"line":210,"column":22},"end":{"line":210,"column":null}},"type":"binary-expr","locations":[{"start":{"line":210,"column":22},"end":{"line":210,"column":46}},{"start":{"line":210,"column":46},"end":{"line":210,"column":null}}],"line":210},"16":{"loc":{"start":{"line":214,"column":4},"end":{"line":216,"column":null}},"type":"if","locations":[{"start":{"line":214,"column":4},"end":{"line":216,"column":null}},{"start":{},"end":{}}],"line":214},"17":{"loc":{"start":{"line":223,"column":4},"end":{"line":226,"column":null}},"type":"if","locations":[{"start":{"line":223,"column":4},"end":{"line":226,"column":null}},{"start":{},"end":{}}],"line":223},"18":{"loc":{"start":{"line":223,"column":8},"end":{"line":223,"column":63}},"type":"binary-expr","locations":[{"start":{"line":223,"column":8},"end":{"line":223,"column":34}},{"start":{"line":223,"column":34},"end":{"line":223,"column":63}}],"line":223},"19":{"loc":{"start":{"line":240,"column":2},"end":{"line":242,"column":null}},"type":"if","locations":[{"start":{"line":240,"column":2},"end":{"line":242,"column":null}},{"start":{},"end":{}}],"line":240},"20":{"loc":{"start":{"line":266,"column":15},"end":{"line":266,"column":null}},"type":"binary-expr","locations":[{"start":{"line":266,"column":15},"end":{"line":266,"column":38}},{"start":{"line":266,"column":38},"end":{"line":266,"column":null}}],"line":266},"21":{"loc":{"start":{"line":272,"column":4},"end":{"line":274,"column":null}},"type":"cond-expr","locations":[{"start":{"line":273,"column":8},"end":{"line":273,"column":null}},{"start":{"line":274,"column":8},"end":{"line":274,"column":null}}],"line":272},"22":{"loc":{"start":{"line":272,"column":4},"end":{"line":272,"column":null}},"type":"binary-expr","locations":[{"start":{"line":272,"column":4},"end":{"line":272,"column":37}},{"start":{"line":272,"column":37},"end":{"line":272,"column":59}},{"start":{"line":272,"column":59},"end":{"line":272,"column":null}}],"line":272},"23":{"loc":{"start":{"line":277,"column":4},"end":{"line":279,"column":null}},"type":"cond-expr","locations":[{"start":{"line":278,"column":8},"end":{"line":278,"column":null}},{"start":{"line":279,"column":8},"end":{"line":279,"column":null}}],"line":277},"24":{"loc":{"start":{"line":277,"column":4},"end":{"line":277,"column":null}},"type":"binary-expr","locations":[{"start":{"line":277,"column":4},"end":{"line":277,"column":37}},{"start":{"line":277,"column":37},"end":{"line":277,"column":59}},{"start":{"line":277,"column":59},"end":{"line":277,"column":null}}],"line":277},"25":{"loc":{"start":{"line":282,"column":4},"end":{"line":284,"column":null}},"type":"cond-expr","locations":[{"start":{"line":283,"column":8},"end":{"line":283,"column":null}},{"start":{"line":284,"column":8},"end":{"line":284,"column":null}}],"line":282},"26":{"loc":{"start":{"line":282,"column":4},"end":{"line":282,"column":null}},"type":"binary-expr","locations":[{"start":{"line":282,"column":4},"end":{"line":282,"column":37}},{"start":{"line":282,"column":37},"end":{"line":282,"column":59}},{"start":{"line":282,"column":59},"end":{"line":282,"column":null}}],"line":282},"27":{"loc":{"start":{"line":287,"column":2},"end":{"line":289,"column":null}},"type":"if","locations":[{"start":{"line":287,"column":2},"end":{"line":289,"column":null}},{"start":{},"end":{}}],"line":287},"28":{"loc":{"start":{"line":287,"column":6},"end":{"line":287,"column":55}},"type":"binary-expr","locations":[{"start":{"line":287,"column":6},"end":{"line":287,"column":32}},{"start":{"line":287,"column":32},"end":{"line":287,"column":55}}],"line":287},"29":{"loc":{"start":{"line":293,"column":2},"end":{"line":308,"column":null}},"type":"switch","locations":[{"start":{"line":294,"column":4},"end":{"line":295,"column":null}},{"start":{"line":296,"column":4},"end":{"line":298,"column":null}},{"start":{"line":299,"column":4},"end":{"line":300,"column":null}},{"start":{"line":301,"column":4},"end":{"line":302,"column":null}},{"start":{"line":303,"column":4},"end":{"line":305,"column":null}},{"start":{"line":306,"column":4},"end":{"line":307,"column":null}}],"line":293}},"s":{"0":10,"1":10,"2":13,"3":111,"4":111,"5":111,"6":111,"7":111,"8":111,"9":111,"10":111,"11":111,"12":111,"13":111,"14":111,"15":44,"16":21,"17":23,"18":8,"19":8,"20":0,"21":8,"22":2,"23":6,"24":6,"25":6,"26":15,"27":2,"28":2,"29":13,"30":0,"31":44,"32":8,"33":8,"34":8,"35":0,"36":8,"37":8,"38":8,"39":8,"40":8,"41":0,"42":0,"43":8,"44":2,"45":2,"46":6,"47":0,"48":0,"49":8,"50":8,"51":8,"52":0,"53":0,"54":8,"55":8,"56":0,"57":0,"58":8,"59":12,"60":6,"61":12,"62":12,"63":12,"64":28,"65":13,"66":13,"67":1,"68":13,"69":13,"70":13,"71":13,"72":3,"73":13,"74":3,"75":5,"76":0,"77":3,"78":2,"79":0},"f":{"0":13,"1":111,"2":111,"3":8,"4":0,"5":12,"6":6,"7":28,"8":13},"b":{"0":[13,9],"1":[111],"2":[111,83],"3":[111,96,93,93],"4":[111,4],"5":[111,23,3],"6":[21,23],"7":[8,15],"8":[23,13,13],"9":[2,6],"10":[8,8],"11":[2,13],"12":[8,0],"13":[0,8],"14":[2,6],"15":[0,0],"16":[0,8],"17":[0,8],"18":[8,8],"19":[12,0],"20":[1,1],"21":[13,0],"22":[13,13,13],"23":[13,0],"24":[13,13,13],"25":[7,6],"26":[13,13,13],"27":[3,10],"28":[13,13],"29":[3,5,0,3,2,0]},"meta":{"lastBranch":30,"lastFunction":9,"lastStatement":80,"seen":{"s:39:27:39:Infinity":0,"s:44:24:44:Infinity":1,"f:53:9:53:29":0,"s:54:2:54:Infinity":2,"b:54:9:54:45:54:45:54:Infinity":0,"f:78:22:78:Infinity":1,"b:80:25:80:Infinity":1,"s:82:2:82:Infinity":3,"f:88:15:88:Infinity":2,"s:93:14:93:Infinity":4,"s:94:20:94:Infinity":5,"s:97:26:97:Infinity":6,"s:98:2:98:Infinity":7,"s:101:26:101:Infinity":8,"s:102:24:102:Infinity":9,"s:105:8:105:Infinity":10,"b:105:18:105:36:105:36:105:43":2,"s:106:21:106:Infinity":11,"b:106:21:106:42:106:42:106:62:106:62:106:84:106:84:106:Infinity":3,"s:108:30:118:Infinity":12,"b:113:10:113:25:113:25:113:Infinity":4,"b:114:10:114:24:114:24:114:37:114:37:114:Infinity":5,"s:120:2:163:Infinity":13,"s:121:21:121:Infinity":14,"b:124:4:126:Infinity:undefined:undefined:undefined:undefined":6,"s:124:4:126:Infinity":15,"s:125:6:125:Infinity":16,"b:129:4:143:Infinity:undefined:undefined:undefined:undefined":7,"s:129:4:143:Infinity":17,"b:129:8:129:35:129:35:129:47:129:47:129:79":8,"s:130:6:142:Infinity":18,"s:131:8:131:Infinity":19,"s:133:8:133:Infinity":20,"b:136:8:138:Infinity:undefined:undefined:undefined:undefined":9,"s:136:8:138:Infinity":21,"b:136:12:136:48:136:48:136:77":10,"s:137:10:137:Infinity":22,"s:139:8:139:Infinity":23,"s:140:8:140:Infinity":24,"s:141:8:141:Infinity":25,"b:146:4:154:Infinity:undefined:undefined:undefined:undefined":11,"s:146:4:154:Infinity":26,"s:147:6:147:Infinity":27,"s:148:6:153:Infinity":28,"s:157:4:157:Infinity":29,"s:160:4:160:Infinity":30,"s:162:4:162:Infinity":31,"f:172:15:172:49":3,"s:173:20:173:Infinity":32,"s:176:26:176:Infinity":33,"s:177:20:177:Infinity":34,"f:177:31:177:37":4,"s:177:37:177:62":35,"s:179:2:229:Infinity":36,"s:180:21:187:Infinity":37,"s:189:4:189:Infinity":38,"b:191:4:205:Infinity:undefined:undefined:undefined:undefined":12,"s:191:4:205:Infinity":39,"b:193:6:196:Infinity:undefined:undefined:undefined:undefined":13,"s:193:6:196:Infinity":40,"s:194:8:194:Infinity":41,"s:195:8:195:Infinity":42,"b:199:6:202:Infinity:undefined:undefined:undefined:undefined":14,"s:199:6:202:Infinity":43,"s:200:8:200:Infinity":44,"s:201:8:201:Infinity":45,"s:204:6:204:Infinity":46,"s:207:17:207:Infinity":47,"s:210:22:210:Infinity":48,"b:210:22:210:46:210:46:210:Infinity":15,"s:211:19:211:Infinity":49,"s:212:4:212:Infinity":50,"b:214:4:216:Infinity:undefined:undefined:undefined:undefined":16,"s:214:4:216:Infinity":51,"s:215:6:215:Infinity":52,"s:218:4:218:Infinity":53,"s:220:4:220:Infinity":54,"b:223:4:226:Infinity:undefined:undefined:undefined:undefined":17,"s:223:4:226:Infinity":55,"b:223:8:223:34:223:34:223:63":18,"s:224:6:224:Infinity":56,"s:225:6:225:Infinity":57,"s:228:4:228:Infinity":58,"f:235:16:235:46":5,"s:236:2:238:Infinity":59,"f:236:26:236:27":6,"s:237:4:237:Infinity":60,"s:239:2:239:Infinity":61,"b:240:2:242:Infinity:undefined:undefined:undefined:undefined":19,"s:240:2:242:Infinity":62,"s:241:4:241:Infinity":63,"f:248:16:248:41":7,"s:249:2:249:Infinity":64,"f:257:15:257:27":8,"s:260:2:268:Infinity":65,"s:261:4:261:Infinity":66,"s:264:4:267:Infinity":67,"b:266:15:266:38:266:38:266:Infinity":20,"s:272:4:274:Infinity":68,"b:273:8:273:Infinity:274:8:274:Infinity":21,"b:272:4:272:37:272:37:272:59:272:59:272:Infinity":22,"s:277:4:279:Infinity":69,"b:278:8:278:Infinity:279:8:279:Infinity":23,"b:277:4:277:37:277:37:277:59:277:59:277:Infinity":24,"s:282:4:284:Infinity":70,"b:283:8:283:Infinity:284:8:284:Infinity":25,"b:282:4:282:37:282:37:282:59:282:59:282:Infinity":26,"b:287:2:289:Infinity:undefined:undefined:undefined:undefined":27,"s:287:2:289:Infinity":71,"b:287:6:287:32:287:32:287:55":28,"s:288:4:288:Infinity":72,"b:294:4:295:Infinity:296:4:298:Infinity:299:4:300:Infinity:301:4:302:Infinity:303:4:305:Infinity:306:4:307:Infinity":29,"s:293:2:308:Infinity":73,"s:295:6:295:Infinity":74,"s:298:6:298:Infinity":75,"s:300:6:300:Infinity":76,"s:302:6:302:Infinity":77,"s:305:6:305:Infinity":78,"s:307:6:307:Infinity":79}}}
,"/home/runner/work/node-pulse/node-pulse/frontend/src/api/data.ts": {"path":"/home/runner/work/node-pulse/node-pulse/frontend/src/api/data.ts","statementMap":{"0":{"start":{"line":45,"column":17},"end":{"line":45,"column":null}},"1":{"start":{"line":46,"column":2},"end":{"line":46,"column":null}},"2":{"start":{"line":46,"column":24},"end":{"line":46,"column":52}},"3":{"start":{"line":48,"column":22},"end":{"line":48,"column":null}},"4":{"start":{"line":49,"column":19},"end":{"line":51,"column":null}},"5":{"start":{"line":53,"column":2},"end":{"line":53,"column":null}},"6":{"start":{"line":87,"column":17},"end":{"line":87,"column":null}},"7":{"start":{"line":90,"column":2},"end":{"line":90,"column":null}},"8":{"start":{"line":90,"column":31},"end":{"line":90,"column":59}},"9":{"start":{"line":93,"column":2},"end":{"line":93,"column":null}},"10":{"start":{"line":94,"column":2},"end":{"line":94,"column":null}},"11":{"start":{"line":97,"column":2},"end":{"line":97,"column":null}},"12":{"start":{"line":97,"column":29},"end":{"line":97,"column":55}},"13":{"start":{"line":100,"column":2},"end":{"line":102,"column":null}},"14":{"start":{"line":101,"column":4},"end":{"line":101,"column":null}},"15":{"start":{"line":104,"column":2},"end":{"line":106,"column":null}},"16":{"start":{"line":135,"column":17},"end":{"line":135,"column":null}},"17":{"start":{"line":138,"column":2},"end":{"line":138,"column":null}},"18":{"start":{"line":138,"column":31},"end":{"line":138,"column":59}},"19":{"start":{"line":141,"column":2},"end":{"line":141,"column":null}},"20":{"start":{"line":142,"column":2},"end":{"line":142,"column":null}},"21":{"start":{"line":145,"column":2},"end":{"line":145,"column":null}},"22":{"start":{"line":147,"column":2},"end":{"line":149,"column":null}},"23":{"start":{"line":231,"column":17},"end":{"line":231,"column":null}},"24":{"start":{"line":234,"column":2},"end":{"line":234,"column":null}},"25":{"start":{"line":237,"column":2},"end":{"line":237,"column":null}},"26":{"start":{"line":238,"column":2},"end":{"line":238,"column":null}},"27":{"start":{"line":241,"column":2},"end":{"line":241,"column":null}},"28":{"start":{"line":243,"column":2},"end":{"line":245,"column":null}}},"fnMap":{"0":{"name":"fetchMetrics","decl":{"start":{"line":42,"column":22},"end":{"line":42,"column":null}},"loc":{"start":{"line":44,"column":35},"end":{"line":54,"column":null}},"line":44},"1":{"name":"(anonymous_1)","decl":{"start":{"line":46,"column":18},"end":{"line":46,"column":24}},"loc":{"start":{"line":46,"column":24},"end":{"line":46,"column":52}},"line":46},"2":{"name":"fetchHistory","decl":{"start":{"line":84,"column":22},"end":{"line":84,"column":null}},"loc":{"start":{"line":86,"column":39},"end":{"line":107,"column":null}},"line":86},"3":{"name":"(anonymous_3)","decl":{"start":{"line":90,"column":25},"end":{"line":90,"column":31}},"loc":{"start":{"line":90,"column":31},"end":{"line":90,"column":59}},"line":90},"4":{"name":"(anonymous_4)","decl":{"start":{"line":97,"column":24},"end":{"line":97,"column":29}},"loc":{"start":{"line":97,"column":29},"end":{"line":97,"column":55}},"line":97},"5":{"name":"exportData","decl":{"start":{"line":132,"column":22},"end":{"line":132,"column":null}},"loc":{"start":{"line":134,"column":47},"end":{"line":150,"column":null}},"line":134},"6":{"name":"(anonymous_6)","decl":{"start":{"line":138,"column":25},"end":{"line":138,"column":31}},"loc":{"start":{"line":138,"column":31},"end":{"line":138,"column":59}},"line":138},"7":{"name":"getComparisonData","decl":{"start":{"line":228,"column":22},"end":{"line":228,"column":null}},"loc":{"start":{"line":230,"column":34},"end":{"line":246,"column":null}},"line":230}},"branchMap":{"0":{"loc":{"start":{"line":49,"column":19},"end":{"line":51,"column":null}},"type":"cond-expr","locations":[{"start":{"line":50,"column":6},"end":{"line":50,"column":null}},{"start":{"line":51,"column":6},"end":{"line":51,"column":null}}],"line":49},"1":{"loc":{"start":{"line":100,"column":2},"end":{"line":102,"column":null}},"type":"if","locations":[{"start":{"line":100,"column":2},"end":{"line":102,"column":null}},{"start":{},"end":{}}],"line":100}},"s":{"0":0,"1":0,"2":0,"3":0,"4":0,"5":0,"6":66,"7":66,"8":66,"9":66,"10":66,"11":66,"12":66,"13":66,"14":66,"15":66,"16":0,"17":0,"18":0,"19":0,"20":0,"21":0,"22":0,"23":0,"24":0,"25":0,"26":0,"27":0,"28":0},"f":{"0":0,"1":0,"2":66,"3":66,"4":66,"5":0,"6":0,"7":0},"b":{"0":[0,0],"1":[66,0]},"meta":{"lastBranch":2,"lastFunction":8,"lastStatement":29,"seen":{"f:42:22:42:Infinity":0,"s:45:17:45:Infinity":0,"s:46:2:46:Infinity":1,"f:46:18:46:24":1,"s:46:24:46:52":2,"s:48:22:48:Infinity":3,"s:49:19:51:Infinity":4,"b:50:6:50:Infinity:51:6:51:Infinity":0,"s:53:2:53:Infinity":5,"f:84:22:84:Infinity":2,"s:87:17:87:Infinity":6,"s:90:2:90:Infinity":7,"f:90:25:90:31":3,"s:90:31:90:59":8,"s:93:2:93:Infinity":9,"s:94:2:94:Infinity":10,"s:97:2:97:Infinity":11,"f:97:24:97:29":4,"s:97:29:97:55":12,"b:100:2:102:Infinity:undefined:undefined:undefined:undefined":1,"s:100:2:102:Infinity":13,"s:101:4:101:Infinity":14,"s:104:2:106:Infinity":15,"f:132:22:132:Infinity":5,"s:135:17:135:Infinity":16,"s:138:2:138:Infinity":17,"f:138:25:138:31":6,"s:138:31:138:59":18,"s:141:2:141:Infinity":19,"s:142:2:142:Infinity":20,"s:145:2:145:Infinity":21,"s:147:2:149:Infinity":22,"f:228:22:228:Infinity":7,"s:231:17:231:Infinity":23,"s:234:2:234:Infinity":24,"s:237:2:237:Infinity":25,"s:238:2:238:Infinity":26,"s:241:2:241:Infinity":27,"s:243:2:245:Infinity":28}}}
,"/home/runner/work/node-pulse/node-pulse/frontend/src/api/errors.ts": {"path":"/home/runner/work/node-pulse/node-pulse/frontend/src/api/errors.ts","statementMap":{"0":{"start":{"line":17,"column":4},"end":{"line":17,"column":null}},"1":{"start":{"line":18,"column":4},"end":{"line":18,"column":null}},"2":{"start":{"line":19,"column":4},"end":{"line":19,"column":null}},"3":{"start":{"line":20,"column":4},"end":{"line":20,"column":null}},"4":{"start":{"line":21,"column":4},"end":{"line":21,"column":null}},"5":{"start":{"line":22,"column":4},"end":{"line":22,"column":null}},"6":{"start":{"line":32,"column":4},"end":{"line":32,"column":null}},"7":{"start":{"line":33,"column":4},"end":{"line":33,"column":null}},"8":{"start":{"line":34,"column":4},"end":{"line":34,"column":null}},"9":{"start":{"line":44,"column":4},"end":{"line":44,"column":null}},"10":{"start":{"line":45,"column":4},"end":{"line":45,"column":null}},"11":{"start":{"line":46,"column":4},"end":{"line":46,"column":null}},"12":{"start":{"line":56,"column":4},"end":{"line":56,"column":null}},"13":{"start":{"line":57,"column":4},"end":{"line":57,"column":null}},"14":{"start":{"line":58,"column":4},"end":{"line":58,"column":null}},"15":{"start":{"line":68,"column":4},"end":{"line":68,"column":null}},"16":{"start":{"line":69,"column":4},"end":{"line":69,"column":null}},"17":{"start":{"line":70,"column":4},"end":{"line":70,"column":null}},"18":{"start":{"line":80,"column":4},"end":{"line":80,"column":null}},"19":{"start":{"line":81,"column":4},"end":{"line":81,"column":null}},"20":{"start":{"line":82,"column":4},"end":{"line":82,"column":null}},"21":{"start":{"line":100,"column":2},"end":{"line":100,"column":null}},"22":{"start":{"line":107,"column":2},"end":{"line":107,"column":null}},"23":{"start":{"line":114,"column":2},"end":{"line":114,"column":null}},"24":{"start":{"line":121,"column":2},"end":{"line":121,"column":null}}},"fnMap":{"0":{"name":"(anonymous_0)","decl":{"start":{"line":16,"column":2},"end":{"line":16,"column":14}},"loc":{"start":{"line":16,"column":81},"end":{"line":23,"column":null}},"line":16},"1":{"name":"(anonymous_1)","decl":{"start":{"line":31,"column":2},"end":{"line":31,"column":14}},"loc":{"start":{"line":31,"column":76},"end":{"line":35,"column":null}},"line":31},"2":{"name":"(anonymous_2)","decl":{"start":{"line":43,"column":2},"end":{"line":43,"column":14}},"loc":{"start":{"line":43,"column":71},"end":{"line":47,"column":null}},"line":43},"3":{"name":"(anonymous_3)","decl":{"start":{"line":55,"column":2},"end":{"line":55,"column":14}},"loc":{"start":{"line":55,"column":72},"end":{"line":59,"column":null}},"line":55},"4":{"name":"(anonymous_4)","decl":{"start":{"line":67,"column":2},"end":{"line":67,"column":14}},"loc":{"start":{"line":67,"column":73},"end":{"line":71,"column":null}},"line":67},"5":{"name":"(anonymous_5)","decl":{"start":{"line":79,"column":2},"end":{"line":79,"column":14}},"loc":{"start":{"line":79,"column":74},"end":{"line":83,"column":null}},"line":79},"6":{"name":"isApiError","decl":{"start":{"line":99,"column":16},"end":{"line":99,"column":27}},"loc":{"start":{"line":99,"column":62},"end":{"line":101,"column":null}},"line":99},"7":{"name":"isAuthenticationError","decl":{"start":{"line":106,"column":16},"end":{"line":106,"column":38}},"loc":{"start":{"line":106,"column":84},"end":{"line":108,"column":null}},"line":106},"8":{"name":"isValidationError","decl":{"start":{"line":113,"column":16},"end":{"line":113,"column":34}},"loc":{"start":{"line":113,"column":76},"end":{"line":115,"column":null}},"line":113},"9":{"name":"isNotFoundError","decl":{"start":{"line":120,"column":16},"end":{"line":120,"column":32}},"loc":{"start":{"line":120,"column":72},"end":{"line":122,"column":null}},"line":120}},"branchMap":{"0":{"loc":{"start":{"line":21,"column":18},"end":{"line":21,"column":null}},"type":"binary-expr","locations":[{"start":{"line":21,"column":18},"end":{"line":21,"column":28}},{"start":{"line":21,"column":28},"end":{"line":21,"column":null}}],"line":21},"1":{"loc":{"start":{"line":31,"column":14},"end":{"line":31,"column":57}},"type":"default-arg","locations":[{"start":{"line":31,"column":32},"end":{"line":31,"column":57}}],"line":31},"2":{"loc":{"start":{"line":43,"column":14},"end":{"line":43,"column":52}},"type":"default-arg","locations":[{"start":{"line":43,"column":32},"end":{"line":43,"column":52}}],"line":43},"3":{"loc":{"start":{"line":55,"column":14},"end":{"line":55,"column":53}},"type":"default-arg","locations":[{"start":{"line":55,"column":32},"end":{"line":55,"column":53}}],"line":55},"4":{"loc":{"start":{"line":67,"column":14},"end":{"line":67,"column":54}},"type":"default-arg","locations":[{"start":{"line":67,"column":32},"end":{"line":67,"column":54}}],"line":67},"5":{"loc":{"start":{"line":79,"column":14},"end":{"line":79,"column":55}},"type":"default-arg","locations":[{"start":{"line":79,"column":32},"end":{"line":79,"column":55}}],"line":79},"6":{"loc":{"start":{"line":114,"column":9},"end":{"line":114,"column":null}},"type":"binary-expr","locations":[{"start":{"line":114,"column":9},"end":{"line":114,"column":38}},{"start":{"line":114,"column":38},"end":{"line":114,"column":null}}],"line":114},"7":{"loc":{"start":{"line":121,"column":9},"end":{"line":121,"column":null}},"type":"binary-expr","locations":[{"start":{"line":121,"column":9},"end":{"line":121,"column":38}},{"start":{"line":121,"column":38},"end":{"line":121,"column":null}}],"line":121}},"s":{"0":49,"1":49,"2":49,"3":49,"4":49,"5":49,"6":27,"7":27,"8":27,"9":1,"10":1,"11":1,"12":6,"13":6,"14":6,"15":5,"16":5,"17":5,"18":1,"19":1,"20":1,"21":8,"22":3,"23":3,"24":3},"f":{"0":49,"1":27,"2":1,"3":6,"4":5,"5":1,"6":8,"7":3,"8":3,"9":3},"b":{"0":[49,2],"1":[27],"2":[1],"3":[6],"4":[5],"5":[1],"6":[3,2],"7":[3,2]},"meta":{"lastBranch":8,"lastFunction":10,"lastStatement":25,"seen":{"f:16:2:16:14":0,"s:17:4:17:Infinity":0,"s:18:4:18:Infinity":1,"s:19:4:19:Infinity":2,"s:20:4:20:Infinity":3,"s:21:4:21:Infinity":4,"b:21:18:21:28:21:28:21:Infinity":0,"s:22:4:22:Infinity":5,"f:31:2:31:14":1,"b:31:32:31:57":1,"s:32:4:32:Infinity":6,"s:33:4:33:Infinity":7,"s:34:4:34:Infinity":8,"f:43:2:43:14":2,"b:43:32:43:52":2,"s:44:4:44:Infinity":9,"s:45:4:45:Infinity":10,"s:46:4:46:Infinity":11,"f:55:2:55:14":3,"b:55:32:55:53":3,"s:56:4:56:Infinity":12,"s:57:4:57:Infinity":13,"s:58:4:58:Infinity":14,"f:67:2:67:14":4,"b:67:32:67:54":4,"s:68:4:68:Infinity":15,"s:69:4:69:Infinity":16,"s:70:4:70:Infinity":17,"f:79:2:79:14":5,"b:79:32:79:55":5,"s:80:4:80:Infinity":18,"s:81:4:81:Infinity":19,"s:82:4:82:Infinity":20,"f:99:16:99:27":6,"s:100:2:100:Infinity":21,"f:106:16:106:38":7,"s:107:2:107:Infinity":22,"f:113:16:113:34":8,"s:114:2:114:Infinity":23,"b:114:9:114:38:114:38:114:Infinity":6,"f:120:16:120:32":9,"s:121:2:121:Infinity":24,"b:121:9:121:38:121:38:121:Infinity":7}}}
,"/home/runner/work/node-pulse/node-pulse/frontend/src/api/export.ts": {"path":"/home/runner/work/node-pulse/node-pulse/frontend/src/api/export.ts","statementMap":{"0":{"start":{"line":51,"column":17},"end":{"line":51,"column":null}},"1":{"start":{"line":54,"column":2},"end":{"line":54,"column":null}},"2":{"start":{"line":54,"column":35},"end":{"line":54,"column":64}},"3":{"start":{"line":57,"column":2},"end":{"line":57,"column":null}},"4":{"start":{"line":58,"column":2},"end":{"line":58,"column":null}},"5":{"start":{"line":61,"column":2},"end":{"line":61,"column":null}},"6":{"start":{"line":61,"column":33},"end":{"line":61,"column":60}},"7":{"start":{"line":64,"column":2},"end":{"line":64,"column":null}},"8":{"start":{"line":66,"column":2},"end":{"line":68,"column":null}},"9":{"start":{"line":96,"column":2},"end":{"line":96,"column":null}},"10":{"start":{"line":124,"column":14},"end":{"line":124,"column":null}},"11":{"start":{"line":126,"column":19},"end":{"line":132,"column":null}},"12":{"start":{"line":134,"column":2},"end":{"line":150,"column":null}},"13":{"start":{"line":136,"column":23},"end":{"line":136,"column":null}},"14":{"start":{"line":138,"column":4},"end":{"line":147,"column":null}},"15":{"start":{"line":139,"column":24},"end":{"line":139,"column":null}},"16":{"start":{"line":140,"column":6},"end":{"line":143,"column":null}},"17":{"start":{"line":146,"column":6},"end":{"line":146,"column":null}},"18":{"start":{"line":149,"column":4},"end":{"line":149,"column":null}},"19":{"start":{"line":152,"column":2},"end":{"line":152,"column":null}}},"fnMap":{"0":{"name":"createExport","decl":{"start":{"line":48,"column":22},"end":{"line":48,"column":null}},"loc":{"start":{"line":50,"column":33},"end":{"line":69,"column":null}},"line":50},"1":{"name":"(anonymous_1)","decl":{"start":{"line":54,"column":27},"end":{"line":54,"column":28}},"loc":{"start":{"line":54,"column":35},"end":{"line":54,"column":64}},"line":54},"2":{"name":"(anonymous_2)","decl":{"start":{"line":61,"column":26},"end":{"line":61,"column":27}},"loc":{"start":{"line":61,"column":33},"end":{"line":61,"column":60}},"line":61},"3":{"name":"getExportStatus","decl":{"start":{"line":93,"column":22},"end":{"line":93,"column":null}},"loc":{"start":{"line":95,"column":36},"end":{"line":97,"column":null}},"line":95},"4":{"name":"downloadExport","decl":{"start":{"line":123,"column":22},"end":{"line":123,"column":37}},"loc":{"start":{"line":123,"column":70},"end":{"line":153,"column":null}},"line":123}},"branchMap":{"0":{"loc":{"start":{"line":64,"column":26},"end":{"line":64,"column":49}},"type":"binary-expr","locations":[{"start":{"line":64,"column":26},"end":{"line":64,"column":44}},{"start":{"line":64,"column":44},"end":{"line":64,"column":49}}],"line":64},"1":{"loc":{"start":{"line":134,"column":2},"end":{"line":150,"column":null}},"type":"if","locations":[{"start":{"line":134,"column":2},"end":{"line":150,"column":null}},{"start":{},"end":{}}],"line":134},"2":{"loc":{"start":{"line":141,"column":8},"end":{"line":143,"column":null}},"type":"cond-expr","locations":[{"start":{"line":142,"column":12},"end":{"line":142,"column":null}},{"start":{"line":143,"column":12},"end":{"line":143,"column":null}}],"line":141},"3":{"loc":{"start":{"line":141,"column":8},"end":{"line":141,"column":null}},"type":"binary-expr","locations":[{"start":{"line":141,"column":8},"end":{"line":141,"column":41}},{"start":{"line":141,"column":41},"end":{"line":141,"column":null}}],"line":141},"4":{"loc":{"start":{"line":146,"column":21},"end":{"line":146,"column":null}},"type":"binary-expr","locations":[{"start":{"line":146,"column":21},"end":{"line":146,"column":44}},{"start":{"line":146,"column":44},"end":{"line":146,"column":null}}],"line":146}},"s":{"0":4,"1":4,"2":7,"3":4,"4":4,"5":4,"6":7,"7":4,"8":4,"9":2,"10":3,"11":3,"12":3,"13":2,"14":2,"15":2,"16":1,"17":1,"18":2,"19":1},"f":{"0":4,"1":7,"2":7,"3":2,"4":3},"b":{"0":[4,3],"1":[2,1],"2":[1,0],"3":[1,1],"4":[1,0]},"meta":{"lastBranch":5,"lastFunction":5,"lastStatement":20,"seen":{"f:48:22:48:Infinity":0,"s:51:17:51:Infinity":0,"s:54:2:54:Infinity":1,"f:54:27:54:28":1,"s:54:35:54:64":2,"s:57:2:57:Infinity":3,"s:58:2:58:Infinity":4,"s:61:2:61:Infinity":5,"f:61:26:61:27":2,"s:61:33:61:60":6,"s:64:2:64:Infinity":7,"b:64:26:64:44:64:44:64:49":0,"s:66:2:68:Infinity":8,"f:93:22:93:Infinity":3,"s:96:2:96:Infinity":9,"f:123:22:123:37":4,"s:124:14:124:Infinity":10,"s:126:19:132:Infinity":11,"b:134:2:150:Infinity:undefined:undefined:undefined:undefined":1,"s:134:2:150:Infinity":12,"s:136:23:136:Infinity":13,"s:138:4:147:Infinity":14,"s:139:24:139:Infinity":15,"s:140:6:143:Infinity":16,"b:142:12:142:Infinity:143:12:143:Infinity":2,"b:141:8:141:41:141:41:141:Infinity":3,"s:146:6:146:Infinity":17,"b:146:21:146:44:146:44:146:Infinity":4,"s:149:4:149:Infinity":18,"s:152:2:152:Infinity":19}}}
,"/home/runner/work/node-pulse/node-pulse/frontend/src/api/index.ts": {"path":"/home/runner/work/node-pulse/node-pulse/frontend/src/api/index.ts","statementMap":{},"fnMap":{},"branchMap":{},"s":{},"f":{},"b":{},"meta":{"lastBranch":0,"lastFunction":0,"lastStatement":0,"seen":{}}}
,"/home/runner/work/node-pulse/node-pulse/frontend/src/api/nodes.ts": {"path":"/home/runner/work/node-pulse/node-pulse/frontend/src/api/nodes.ts","statementMap":{"0":{"start":{"line":30,"column":2},"end":{"line":30,"column":null}},"1":{"start":{"line":46,"column":2},"end":{"line":46,"column":null}},"2":{"start":{"line":68,"column":2},"end":{"line":71,"column":null}},"3":{"start":{"line":94,"column":2},"end":{"line":97,"column":null}},"4":{"start":{"line":115,"column":2},"end":{"line":117,"column":null}},"5":{"start":{"line":136,"column":2},"end":{"line":138,"column":null}}},"fnMap":{"0":{"name":"fetchNodes","decl":{"start":{"line":29,"column":22},"end":{"line":29,"column":76}},"loc":{"start":{"line":29,"column":76},"end":{"line":31,"column":null}},"line":29},"1":{"name":"fetchNode","decl":{"start":{"line":45,"column":22},"end":{"line":45,"column":32}},"loc":{"start":{"line":45,"column":72},"end":{"line":47,"column":null}},"line":45},"2":{"name":"createNode","decl":{"start":{"line":65,"column":22},"end":{"line":65,"column":null}},"loc":{"start":{"line":67,"column":30},"end":{"line":72,"column":null}},"line":67},"3":{"name":"updateNode","decl":{"start":{"line":90,"column":22},"end":{"line":90,"column":null}},"loc":{"start":{"line":93,"column":30},"end":{"line":98,"column":null}},"line":93},"4":{"name":"deleteNode","decl":{"start":{"line":112,"column":22},"end":{"line":112,"column":null}},"loc":{"start":{"line":114,"column":32},"end":{"line":118,"column":null}},"line":114},"5":{"name":"fetchNodeStatus","decl":{"start":{"line":133,"column":22},"end":{"line":133,"column":null}},"loc":{"start":{"line":135,"column":65},"end":{"line":139,"column":null}},"line":135}},"branchMap":{},"s":{"0":2,"1":0,"2":2,"3":2,"4":1,"5":1},"f":{"0":2,"1":0,"2":2,"3":2,"4":1,"5":1},"b":{},"meta":{"lastBranch":0,"lastFunction":6,"lastStatement":6,"seen":{"f:29:22:29:76":0,"s:30:2:30:Infinity":0,"f:45:22:45:32":1,"s:46:2:46:Infinity":1,"f:65:22:65:Infinity":2,"s:68:2:71:Infinity":2,"f:90:22:90:Infinity":3,"s:94:2:97:Infinity":3,"f:112:22:112:Infinity":4,"s:115:2:117:Infinity":4,"f:133:22:133:Infinity":5,"s:136:2:138:Infinity":5}}}
,"/home/runner/work/node-pulse/node-pulse/frontend/src/api/sessions.ts": {"path":"/home/runner/work/node-pulse/node-pulse/frontend/src/api/sessions.ts","statementMap":{"0":{"start":{"line":27,"column":2},"end":{"line":29,"column":null}},"1":{"start":{"line":49,"column":2},"end":{"line":51,"column":null}},"2":{"start":{"line":69,"column":2},"end":{"line":71,"column":null}}},"fnMap":{"0":{"name":"getSessions","decl":{"start":{"line":26,"column":22},"end":{"line":26,"column":66}},"loc":{"start":{"line":26,"column":66},"end":{"line":30,"column":null}},"line":26},"1":{"name":"deleteSession","decl":{"start":{"line":48,"column":22},"end":{"line":48,"column":36}},"loc":{"start":{"line":48,"column":70},"end":{"line":52,"column":null}},"line":48},"2":{"name":"getSessionInfo","decl":{"start":{"line":68,"column":22},"end":{"line":68,"column":69}},"loc":{"start":{"line":68,"column":69},"end":{"line":72,"column":null}},"line":68}},"branchMap":{},"s":{"0":2,"1":3,"2":2},"f":{"0":2,"1":3,"2":2},"b":{},"meta":{"lastBranch":0,"lastFunction":3,"lastStatement":3,"seen":{"f:26:22:26:66":0,"s:27:2:29:Infinity":0,"f:48:22:48:36":1,"s:49:2:51:Infinity":1,"f:68:22:68:69":2,"s:69:2:71:Infinity":2}}}
,"/home/runner/work/node-pulse/node-pulse/frontend/src/api/types.ts": {"path":"/home/runner/work/node-pulse/node-pulse/frontend/src/api/types.ts","statementMap":{},"fnMap":{},"branchMap":{},"s":{},"f":{},"b":{},"meta":{"lastBranch":0,"lastFunction":0,"lastStatement":0,"seen":{}}}
,"/home/runner/work/node-pulse/node-pulse/frontend/src/components/ToastNotification.tsx": {"path":"/home/runner/work/node-pulse/node-pulse/frontend/src/components/ToastNotification.tsx","statementMap":{"0":{"start":{"line":13,"column":20},"end":{"line":18,"column":null}},"1":{"start":{"line":21,"column":2},"end":{"line":27,"column":null}},"2":{"start":{"line":22,"column":18},"end":{"line":24,"column":null}},"3":{"start":{"line":23,"column":6},"end":{"line":23,"column":null}},"4":{"start":{"line":26,"column":4},"end":{"line":26,"column":null}},"5":{"start":{"line":26,"column":17},"end":{"line":26,"column":null}},"6":{"start":{"line":29,"column":2},"end":{"line":60,"column":null}},"7":{"start":{"line":41,"column":25},"end":{"line":41,"column":null}}},"fnMap":{"0":{"name":"ToastNotification","decl":{"start":{"line":20,"column":16},"end":{"line":20,"column":34}},"loc":{"start":{"line":20,"column":85},"end":{"line":62,"column":null}},"line":20},"1":{"name":"(anonymous_1)","decl":{"start":{"line":21,"column":12},"end":{"line":21,"column":18}},"loc":{"start":{"line":21,"column":18},"end":{"line":27,"column":5}},"line":21},"2":{"name":"(anonymous_2)","decl":{"start":{"line":22,"column":29},"end":{"line":22,"column":35}},"loc":{"start":{"line":22,"column":35},"end":{"line":24,"column":7}},"line":22},"3":{"name":"(anonymous_3)","decl":{"start":{"line":26,"column":11},"end":{"line":26,"column":17}},"loc":{"start":{"line":26,"column":17},"end":{"line":26,"column":null}},"line":26},"4":{"name":"(anonymous_4)","decl":{"start":{"line":41,"column":19},"end":{"line":41,"column":25}},"loc":{"start":{"line":41,"column":25},"end":{"line":41,"column":null}},"line":41}},"branchMap":{"0":{"loc":{"start":{"line":38,"column":11},"end":{"line":38,"column":null}},"type":"binary-expr","locations":[{"start":{"line":38,"column":11},"end":{"line":38,"column":22}},{"start":{"line":38,"column":22},"end":{"line":38,"column":null}}],"line":38}},"s":{"0":3,"1":8,"2":8,"3":1,"4":8,"5":8,"6":8,"7":1},"f":{"0":8,"1":8,"2":1,"3":8,"4":1},"b":{"0":[8,3]},"meta":{"lastBranch":1,"lastFunction":5,"lastStatement":8,"seen":{"s:13:20:18:Infinity":0,"f:20:16:20:34":0,"s:21:2:27:Infinity":1,"f:21:12:21:18":1,"s:22:18:24:Infinity":2,"f:22:29:22:35":2,"s:23:6:23:Infinity":3,"s:26:4:26:Infinity":4,"f:26:11:26:17":3,"s:26:17:26:Infinity":5,"s:29:2:60:Infinity":6,"b:38:11:38:22:38:22:38:Infinity":0,"f:41:19:41:25":4,"s:41:25:41:Infinity":7}}}
,"/home/runner/work/node-pulse/node-pulse/frontend/src/components/alerts/AlertRecordDetailModal.tsx": {"path":"/home/runner/work/node-pulse/node-pulse/frontend/src/components/alerts/AlertRecordDetailModal.tsx","statementMap":{"0":{"start":{"line":21,"column":8},"end":{"line":21,"column":null}},"1":{"start":{"line":22,"column":34},"end":{"line":22,"column":null}},"2":{"start":{"line":23,"column":24},"end":{"line":23,"column":null}},"3":{"start":{"line":26,"column":15},"end":{"line":26,"column":null}},"4":{"start":{"line":26,"column":33},"end":{"line":26,"column":56}},"5":{"start":{"line":29,"column":31},"end":{"line":40,"column":null}},"6":{"start":{"line":30,"column":4},"end":{"line":39,"column":null}},"7":{"start":{"line":32,"column":8},"end":{"line":32,"column":null}},"8":{"start":{"line":34,"column":8},"end":{"line":34,"column":null}},"9":{"start":{"line":36,"column":8},"end":{"line":36,"column":null}},"10":{"start":{"line":38,"column":8},"end":{"line":38,"column":null}},"11":{"start":{"line":43,"column":30},"end":{"line":54,"column":null}},"12":{"start":{"line":44,"column":4},"end":{"line":53,"column":null}},"13":{"start":{"line":46,"column":8},"end":{"line":46,"column":null}},"14":{"start":{"line":48,"column":8},"end":{"line":48,"column":null}},"15":{"start":{"line":50,"column":8},"end":{"line":50,"column":null}},"16":{"start":{"line":52,"column":8},"end":{"line":52,"column":null}},"17":{"start":{"line":57,"column":29},"end":{"line":68,"column":null}},"18":{"start":{"line":58,"column":4},"end":{"line":67,"column":null}},"19":{"start":{"line":60,"column":8},"end":{"line":60,"column":null}},"20":{"start":{"line":62,"column":8},"end":{"line":62,"column":null}},"21":{"start":{"line":64,"column":8},"end":{"line":64,"column":null}},"22":{"start":{"line":66,"column":8},"end":{"line":66,"column":null}},"23":{"start":{"line":71,"column":31},"end":{"line":82,"column":null}},"24":{"start":{"line":72,"column":4},"end":{"line":81,"column":null}},"25":{"start":{"line":74,"column":8},"end":{"line":74,"column":null}},"26":{"start":{"line":76,"column":8},"end":{"line":76,"column":null}},"27":{"start":{"line":78,"column":8},"end":{"line":78,"column":null}},"28":{"start":{"line":80,"column":8},"end":{"line":80,"column":null}},"29":{"start":{"line":85,"column":26},"end":{"line":95,"column":null}},"30":{"start":{"line":86,"column":17},"end":{"line":86,"column":null}},"31":{"start":{"line":87,"column":4},"end":{"line":94,"column":null}},"32":{"start":{"line":97,"column":29},"end":{"line":108,"column":null}},"33":{"start":{"line":98,"column":4},"end":{"line":98,"column":null}},"34":{"start":{"line":99,"column":4},"end":{"line":99,"column":null}},"35":{"start":{"line":100,"column":4},"end":{"line":107,"column":null}},"36":{"start":{"line":101,"column":6},"end":{"line":101,"column":null}},"37":{"start":{"line":102,"column":6},"end":{"line":102,"column":null}},"38":{"start":{"line":104,"column":6},"end":{"line":104,"column":null}},"39":{"start":{"line":106,"column":6},"end":{"line":106,"column":null}},"40":{"start":{"line":110,"column":32},"end":{"line":113,"column":null}},"41":{"start":{"line":111,"column":4},"end":{"line":111,"column":null}},"42":{"start":{"line":112,"column":4},"end":{"line":112,"column":null}},"43":{"start":{"line":115,"column":2},"end":{"line":249,"column":null}},"44":{"start":{"line":122,"column":24},"end":{"line":122,"column":null}},"45":{"start":{"line":218,"column":35},"end":{"line":218,"column":null}},"46":{"start":{"line":227,"column":33},"end":{"line":227,"column":null}}},"fnMap":{"0":{"name":"AlertRecordDetailModal","decl":{"start":{"line":14,"column":16},"end":{"line":14,"column":39}},"loc":{"start":{"line":20,"column":32},"end":{"line":251,"column":null}},"line":20},"1":{"name":"(anonymous_1)","decl":{"start":{"line":26,"column":26},"end":{"line":26,"column":27}},"loc":{"start":{"line":26,"column":33},"end":{"line":26,"column":56}},"line":26},"2":{"name":"(anonymous_2)","decl":{"start":{"line":29,"column":31},"end":{"line":29,"column":32}},"loc":{"start":{"line":29,"column":51},"end":{"line":40,"column":null}},"line":29},"3":{"name":"(anonymous_3)","decl":{"start":{"line":43,"column":30},"end":{"line":43,"column":31}},"loc":{"start":{"line":43,"column":50},"end":{"line":54,"column":null}},"line":43},"4":{"name":"(anonymous_4)","decl":{"start":{"line":57,"column":29},"end":{"line":57,"column":30}},"loc":{"start":{"line":57,"column":48},"end":{"line":68,"column":null}},"line":57},"5":{"name":"(anonymous_5)","decl":{"start":{"line":71,"column":31},"end":{"line":71,"column":32}},"loc":{"start":{"line":71,"column":51},"end":{"line":82,"column":null}},"line":71},"6":{"name":"(anonymous_6)","decl":{"start":{"line":85,"column":26},"end":{"line":85,"column":27}},"loc":{"start":{"line":85,"column":49},"end":{"line":95,"column":null}},"line":85},"7":{"name":"(anonymous_7)","decl":{"start":{"line":97,"column":29},"end":{"line":97,"column":36}},"loc":{"start":{"line":97,"column":69},"end":{"line":108,"column":null}},"line":97},"8":{"name":"(anonymous_8)","decl":{"start":{"line":110,"column":32},"end":{"line":110,"column":38}},"loc":{"start":{"line":110,"column":38},"end":{"line":113,"column":null}},"line":110},"9":{"name":"(anonymous_9)","decl":{"start":{"line":122,"column":17},"end":{"line":122,"column":18}},"loc":{"start":{"line":122,"column":24},"end":{"line":122,"column":null}},"line":122},"1
[...]
l}},"27":{"start":{"line":157,"column":4},"end":{"line":159,"column":null}},"28":{"start":{"line":158,"column":6},"end":{"line":158,"column":null}},"29":{"start":{"line":162,"column":2},"end":{"line":162,"column":null}},"30":{"start":{"line":169,"column":23},"end":{"line":169,"column":null}},"31":{"start":{"line":170,"column":2},"end":{"line":170,"column":null}},"32":{"start":{"line":171,"column":2},"end":{"line":171,"column":null}}},"fnMap":{"0":{"name":"(anonymous_0)","decl":{"start":{"line":81,"column":4},"end":{"line":81,"column":5}},"loc":{"start":{"line":81,"column":14},"end":{"line":107,"column":null}},"line":81},"1":{"name":"(anonymous_1)","decl":{"start":{"line":84,"column":19},"end":{"line":84,"column":20}},"loc":{"start":{"line":84,"column":41},"end":{"line":88,"column":null}},"line":84},"2":{"name":"(anonymous_2)","decl":{"start":{"line":90,"column":16},"end":{"line":90,"column":17}},"loc":{"start":{"line":90,"column":38},"end":{"line":93,"column":null}},"line":90},"3":{"name":"(anonymous_3)","decl":{"start":{"line":95,"column":19},"end":{"line":95,"column":20}},"loc":{"start":{"line":95,"column":41},"end":{"line":97,"column":null}},"line":95},"4":{"name":"(anonymous_4)","decl":{"start":{"line":99,"column":30},"end":{"line":99,"column":31}},"loc":{"start":{"line":99,"column":76},"end":{"line":101,"column":null}},"line":99},"5":{"name":"(anonymous_5)","decl":{"start":{"line":103,"column":21},"end":{"line":103,"column":27}},"loc":{"start":{"line":103,"column":27},"end":{"line":106,"column":null}},"line":103},"6":{"name":"(anonymous_6)","decl":{"start":{"line":110,"column":18},"end":{"line":110,"column":19}},"loc":{"start":{"line":110,"column":30},"end":{"line":115,"column":null}},"line":110},"7":{"name":"applyTheme","decl":{"start":{"line":125,"column":16},"end":{"line":125,"column":27}},"loc":{"start":{"line":125,"column":51},"end":{"line":134,"column":null}},"line":125},"8":{"name":"getEffectiveTheme","decl":{"start":{"line":139,"column":16},"end":{"line":139,"column":34}},"loc":{"start":{"line":139,"column":70},"end":{"line":144,"column":null}},"line":139},"9":{"name":"initializeTheme","decl":{"start":{"line":149,"column":16},"end":{"line":149,"column":40}},"loc":{"start":{"line":149,"column":40},"end":{"line":163,"column":null}},"line":149},"10":{"name":"(anonymous_10)","decl":{"start":{"line":155,"column":23},"end":{"line":155,"column":29}},"loc":{"start":{"line":155,"column":29},"end":{"line":160,"column":null}},"line":155},"11":{"name":"initializeLanguage","decl":{"start":{"line":168,"column":16},"end":{"line":168,"column":43}},"loc":{"start":{"line":168,"column":43},"end":{"line":172,"column":null}},"line":168}},"branchMap":{"0":{"loc":{"start":{"line":71,"column":12},"end":{"line":71,"column":null}},"type":"cond-expr","locations":[{"start":{"line":71,"column":50},"end":{"line":71,"column":60}},{"start":{"line":71,"column":60},"end":{"line":71,"column":null}}],"line":71},"1":{"loc":{"start":{"line":73,"column":12},"end":{"line":73,"column":null}},"type":"binary-expr","locations":[{"start":{"line":73,"column":12},"end":{"line":73,"column":64}},{"start":{"line":73,"column":64},"end":{"line":73,"column":null}}],"line":73},"2":{"loc":{"start":{"line":128,"column":2},"end":{"line":133,"column":null}},"type":"if","locations":[{"start":{"line":128,"column":2},"end":{"line":133,"column":null}},{"start":{"line":131,"column":9},"end":{"line":133,"column":null}}],"line":128},"3":{"loc":{"start":{"line":140,"column":2},"end":{"line":142,"column":null}},"type":"if","locations":[{"start":{"line":140,"column":2},"end":{"line":142,"column":null}},{"start":{},"end":{}}],"line":140},"4":{"loc":{"start":{"line":141,"column":11},"end":{"line":141,"column":null}},"type":"cond-expr","locations":[{"start":{"line":141,"column":71},"end":{"line":141,"column":80}},{"start":{"line":141,"column":80},"end":{"line":141,"column":null}}],"line":141},"5":{"loc":{"start":{"line":157,"column":4},"end":{"line":159,"column":null}},"type":"if","locations":[{"start":{"line":157,"column":4},"end":{"line":159,"column":null}},{"start":{},"end":{}}],"line":157}},"s":{"0":4,"1":4,"2":4,"3":4,"4":0,"5":0,"6":0,"7":0,"8":0,"9":0,"10":0,"11":0,"12":0,"13":0,"14":35,"15":35,"16":35,"17":35,"18":0,"19":41,"20":41,"21":0,"22":0,"23":0,"24":0,"25":0,"26":0,"27":0,"28":0,"29":0,"30":0,"31":0,"32":0},"f":{"0":4,"1":0,"2":0,"3":0,"4":0,"5":0,"6":0,"7":35,"8":41,"9":0,"10":0,"11":0},"b":{"0":[0,4],"1":[4,0],"2":[35,0],"3":[41,0],"4":[0,41],"5":[0,0]},"meta":{"lastBranch":6,"lastFunction":12,"lastStatement":33,"seen":{"s:43:50:68:Infinity":0,"s:70:40:75:Infinity":1,"b:71:50:71:60:71:60:71:Infinity":0,"b:73:12:73:64:73:64:73:Infinity":1,"s:79:13:118:Infinity":2,"f:81:4:81:5":0,"s:81:14:107:Infinity":3,"f:84:19:84:20":1,"s:85:8:85:Infinity":4,"s:86:8:86:Infinity":5,"s:87:8:87:Infinity":6,"f:90:16:90:17":2,"s:91:8:91:Infinity":7,"s:92:8:92:Infinity":8,"f:95:19:95:20":3,"s:96:8:96:Infinity":9,"f:99:30:99:31":4,"s:100:8:100:Infinity":10,"f:103:21:103:27":5,"s:104:8:104:Infinity":11,"s:105:8:105:Infinity":12,"f:110:18:110:19":6,"s:110:30:115:Infinity":13,"f:125:16:125:27":7,"s:126:15:126:Infinity":14,"b:128:2:133:Infinity:131:9:133:Infinity":2,"s:128:2:133:Infinity":15,"s:129:24:129:Infinity":16,"s:130:4:130:Infinity":17,"s:132:4:132:Infinity":18,"f:139:16:139:34":8,"b:140:2:142:Infinity:undefined:undefined:undefined:undefined":3,"s:140:2:142:Infinity":19,"s:141:4:141:Infinity":20,"b:141:71:141:80:141:80:141:Infinity":4,"s:143:2:143:Infinity":21,"f:149:16:149:40":9,"s:150:20:150:Infinity":22,"s:151:2:151:Infinity":23,"s:154:21:154:Infinity":24,"s:155:23:160:Infinity":25,"f:155:23:155:29":10,"s:156:25:156:Infinity":26,"b:157:4:159:Infinity:undefined:undefined:undefined:undefined":5,"s:157:4:159:Infinity":27,"s:158:6:158:Infinity":28,"s:162:2:162:Infinity":29,"f:168:16:168:43":11,"s:169:23:169:Infinity":30,"s:170:2:170:Infinity":31,"s:171:2:171:Infinity":32}}}
,"/home/runner/work/node-pulse/node-pulse/frontend/src/utils/deepEqual.ts": {"path":"/home/runner/work/node-pulse/node-pulse/frontend/src/utils/deepEqual.ts","statementMap":{"0":{"start":{"line":11,"column":2},"end":{"line":11,"column":null}},"1":{"start":{"line":11,"column":15},"end":{"line":11,"column":null}},"2":{"start":{"line":14,"column":2},"end":{"line":14,"column":null}},"3":{"start":{"line":14,"column":30},"end":{"line":14,"column":null}},"4":{"start":{"line":17,"column":2},"end":{"line":17,"column":null}},"5":{"start":{"line":17,"column":29},"end":{"line":17,"column":null}},"6":{"start":{"line":20,"column":2},"end":{"line":23,"column":null}},"7":{"start":{"line":21,"column":4},"end":{"line":21,"column":null}},"8":{"start":{"line":21,"column":31},"end":{"line":21,"column":null}},"9":{"start":{"line":22,"column":4},"end":{"line":22,"column":null}},"10":{"start":{"line":22,"column":36},"end":{"line":22,"column":61}},"11":{"start":{"line":26,"column":2},"end":{"line":35,"column":null}},"12":{"start":{"line":27,"column":20},"end":{"line":27,"column":null}},"13":{"start":{"line":28,"column":20},"end":{"line":28,"column":null}},"14":{"start":{"line":29,"column":18},"end":{"line":29,"column":null}},"15":{"start":{"line":30,"column":18},"end":{"line":30,"column":null}},"16":{"start":{"line":32,"column":4},"end":{"line":32,"column":null}},"17":{"start":{"line":32,"column":39},"end":{"line":32,"column":null}},"18":{"start":{"line":34,"column":4},"end":{"line":34,"column":null}},"19":{"start":{"line":34,"column":30},"end":{"line":34,"column":67}},"20":{"start":{"line":37,"column":2},"end":{"line":37,"column":null}},"21":{"start":{"line":48,"column":15},"end":{"line":48,"column":null}},"22":{"start":{"line":50,"column":2},"end":{"line":54,"column":null}},"23":{"start":{"line":51,"column":4},"end":{"line":53,"column":null}},"24":{"start":{"line":52,"column":6},"end":{"line":52,"column":null}},"25":{"start":{"line":56,"column":2},"end":{"line":56,"column":null}}},"fnMap":{"0":{"name":"deepEqual","decl":{"start":{"line":9,"column":16},"end":{"line":9,"column":26}},"loc":{"start":{"line":9,"column":59},"end":{"line":38,"column":null}},"line":9},"1":{"name":"(anonymous_1)","decl":{"start":{"line":22,"column":19},"end":{"line":22,"column":20}},"loc":{"start":{"line":22,"column":36},"end":{"line":22,"column":61}},"line":22},"2":{"name":"(anonymous_2)","decl":{"start":{"line":34,"column":23},"end":{"line":34,"column":30}},"loc":{"start":{"line":34,"column":30},"end":{"line":34,"column":67}},"line":34},"3":{"name":"memoCompare","decl":{"start":{"line":44,"column":16},"end":{"line":44,"column":null}},"loc":{"start":{"line":47,"column":11},"end":{"line":57,"column":null}},"line":47}},"branchMap":{"0":{"loc":{"start":{"line":11,"column":2},"end":{"line":11,"column":null}},"type":"if","locations":[{"start":{"line":11,"column":2},"end":{"line":11,"column":null}},{"start":{},"end":{}}],"line":11},"1":{"loc":{"start":{"line":14,"column":2},"end":{"line":14,"column":null}},"type":"if","locations":[{"start":{"line":14,"column":2},"end":{"line":14,"column":null}},{"start":{},"end":{}}],"line":14},"2":{"loc":{"start":{"line":14,"column":6},"end":{"line":14,"column":30}},"type":"binary-expr","locations":[{"start":{"line":14,"column":6},"end":{"line":14,"column":19}},{"start":{"line":14,"column":19},"end":{"line":14,"column":30}}],"line":14},"3":{"loc":{"start":{"line":17,"column":2},"end":{"line":17,"column":null}},"type":"if","locations":[{"start":{"line":17,"column":2},"end":{"line":17,"column":null}},{"start":{},"end":{}}],"line":17},"4":{"loc":{"start":{"line":20,"column":2},"end":{"line":23,"column":null}},"type":"if","locations":[{"start":{"line":20,"column":2},"end":{"line":23,"column":null}},{"start":{},"end":{}}],"line":20},"5":{"loc":{"start":{"line":20,"column":6},"end":{"line":20,"column":44}},"type":"binary-expr","locations":[{"start":{"line":20,"column":6},"end":{"line":20,"column":26}},{"start":{"line":20,"column":26},"end":{"line":20,"column":44}}],"line":20},"6":{"loc":{"start":{"line":21,"column":4},"end":{"line":21,"column":null}},"type":"if","locations":[{"start":{"line":21,"column":4},"end":{"line":21,"column":null}},{"start":{},"end":{}}],"line":21},"7":{"loc":{"start":{"line":26,"column":2},"end":{"line":35,"column":null}},"type":"if","locations":[{"start":{"line":26,"column":2},"end":{"line":35,"column":null}},{"start":{},"end":{}}],"line":26},"8":{"loc":{"start":{"line":26,"column":6},"end":{"line":26,"column":54}},"type":"binary-expr","locations":[{"start":{"line":26,"column":6},"end":{"line":26,"column":31}},{"start":{"line":26,"column":31},"end":{"line":26,"column":54}}],"line":26},"9":{"loc":{"start":{"line":32,"column":4},"end":{"line":32,"column":null}},"type":"if","locations":[{"start":{"line":32,"column":4},"end":{"line":32,"column":null}},{"start":{},"end":{}}],"line":32},"10":{"loc":{"start":{"line":51,"column":4},"end":{"line":53,"column":null}},"type":"if","locations":[{"start":{"line":51,"column":4},"end":{"line":53,"column":null}},{"start":{},"end":{}}],"line":51}},"s":{"0":57,"1":35,"2":22,"3":2,"4":20,"5":0,"6":20,"7":6,"8":0,"9":6,"10":7,"11":14,"12":11,"13":11,"14":11,"15":11,"16":11,"17":0,"18":11,"19":22,"20":3,"21":2,"22":2,"23":5,"24":1,"25":1},"f":{"0":57,"1":7,"2":22,"3":2},"b":{"0":[35,22],"1":[2,20],"2":[22,21],"3":[0,20],"4":[6,14],"5":[20,6],"6":[0,6],"7":[11,3],"8":[14,11],"9":[0,11],"10":[1,4]},"meta":{"lastBranch":11,"lastFunction":4,"lastStatement":26,"seen":{"f:9:16:9:26":0,"b:11:2:11:Infinity:undefined:undefined:undefined:undefined":0,"s:11:2:11:Infinity":0,"s:11:15:11:Infinity":1,"b:14:2:14:Infinity:undefined:undefined:undefined:undefined":1,"s:14:2:14:Infinity":2,"b:14:6:14:19:14:19:14:30":2,"s:14:30:14:Infinity":3,"b:17:2:17:Infinity:undefined:undefined:undefined:undefined":3,"s:17:2:17:Infinity":4,"s:17:29:17:Infinity":5,"b:20:2:23:Infinity:undefined:undefined:undefined:undefined":4,"s:20:2:23:Infinity":6,"b:20:6:20:26:20:26:20:44":5,"b:21:4:21:Infinity:undefined:undefined:undefined:undefined":6,"s:21:4:21:Infinity":7,"s:21:31:21:Infinity":8,"s:22:4:22:Infinity":9,"f:22:19:22:20":1,"s:22:36:22:61":10,"b:26:2:35:Infinity:undefined:undefined:undefined:undefined":7,"s:26:2:35:Infinity":11,"b:26:6:26:31:26:31:26:54":8,"s:27:20:27:Infinity":12,"s:28:20:28:Infinity":13,"s:29:18:29:Infinity":14,"s:30:18:30:Infinity":15,"b:32:4:32:Infinity:undefined:undefined:undefined:undefined":9,"s:32:4:32:Infinity":16,"s:32:39:32:Infinity":17,"s:34:4:34:Infinity":18,"f:34:23:34:30":2,"s:34:30:34:67":19,"s:37:2:37:Infinity":20,"f:44:16:44:Infinity":3,"s:48:15:48:Infinity":21,"s:50:2:54:Infinity":22,"b:51:4:53:Infinity:undefined:undefined:undefined:undefined":10,"s:51:4:53:Infinity":23,"s:52:6:52:Infinity":24,"s:56:2:56:Infinity":25}}}
,"/home/runner/work/node-pulse/node-pulse/frontend/src/utils/healthStatus.ts": {"path":"/home/runner/work/node-pulse/node-pulse/frontend/src/utils/healthStatus.ts","statementMap":{"0":{"start":{"line":26,"column":52},"end":{"line":30,"column":null}},"1":{"start":{"line":45,"column":2},"end":{"line":47,"column":null}},"2":{"start":{"line":46,"column":4},"end":{"line":46,"column":null}},"3":{"start":{"line":49,"column":24},"end":{"line":49,"column":null}},"4":{"start":{"line":50,"column":14},"end":{"line":50,"column":null}},"5":{"start":{"line":51,"column":27},"end":{"line":51,"column":null}},"6":{"start":{"line":53,"column":2},"end":{"line":53,"column":null}},"7":{"start":{"line":82,"column":2},"end":{"line":84,"column":null}},"8":{"start":{"line":83,"column":4},"end":{"line":83,"column":null}},"9":{"start":{"line":87,"column":18},"end":{"line":87,"column":null}},"10":{"start":{"line":88,"column":21},"end":{"line":88,"column":null}},"11":{"start":{"line":89,"column":17},"end":{"line":89,"column":null}},"12":{"start":{"line":92,"column":2},"end":{"line":94,"column":null}},"13":{"start":{"line":93,"column":4},"end":{"line":93,"column":null}},"14":{"start":{"line":97,"column":2},"end":{"line":103,"column":null}},"15":{"start":{"line":102,"column":4},"end":{"line":102,"column":null}},"16":{"start":{"line":106,"column":24},"end":{"line":106,"column":null}},"17":{"start":{"line":107,"column":14},"end":{"line":107,"column":null}},"18":{"start":{"line":108,"column":23},"end":{"line":108,"column":null}},"19":{"start":{"line":109,"column":34},"end":{"line":109,"column":null}},"20":{"start":{"line":111,"column":2},"end":{"line":113,"column":null}},"21":{"start":{"line":112,"column":4},"end":{"line":112,"column":null}},"22":{"start":{"line":116,"column":27},"end":{"line":116,"column":null}},"23":{"start":{"line":118,"column":2},"end":{"line":124,"column":null}},"24":{"start":{"line":123,"column":4},"end":{"line":123,"column":null}},"25":{"start":{"line":127,"column":2},"end":{"line":127,"column":null}}},"fnMap":{"0":{"name":"isNodeOffline","decl":{"start":{"line":44,"column":16},"end":{"line":44,"column":30}},"loc":{"start":{"line":44,"column":62},"end":{"line":54,"column":null}},"line":44},"1":{"name":"determineHealthStatus","decl":{"start":{"line":77,"column":16},"end":{"line":77,"column":null}},"loc":{"start":{"line":80,"column":16},"end":{"line":128,"column":null}},"line":80}},"branchMap":{"0":{"loc":{"start":{"line":45,"column":2},"end":{"line":47,"column":null}},"type":"if","locations":[{"start":{"line":45,"column":2},"end":{"line":47,"column":null}},{"start":{},"end":{}}],"line":45},"1":{"loc":{"start":{"line":45,"column":6},"end":{"line":45,"column":46}},"type":"binary-expr","locations":[{"start":{"line":45,"column":6},"end":{"line":45,"column":24}},{"start":{"line":45,"column":24},"end":{"line":45,"column":46}}],"line":45},"2":{"loc":{"start":{"line":79,"column":2},"end":{"line":79,"column":null}},"type":"default-arg","locations":[{"start":{"line":79,"column":33},"end":{"line":79,"column":null}}],"line":79},"3":{"loc":{"start":{"line":82,"column":2},"end":{"line":84,"column":null}},"type":"if","locations":[{"start":{"line":82,"column":2},"end":{"line":84,"column":null}},{"start":{},"end":{}}],"line":82},"4":{"loc":{"start":{"line":87,"column":18},"end":{"line":87,"column":null}},"type":"binary-expr","locations":[{"start":{"line":87,"column":18},"end":{"line":87,"column":40}},{"start":{"line":87,"column":40},"end":{"line":87,"column":null}}],"line":87},"5":{"loc":{"start":{"line":88,"column":21},"end":{"line":88,"column":null}},"type":"binary-expr","locations":[{"start":{"line":88,"column":21},"end":{"line":88,"column":49}},{"start":{"line":88,"column":49},"end":{"line":88,"column":null}}],"line":88},"6":{"loc":{"start":{"line":89,"column":17},"end":{"line":89,"column":null}},"type":"binary-expr","locations":[{"start":{"line":89,"column":17},"end":{"line":89,"column":38}},{"start":{"line":89,"column":38},"end":{"line":89,"column":null}}],"line":89},"7":{"loc":{"start":{"line":92,"column":2},"end":{"line":94,"column":null}},"type":"if","locations":[{"start":{"line":92,"column":2},"end":{"line":94,"column":null}},{"start":{},"end":{}}],"line":92},"8":{"loc":{"start":{"line":97,"column":2},"end":{"line":103,"column":null}},"type":"if","locations":[{"start":{"line":97,"column":2},"end":{"line":103,"column":null}},{"start":{},"end":{}}],"line":97},"9":{"loc":{"start":{"line":98,"column":4},"end":{"line":100,"column":null}},"type":"binary-expr","locations":[{"start":{"line":98,"column":4},"end":{"line":98,"column":null}},{"start":{"line":99,"column":4},"end":{"line":99,"column":null}},{"start":{"line":100,"column":4},"end":{"line":100,"column":null}}],"line":98},"10":{"loc":{"start":{"line":111,"column":2},"end":{"line":113,"column":null}},"type":"if","locations":[{"start":{"line":111,"column":2},"end":{"line":113,"column":null}},{"start":{},"end":{}}],"line":111},"11":{"loc":{"start":{"line":118,"column":2},"end":{"line":124,"column":null}},"type":"if","locations":[{"start":{"line":118,"column":2},"end":{"line":124,"column":null}},{"start":{},"end":{}}],"line":118},"12":{"loc":{"start":{"line":119,"column":4},"end":{"line":121,"column":null}},"type":"binary-expr","locations":[{"start":{"line":119,"column":4},"end":{"line":119,"column":null}},{"start":{"line":120,"column":4},"end":{"line":120,"column":null}},{"start":{"line":121,"column":4},"end":{"line":121,"column":null}}],"line":119}},"s":{"0":5,"1":97,"2":2,"3":95,"4":95,"5":95,"6":95,"7":93,"8":2,"9":91,"10":93,"11":93,"12":93,"13":2,"14":89,"15":38,"16":51,"17":51,"18":51,"19":51,"20":51,"21":1,"22":50,"23":50,"24":22,"25":28},"f":{"0":97,"1":93},"b":{"0":[2,95],"1":[97,95],"2":[93],"3":[2,91],"4":[91,1],"5":[93,1],"6":[93,1],"7":[2,91],"8":[38,51],"9":[89,53,52],"10":[1,50],"11":[22,28],"12":[50,30,29]},"meta":{"lastBranch":13,"lastFunction":2,"lastStatement":26,"seen":{"s:26:52:30:Infinity":0,"f:44:16:44:30":0,"b:45:2:47:Infinity:undefined:undefined:undefined:undefined":0,"s:45:2:47:Infinity":1,"b:45:6:45:24:45:24:45:46":1,"s:46:4:46:Infinity":2,"s:49:24:49:Infinity":3,"s:50:14:50:Infinity":4,"s:51:27:51:Infinity":5,"s:53:2:53:Infinity":6,"f:77:16:77:Infinity":1,"b:79:33:79:Infinity":2,"b:82:2:84:Infinity:undefined:undefined:undefined:undefined":3,"s:82:2:84:Infinity":7,"s:83:4:83:Infinity":8,"s:87:18:87:Infinity":9,"b:87:18:87:40:87:40:87:Infinity":4,"s:88:21:88:Infinity":10,"b:88:21:88:49:88:49:88:Infinity":5,"s:89:17:89:Infinity":11,"b:89:17:89:38:89:38:89:Infinity":6,"b:92:2:94:Infinity:undefined:undefined:undefined:undefined":7,"s:92:2:94:Infinity":12,"s:93:4:93:Infinity":13,"b:97:2:103:Infinity:undefined:undefined:undefined:undefined":8,"s:97:2:103:Infinity":14,"b:98:4:98:Infinity:99:4:99:Infinity:100:4:100:Infinity":9,"s:102:4:102:Infinity":15,"s:106:24:106:Infinity":16,"s:107:14:107:Infinity":17,"s:108:23:108:Infinity":18,"s:109:34:109:Infinity":19,"b:111:2:113:Infinity:undefined:undefined:undefined:undefined":10,"s:111:2:113:Infinity":20,"s:112:4:112:Infinity":21,"s:116:27:116:Infinity":22,"b:118:2:124:Infinity:undefined:undefined:undefined:undefined":11,"s:118:2:124:Infinity":23,"b:119:4:119:Infinity:120:4:120:Infinity:121:4:121:Infinity":12,"s:123:4:123:Infinity":24,"s:127:2:127:Infinity":25}}}
}
